[2020-04-20 20:30:04] prod.INFO: удалено из таблицы для бэкапа 2343 товаров у компании с id:56  
[2020-04-20 20:30:06] prod.INFO: состояние зафиксировано в таблице успешно 2343 товаров у компании :56  
[2020-04-20 20:30:06] prod.INFO: удалено из таблицы для бэкапа 3592 товаров у компании с id:64  
[2020-04-20 20:30:10] prod.INFO: состояние зафиксировано в таблице успешно 3592 товаров у компании :64  
[2020-04-20 20:30:10] prod.INFO: удалено из таблицы для бэкапа 135 товаров у компании с id:102  
[2020-04-20 20:30:10] prod.INFO: состояние зафиксировано в таблице успешно 135 товаров у компании :102  
[2020-04-20 20:30:11] prod.INFO: удалено из таблицы для бэкапа 1491 товаров у компании с id:128  
[2020-04-20 20:30:11] prod.INFO: состояние зафиксировано в таблице успешно 1491 товаров у компании :128  
[2020-04-20 20:30:11] prod.INFO: удалено из таблицы для бэкапа 708 товаров у компании с id:180  
[2020-04-20 20:30:12] prod.INFO: состояние зафиксировано в таблице успешно 708 товаров у компании :180  
[2020-04-20 20:30:12] prod.INFO: удалено из таблицы для бэкапа 443 товаров у компании с id:188  
[2020-04-20 20:30:12] prod.INFO: состояние зафиксировано в таблице успешно 443 товаров у компании :188  
[2020-04-20 20:30:12] prod.INFO: удалено из таблицы для бэкапа 1020 товаров у компании с id:201  
[2020-04-20 20:30:12] prod.INFO: состояние зафиксировано в таблице успешно 1020 товаров у компании :201  
[2020-04-20 20:30:12] prod.INFO: удалено из таблицы для бэкапа 797 товаров у компании с id:207  
[2020-04-20 20:30:13] prod.INFO: состояние зафиксировано в таблице успешно 797 товаров у компании :207  
[2020-04-20 20:30:13] prod.INFO: удалено из таблицы для бэкапа 6087 товаров у компании с id:211  
[2020-04-20 20:30:27] prod.INFO: состояние зафиксировано в таблице успешно 6087 товаров у компании :211  
[2020-04-20 20:30:27] prod.INFO: удалено из таблицы для бэкапа 943 товаров у компании с id:216  
[2020-04-20 20:30:28] prod.INFO: состояние зафиксировано в таблице успешно 943 товаров у компании :216  
[2020-04-20 20:30:28] prod.INFO: удалено из таблицы для бэкапа 3314 товаров у компании с id:218  
[2020-04-20 20:30:32] prod.INFO: состояние зафиксировано в таблице успешно 3314 товаров у компании :218  
[2020-04-20 20:30:33] prod.INFO: удалено из таблицы для бэкапа 3798 товаров у компании с id:222  
[2020-04-20 20:30:37] prod.INFO: состояние зафиксировано в таблице успешно 3798 товаров у компании :222  
[2020-04-20 20:30:37] prod.INFO: удалено из таблицы для бэкапа 283 товаров у компании с id:246  
[2020-04-20 20:30:37] prod.INFO: состояние зафиксировано в таблице успешно 283 товаров у компании :246  
[2020-04-20 21:10:03] prod.INFO: table maked success: count row:10 error:0  
[2020-04-20 21:20:15] prod.INFO: xml сформирован за:  0.034617900848389 секунд  
[2020-04-20 21:20:15] prod.INFO: id:246 Компания: Престиж обновилась за 12.585937976837 секунд  
[2020-04-20 21:30:31] prod.INFO: у компании с id : 222 Данные в файле не обновлялись после   
[2020-04-20 21:30:31] prod.INFO: id:222 Компания: Luxyart обновилась за 27.85095000267 секунд  
[2020-04-20 21:41:03] prod.INFO: id:218 Компания: Sport Nutrition Ukraine обновилась за 60.734033107758 секунд  
[2020-04-20 21:50:57] prod.INFO: id:216 Компания: garnitur.plus обновилась за 54.691929101944 секунд  
[2020-04-20 22:17:00] prod.INFO: xml сформирован за:  0.020954847335815 секунд  
[2020-04-20 22:17:00] prod.INFO: id:211 Компания: eLook обновилась за 1017.1648471355 секунд  
[2020-04-20 22:20:47] prod.INFO: xml сформирован за:  0.0098679065704346 секунд  
[2020-04-20 22:20:47] prod.INFO: id:207 Компания: BAGS COMPANY обновилась за 44.459713935852 секунд  
[2020-04-20 22:30:54] prod.INFO: id:201 Компания: Trend-Box обновилась за 50.456586122513 секунд  
[2020-04-20 22:40:19] prod.INFO: id:180 Компания: Planeta Hobby обновилась за 16.58674287796 секунд  
[2020-04-20 23:00:49] prod.INFO: xml сформирован за:  0.020372152328491 секунд  
[2020-04-20 23:00:49] prod.INFO: id:64 Компания: бленда-шоп обновилась за 641.99619793892 секунд  
[2020-04-20 23:11:32] prod.INFO: id:56 Компания: Скай Трейд обновилась за 89.805474042892 секунд  
[2020-04-20 23:20:03] prod.INFO: all companies  updated. This work cron  
[2020-04-20 23:30:07] prod.INFO: all companies  updated. This work cron  
[2020-04-20 23:40:02] prod.INFO: all companies  updated. This work cron  
[2020-04-20 23:50:02] prod.INFO: all companies  updated. This work cron  
