[2020-04-08 10:36:46] prod.ERROR: exception 'ErrorException' with message 'Undefined offset: 49' in /home/af313538/bigsales.pro/www/app/Http/Controllers/AdminOrderStatusController.php:1096
Stack trace:
#0 /home/af313538/bigsales.pro/www/app/Http/Controllers/AdminOrderStatusController.php(1096): Illuminate\Foundation\Bootstrap\HandleExceptions->handleError(8, 'Undefined offse...', '/home/af313538/...', 1096, Array)
#1 [internal function]: App\Http\Controllers\AdminOrderStatusController->checkStatusNow(Object(Illuminate\Http\Request), '14963', '386273107')
#2 /home/af313538/bigsales.pro/www/vendor/laravel/framework/src/Illuminate/Routing/Controller.php(55): call_user_func_array(Array, Array)
#3 /home/af313538/bigsales.pro/www/vendor/laravel/framework/src/Illuminate/Routing/ControllerDispatcher.php(44): Illuminate\Routing\Controller->callAction('checkStatusNow', Array)
#4 /home/af313538/bigsales.pro/www/vendor/laravel/framework/src/Illuminate/Routing/Route.php(204): Illuminate\Routing\ControllerDispatcher->dispatch(Object(Illuminate\Routing\Route), Object(App\Http\Controllers\AdminOrderStatusController), 'checkStatusNow')
#5 /home/af313538/bigsales.pro/www/vendor/laravel/framework/src/Illuminate/Routing/Route.php(160): Illuminate\Routing\Route->runController()
#6 /home/af313538/bigsales.pro/www/vendor/laravel/framework/src/Illuminate/Routing/Router.php(572): Illuminate\Routing\Route->run()
#7 /home/af313538/bigsales.pro/www/vendor/laravel/framework/src/Illuminate/Routing/Pipeline.php(30): Illuminate\Routing\Router->Illuminate\Routing\{closure}(Object(Illuminate\Http\Request))
#8 /home/af313538/bigsales.pro/www/app/Http/Middleware/Admin.php(24): Illuminate\Routing\Pipeline->Illuminate\Routing\{closure}(Object(Illuminate\Http\Request))
#9 /home/af313538/bigsales.pro/www/vendor/laravel/framework/src/Illuminate/Pipeline/Pipeline.php(148): App\Http\Middleware\Admin->handle(Object(Illuminate\Http\Request), Object(Closure))
#10 /home/af313538/bigsales.pro/www/vendor/laravel/framework/src/Illuminate/Routing/Pipeline.php(53): Illuminate\Pipeline\Pipeline->Illuminate\Pipeline\{closure}(Object(Illuminate\Http\Request))
#11 /home/af313538/bigsales.pro/www/app/Http/Middleware/UserActivity.php(26): Illuminate\Routing\Pipeline->Illuminate\Routing\{closure}(Object(Illuminate\Http\Request))
#12 /home/af313538/bigsales.pro/www/vendor/laravel/framework/src/Illuminate/Pipeline/Pipeline.php(148): App\Http\Middleware\UserActivity->handle(Object(Illuminate\Http\Request), Object(Closure))
#13 /home/af313538/bigsales.pro/www/vendor/laravel/framework/src/Illuminate/Routing/Pipeline.php(53): Illuminate\Pipeline\Pipeline->Illuminate\Pipeline\{closure}(Object(Illuminate\Http\Request))
#14 /home/af313538/bigsales.pro/www/vendor/laravel/framework/src/Illuminate/Routing/Middleware/SubstituteBindings.php(41): Illuminate\Routing\Pipeline->Illuminate\Routing\{closure}(Object(Illuminate\Http\Request))
#15 /home/af313538/bigsales.pro/www/vendor/laravel/framework/src/Illuminate/Pipeline/Pipeline.php(148): Illuminate\Routing\Middleware\SubstituteBindings->handle(Object(Illuminate\Http\Request), Object(Closure))
#16 /home/af313538/bigsales.pro/www/vendor/laravel/framework/src/Illuminate/Routing/Pipeline.php(53): Illuminate\Pipeline\Pipeline->Illuminate\Pipeline\{closure}(Object(Illuminate\Http\Request))
#17 /home/af313538/bigsales.pro/www/vendor/laravel/framework/src/Illuminate/Foundation/Http/Middleware/VerifyCsrfToken.php(65): Illuminate\Routing\Pipeline->Illuminate\Routing\{closure}(Object(Illuminate\Http\Request))
#18 /home/af313538/bigsales.pro/www/vendor/laravel/framework/src/Illuminate/Pipeline/Pipeline.php(148): Illuminate\Foundation\Http\Middleware\VerifyCsrfToken->handle(Object(Illuminate\Http\Request), Object(Closure))
#19 /home/af313538/bigsales.pro/www/vendor/laravel/framework/src/Illuminate/Routing/Pipeline.php(53): Illuminate\Pipeline\Pipeline->Illuminate\Pipeline\{closure}(Object(Illuminate\Http\Request))
#20 /home/af313538/bigsales.pro/www/vendor/laravel/framework/src/Illuminate/View/Middleware/ShareErrorsFromSession.php(49): Illuminate\Routing\Pipeline->Illuminate\Routing\{closure}(Object(Illuminate\Http\Request))
#21 /home/af313538/bigsales.pro/www/vendor/laravel/framework/src/Illuminate/Pipeline/Pipeline.php(148): Illuminate\View\Middleware\ShareErrorsFromSession->handle(Object(Illuminate\Http\Request), Object(Closure))
#22 /home/af313538/bigsales.pro/www/vendor/laravel/framework/src/Illuminate/Routing/Pipeline.php(53): Illuminate\Pipeline\Pipeline->Illuminate\Pipeline\{closure}(Object(Illuminate\Http\Request))
#23 /home/af313538/bigsales.pro/www/vendor/laravel/framework/src/Illuminate/Session/Middleware/StartSession.php(64): Illuminate\Routing\Pipeline->Illuminate\Routing\{closure}(Object(Illuminate\Http\Request))
#24 /home/af313538/bigsales.pro/www/vendor/laravel/framework/src/Illuminate/Pipeline/Pipeline.php(148): Illuminate\Session\Middleware\StartSession->handle(Object(Illuminate\Http\Request), Object(Closure))
#25 /home/af313538/bigsales.pro/www/vendor/laravel/framework/src/Illuminate/Routing/Pipeline.php(53): Illuminate\Pipeline\Pipeline->Illuminate\Pipeline\{closure}(Object(Illuminate\Http\Request))
#26 /home/af313538/bigsales.pro/www/vendor/laravel/framework/src/Illuminate/Cookie/Middleware/AddQueuedCookiesToResponse.php(37): Illuminate\Routing\Pipeline->Illuminate\Routing\{closure}(Object(Illuminate\Http\Request))
#27 /home/af313538/bigsales.pro/www/vendor/laravel/framework/src/Illuminate/Pipeline/Pipeline.php(148): Illuminate\Cookie\Middleware\AddQueuedCookiesToResponse->handle(Object(Illuminate\Http\Request), Object(Closure))
#28 /home/af313538/bigsales.pro/www/vendor/laravel/framework/src/Illuminate/Routing/Pipeline.php(53): Illuminate\Pipeline\Pipeline->Illuminate\Pipeline\{closure}(Object(Illuminate\Http\Request))
#29 /home/af313538/bigsales.pro/www/vendor/laravel/framework/src/Illuminate/Cookie/Middleware/EncryptCookies.php(59): Illuminate\Routing\Pipeline->Illuminate\Routing\{closure}(Object(Illuminate\Http\Request))
#30 /home/af313538/bigsales.pro/www/vendor/laravel/framework/src/Illuminate/Pipeline/Pipeline.php(148): Illuminate\Cookie\Middleware\EncryptCookies->handle(Object(Illuminate\Http\Request), Object(Closure))
#31 /home/af313538/bigsales.pro/www/vendor/laravel/framework/src/Illuminate/Routing/Pipeline.php(53): Illuminate\Pipeline\Pipeline->Illuminate\Pipeline\{closure}(Object(Illuminate\Http\Request))
#32 /home/af313538/bigsales.pro/www/vendor/laravel/framework/src/Illuminate/Pipeline/Pipeline.php(102): Illuminate\Routing\Pipeline->Illuminate\Routing\{closure}(Object(Illuminate\Http\Request))
#33 /home/af313538/bigsales.pro/www/vendor/laravel/framework/src/Illuminate/Routing/Router.php(574): Illuminate\Pipeline\Pipeline->then(Object(Closure))
#34 /home/af313538/bigsales.pro/www/vendor/laravel/framework/src/Illuminate/Routing/Router.php(533): Illuminate\Routing\Router->runRouteWithinStack(Object(Illuminate\Routing\Route), Object(Illuminate\Http\Request))
#35 /home/af313538/bigsales.pro/www/vendor/laravel/framework/src/Illuminate/Routing/Router.php(511): Illuminate\Routing\Router->dispatchToRoute(Object(Illuminate\Http\Request))
#36 /home/af313538/bigsales.pro/www/vendor/laravel/framework/src/Illuminate/Foundation/Http/Kernel.php(176): Illuminate\Routing\Router->dispatch(Object(Illuminate\Http\Request))
#37 /home/af313538/bigsales.pro/www/vendor/laravel/framework/src/Illuminate/Routing/Pipeline.php(30): Illuminate\Foundation\Http\Kernel->Illuminate\Foundation\Http\{closure}(Object(Illuminate\Http\Request))
#38 /home/af313538/bigsales.pro/www/vendor/laravel/framework/src/Illuminate/Foundation/Http/Middleware/TransformsRequest.php(30): Illuminate\Routing\Pipeline->Illuminate\Routing\{closure}(Object(Illuminate\Http\Request))
#39 /home/af313538/bigsales.pro/www/vendor/laravel/framework/src/Illuminate/Pipeline/Pipeline.php(148): Illuminate\Foundation\Http\Middleware\TransformsRequest->handle(Object(Illuminate\Http\Request), Object(Closure))
#40 /home/af313538/bigsales.pro/www/vendor/laravel/framework/src/Illuminate/Routing/Pipeline.php(53): Illuminate\Pipeline\Pipeline->Illuminate\Pipeline\{closure}(Object(Illuminate\Http\Request))
#41 /home/af313538/bigsales.pro/www/vendor/laravel/framework/src/Illuminate/Foundation/Http/Middleware/TransformsRequest.php(30): Illuminate\Routing\Pipeline->Illuminate\Routing\{closure}(Object(Illuminate\Http\Request))
#42 /home/af313538/bigsales.pro/www/vendor/laravel/framework/src/Illuminate/Pipeline/Pipeline.php(148): Illuminate\Foundation\Http\Middleware\TransformsRequest->handle(Object(Illuminate\Http\Request), Object(Closure))
#43 /home/af313538/bigsales.pro/www/vendor/laravel/framework/src/Illuminate/Routing/Pipeline.php(53): Illuminate\Pipeline\Pipeline->Illuminate\Pipeline\{closure}(Object(Illuminate\Http\Request))
#44 /home/af313538/bigsales.pro/www/vendor/laravel/framework/src/Illuminate/Foundation/Http/Middleware/ValidatePostSize.php(27): Illuminate\Routing\Pipeline->Illuminate\Routing\{closure}(Object(Illuminate\Http\Request))
#45 /home/af313538/bigsales.pro/www/vendor/laravel/framework/src/Illuminate/Pipeline/Pipeline.php(148): Illuminate\Foundation\Http\Middleware\ValidatePostSize->handle(Object(Illuminate\Http\Request), Object(Closure))
#46 /home/af313538/bigsales.pro/www/vendor/laravel/framework/src/Illuminate/Routing/Pipeline.php(53): Illuminate\Pipeline\Pipeline->Illuminate\Pipeline\{closure}(Object(Illuminate\Http\Request))
#47 /home/af313538/bigsales.pro/www/vendor/laravel/framework/src/Illuminate/Foundation/Http/Middleware/CheckForMaintenanceMode.php(46): Illuminate\Routing\Pipeline->Illuminate\Routing\{closure}(Object(Illuminate\Http\Request))
#48 /home/af313538/bigsales.pro/www/vendor/laravel/framework/src/Illuminate/Pipeline/Pipeline.php(148): Illuminate\Foundation\Http\Middleware\CheckForMaintenanceMode->handle(Object(Illuminate\Http\Request), Object(Closure))
#49 /home/af313538/bigsales.pro/www/vendor/laravel/framework/src/Illuminate/Routing/Pipeline.php(53): Illuminate\Pipeline\Pipeline->Illuminate\Pipeline\{closure}(Object(Illuminate\Http\Request))
#50 /home/af313538/bigsales.pro/www/vendor/laravel/framework/src/Illuminate/Pipeline/Pipeline.php(102): Illuminate\Routing\Pipeline->Illuminate\Routing\{closure}(Object(Illuminate\Http\Request))
#51 /home/af313538/bigsales.pro/www/vendor/laravel/framework/src/Illuminate/Foundation/Http/Kernel.php(151): Illuminate\Pipeline\Pipeline->then(Object(Closure))
#52 /home/af313538/bigsales.pro/www/vendor/laravel/framework/src/Illuminate/Foundation/Http/Kernel.php(116): Illuminate\Foundation\Http\Kernel->sendRequestThroughRouter(Object(Illuminate\Http\Request))
#53 /home/af313538/bigsales.pro/www/public/index.php(54): Illuminate\Foundation\Http\Kernel->handle(Object(Illuminate\Http\Request))
#54 {main}  
[2020-04-08 10:37:30] prod.ERROR: exception 'ErrorException' with message 'Undefined offset: 49' in /home/af313538/bigsales.pro/www/app/Http/Controllers/AdminOrderStatusController.php:1096
Stack trace:
#0 /home/af313538/bigsales.pro/www/app/Http/Controllers/AdminOrderStatusController.php(1096): Illuminate\Foundation\Bootstrap\HandleExceptions->handleError(8, 'Undefined offse...', '/home/af313538/...', 1096, Array)
#1 [internal function]: App\Http\Controllers\AdminOrderStatusController->checkStatusNow(Object(Illuminate\Http\Request), '14963', '386273107')
#2 /home/af313538/bigsales.pro/www/vendor/laravel/framework/src/Illuminate/Routing/Controller.php(55): call_user_func_array(Array, Array)
#3 /home/af313538/bigsales.pro/www/vendor/laravel/framework/src/Illuminate/Routing/ControllerDispatcher.php(44): Illuminate\Routing\Controller->callAction('checkStatusNow', Array)
#4 /home/af313538/bigsales.pro/www/vendor/laravel/framework/src/Illuminate/Routing/Route.php(204): Illuminate\Routing\ControllerDispatcher->dispatch(Object(Illuminate\Routing\Route), Object(App\Http\Controllers\AdminOrderStatusController), 'checkStatusNow')
#5 /home/af313538/bigsales.pro/www/vendor/laravel/framework/src/Illuminate/Routing/Route.php(160): Illuminate\Routing\Route->runController()
#6 /home/af313538/bigsales.pro/www/vendor/laravel/framework/src/Illuminate/Routing/Router.php(572): Illuminate\Routing\Route->run()
#7 /home/af313538/bigsales.pro/www/vendor/laravel/framework/src/Illuminate/Routing/Pipeline.php(30): Illuminate\Routing\Router->Illuminate\Routing\{closure}(Object(Illuminate\Http\Request))
#8 /home/af313538/bigsales.pro/www/app/Http/Middleware/Admin.php(24): Illuminate\Routing\Pipeline->Illuminate\Routing\{closure}(Object(Illuminate\Http\Request))
#9 /home/af313538/bigsales.pro/www/vendor/laravel/framework/src/Illuminate/Pipeline/Pipeline.php(148): App\Http\Middleware\Admin->handle(Object(Illuminate\Http\Request), Object(Closure))
#10 /home/af313538/bigsales.pro/www/vendor/laravel/framework/src/Illuminate/Routing/Pipeline.php(53): Illuminate\Pipeline\Pipeline->Illuminate\Pipeline\{closure}(Object(Illuminate\Http\Request))
#11 /home/af313538/bigsales.pro/www/app/Http/Middleware/UserActivity.php(26): Illuminate\Routing\Pipeline->Illuminate\Routing\{closure}(Object(Illuminate\Http\Request))
#12 /home/af313538/bigsales.pro/www/vendor/laravel/framework/src/Illuminate/Pipeline/Pipeline.php(148): App\Http\Middleware\UserActivity->handle(Object(Illuminate\Http\Request), Object(Closure))
#13 /home/af313538/bigsales.pro/www/vendor/laravel/framework/src/Illuminate/Routing/Pipeline.php(53): Illuminate\Pipeline\Pipeline->Illuminate\Pipeline\{closure}(Object(Illuminate\Http\Request))
#14 /home/af313538/bigsales.pro/www/vendor/laravel/framework/src/Illuminate/Routing/Middleware/SubstituteBindings.php(41): Illuminate\Routing\Pipeline->Illuminate\Routing\{closure}(Object(Illuminate\Http\Request))
#15 /home/af313538/bigsales.pro/www/vendor/laravel/framework/src/Illuminate/Pipeline/Pipeline.php(148): Illuminate\Routing\Middleware\SubstituteBindings->handle(Object(Illuminate\Http\Request), Object(Closure))
#16 /home/af313538/bigsales.pro/www/vendor/laravel/framework/src/Illuminate/Routing/Pipeline.php(53): Illuminate\Pipeline\Pipeline->Illuminate\Pipeline\{closure}(Object(Illuminate\Http\Request))
#17 /home/af313538/bigsales.pro/www/vendor/laravel/framework/src/Illuminate/Foundation/Http/Middleware/VerifyCsrfToken.php(65): Illuminate\Routing\Pipeline->Illuminate\Routing\{closure}(Object(Illuminate\Http\Request))
#18 /home/af313538/bigsales.pro/www/vendor/laravel/framework/src/Illuminate/Pipeline/Pipeline.php(148): Illuminate\Foundation\Http\Middleware\VerifyCsrfToken->handle(Object(Illuminate\Http\Request), Object(Closure))
#19 /home/af313538/bigsales.pro/www/vendor/laravel/framework/src/Illuminate/Routing/Pipeline.php(53): Illuminate\Pipeline\Pipeline->Illuminate\Pipeline\{closure}(Object(Illuminate\Http\Request))
#20 /home/af313538/bigsales.pro/www/vendor/laravel/framework/src/Illuminate/View/Middleware/ShareErrorsFromSession.php(49): Illuminate\Routing\Pipeline->Illuminate\Routing\{closure}(Object(Illuminate\Http\Request))
#21 /home/af313538/bigsales.pro/www/vendor/laravel/framework/src/Illuminate/Pipeline/Pipeline.php(148): Illuminate\View\Middleware\ShareErrorsFromSession->handle(Object(Illuminate\Http\Request), Object(Closure))
#22 /home/af313538/bigsales.pro/www/vendor/laravel/framework/src/Illuminate/Routing/Pipeline.php(53): Illuminate\Pipeline\Pipeline->Illuminate\Pipeline\{closure}(Object(Illuminate\Http\Request))
#23 /home/af313538/bigsales.pro/www/vendor/laravel/framework/src/Illuminate/Session/Middleware/StartSession.php(64): Illuminate\Routing\Pipeline->Illuminate\Routing\{closure}(Object(Illuminate\Http\Request))
#24 /home/af313538/bigsales.pro/www/vendor/laravel/framework/src/Illuminate/Pipeline/Pipeline.php(148): Illuminate\Session\Middleware\StartSession->handle(Object(Illuminate\Http\Request), Object(Closure))
#25 /home/af313538/bigsales.pro/www/vendor/laravel/framework/src/Illuminate/Routing/Pipeline.php(53): Illuminate\Pipeline\Pipeline->Illuminate\Pipeline\{closure}(Object(Illuminate\Http\Request))
#26 /home/af313538/bigsales.pro/www/vendor/laravel/framework/src/Illuminate/Cookie/Middleware/AddQueuedCookiesToResponse.php(37): Illuminate\Routing\Pipeline->Illuminate\Routing\{closure}(Object(Illuminate\Http\Request))
#27 /home/af313538/bigsales.pro/www/vendor/laravel/framework/src/Illuminate/Pipeline/Pipeline.php(148): Illuminate\Cookie\Middleware\AddQueuedCookiesToResponse->handle(Object(Illuminate\Http\Request), Object(Closure))
#28 /home/af313538/bigsales.pro/www/vendor/laravel/framework/src/Illuminate/Routing/Pipeline.php(53): Illuminate\Pipeline\Pipeline->Illuminate\Pipeline\{closure}(Object(Illuminate\Http\Request))
#29 /home/af313538/bigsales.pro/www/vendor/laravel/framework/src/Illuminate/Cookie/Middleware/EncryptCookies.php(59): Illuminate\Routing\Pipeline->Illuminate\Routing\{closure}(Object(Illuminate\Http\Request))
#30 /home/af313538/bigsales.pro/www/vendor/laravel/framework/src/Illuminate/Pipeline/Pipeline.php(148): Illuminate\Cookie\Middleware\EncryptCookies->handle(Object(Illuminate\Http\Request), Object(Closure))
#31 /home/af313538/bigsales.pro/www/vendor/laravel/framework/src/Illuminate/Routing/Pipeline.php(53): Illuminate\Pipeline\Pipeline->Illuminate\Pipeline\{closure}(Object(Illuminate\Http\Request))
#32 /home/af313538/bigsales.pro/www/vendor/laravel/framework/src/Illuminate/Pipeline/Pipeline.php(102): Illuminate\Routing\Pipeline->Illuminate\Routing\{closure}(Object(Illuminate\Http\Request))
#33 /home/af313538/bigsales.pro/www/vendor/laravel/framework/src/Illuminate/Routing/Router.php(574): Illuminate\Pipeline\Pipeline->then(Object(Closure))
#34 /home/af313538/bigsales.pro/www/vendor/laravel/framework/src/Illuminate/Routing/Router.php(533): Illuminate\Routing\Router->runRouteWithinStack(Object(Illuminate\Routing\Route), Object(Illuminate\Http\Request))
#35 /home/af313538/bigsales.pro/www/vendor/laravel/framework/src/Illuminate/Routing/Router.php(511): Illuminate\Routing\Router->dispatchToRoute(Object(Illuminate\Http\Request))
#36 /home/af313538/bigsales.pro/www/vendor/laravel/framework/src/Illuminate/Foundation/Http/Kernel.php(176): Illuminate\Routing\Router->dispatch(Object(Illuminate\Http\Request))
#37 /home/af313538/bigsales.pro/www/vendor/laravel/framework/src/Illuminate/Routing/Pipeline.php(30): Illuminate\Foundation\Http\Kernel->Illuminate\Foundation\Http\{closure}(Object(Illuminate\Http\Request))
#38 /home/af313538/bigsales.pro/www/vendor/laravel/framework/src/Illuminate/Foundation/Http/Middleware/TransformsRequest.php(30): Illuminate\Routing\Pipeline->Illuminate\Routing\{closure}(Object(Illuminate\Http\Request))
#39 /home/af313538/bigsales.pro/www/vendor/laravel/framework/src/Illuminate/Pipeline/Pipeline.php(148): Illuminate\Foundation\Http\Middleware\TransformsRequest->handle(Object(Illuminate\Http\Request), Object(Closure))
#40 /home/af313538/bigsales.pro/www/vendor/laravel/framework/src/Illuminate/Routing/Pipeline.php(53): Illuminate\Pipeline\Pipeline->Illuminate\Pipeline\{closure}(Object(Illuminate\Http\Request))
#41 /home/af313538/bigsales.pro/www/vendor/laravel/framework/src/Illuminate/Foundation/Http/Middleware/TransformsRequest.php(30): Illuminate\Routing\Pipeline->Illuminate\Routing\{closure}(Object(Illuminate\Http\Request))
#42 /home/af313538/bigsales.pro/www/vendor/laravel/framework/src/Illuminate/Pipeline/Pipeline.php(148): Illuminate\Foundation\Http\Middleware\TransformsRequest->handle(Object(Illuminate\Http\Request), Object(Closure))
#43 /home/af313538/bigsales.pro/www/vendor/laravel/framework/src/Illuminate/Routing/Pipeline.php(53): Illuminate\Pipeline\Pipeline->Illuminate\Pipeline\{closure}(Object(Illuminate\Http\Request))
#44 /home/af313538/bigsales.pro/www/vendor/laravel/framework/src/Illuminate/Foundation/Http/Middleware/ValidatePostSize.php(27): Illuminate\Routing\Pipeline->Illuminate\Routing\{closure}(Object(Illuminate\Http\Request))
#45 /home/af313538/bigsales.pro/www/vendor/laravel/framework/src/Illuminate/Pipeline/Pipeline.php(148): Illuminate\Foundation\Http\Middleware\ValidatePostSize->handle(Object(Illuminate\Http\Request), Object(Closure))
#46 /home/af313538/bigsales.pro/www/vendor/laravel/framework/src/Illuminate/Routing/Pipeline.php(53): Illuminate\Pipeline\Pipeline->Illuminate\Pipeline\{closure}(Object(Illuminate\Http\Request))
#47 /home/af313538/bigsales.pro/www/vendor/laravel/framework/src/Illuminate/Foundation/Http/Middleware/CheckForMaintenanceMode.php(46): Illuminate\Routing\Pipeline->Illuminate\Routing\{closure}(Object(Illuminate\Http\Request))
#48 /home/af313538/bigsales.pro/www/vendor/laravel/framework/src/Illuminate/Pipeline/Pipeline.php(148): Illuminate\Foundation\Http\Middleware\CheckForMaintenanceMode->handle(Object(Illuminate\Http\Request), Object(Closure))
#49 /home/af313538/bigsales.pro/www/vendor/laravel/framework/src/Illuminate/Routing/Pipeline.php(53): Illuminate\Pipeline\Pipeline->Illuminate\Pipeline\{closure}(Object(Illuminate\Http\Request))
#50 /home/af313538/bigsales.pro/www/vendor/laravel/framework/src/Illuminate/Pipeline/Pipeline.php(102): Illuminate\Routing\Pipeline->Illuminate\Routing\{closure}(Object(Illuminate\Http\Request))
#51 /home/af313538/bigsales.pro/www/vendor/laravel/framework/src/Illuminate/Foundation/Http/Kernel.php(151): Illuminate\Pipeline\Pipeline->then(Object(Closure))
#52 /home/af313538/bigsales.pro/www/vendor/laravel/framework/src/Illuminate/Foundation/Http/Kernel.php(116): Illuminate\Foundation\Http\Kernel->sendRequestThroughRouter(Object(Illuminate\Http\Request))
#53 /home/af313538/bigsales.pro/www/public/index.php(54): Illuminate\Foundation\Http\Kernel->handle(Object(Illuminate\Http\Request))
#54 {main}  
[2020-04-08 12:02:49] prod.ERROR: exception 'ErrorException' with message 'unlink(/home/af313538/bigsales.pro/www/public/images/uploads/24c84a1df636f9b188fd7362a6da177c9b1ab3d2.jpg): No such file or directory' in /home/af313538/bigsales.pro/www/app/Http/Controllers/DropzoneImageController.php:55
Stack trace:
#0 [internal function]: Illuminate\Foundation\Bootstrap\HandleExceptions->handleError(2, 'unlink(/home/af...', '/home/af313538/...', 55, Array)
#1 /home/af313538/bigsales.pro/www/app/Http/Controllers/DropzoneImageController.php(55): unlink('/home/af313538/...')
#2 [internal function]: App\Http\Controllers\DropzoneImageController->deleteFiles(Object(Illuminate\Http\Request))
#3 /home/af313538/bigsales.pro/www/vendor/laravel/framework/src/Illuminate/Routing/Controller.php(55): call_user_func_array(Array, Array)
#4 /home/af313538/bigsales.pro/www/vendor/laravel/framework/src/Illuminate/Routing/ControllerDispatcher.php(44): Illuminate\Routing\Controller->callAction('deleteFiles', Array)
#5 /home/af313538/bigsales.pro/www/vendor/laravel/framework/src/Illuminate/Routing/Route.php(204): Illuminate\Routing\ControllerDispatcher->dispatch(Object(Illuminate\Routing\Route), Object(App\Http\Controllers\DropzoneImageController), 'deleteFiles')
#6 /home/af313538/bigsales.pro/www/vendor/laravel/framework/src/Illuminate/Routing/Route.php(160): Illuminate\Routing\Route->runController()
#7 /home/af313538/bigsales.pro/www/vendor/laravel/framework/src/Illuminate/Routing/Router.php(572): Illuminate\Routing\Route->run()
#8 /home/af313538/bigsales.pro/www/vendor/laravel/framework/src/Illuminate/Routing/Pipeline.php(30): Illuminate\Routing\Router->Illuminate\Routing\{closure}(Object(Illuminate\Http\Request))
#9 /home/af313538/bigsales.pro/www/app/Http/Middleware/UserActivity.php(26): Illuminate\Routing\Pipeline->Illuminate\Routing\{closure}(Object(Illuminate\Http\Request))
#10 /home/af313538/bigsales.pro/www/vendor/laravel/framework/src/Illuminate/Pipeline/Pipeline.php(148): App\Http\Middleware\UserActivity->handle(Object(Illuminate\Http\Request), Object(Closure))
#11 /home/af313538/bigsales.pro/www/vendor/laravel/framework/src/Illuminate/Routing/Pipeline.php(53): Illuminate\Pipeline\Pipeline->Illuminate\Pipeline\{closure}(Object(Illuminate\Http\Request))
#12 /home/af313538/bigsales.pro/www/vendor/laravel/framework/src/Illuminate/Routing/Middleware/SubstituteBindings.php(41): Illuminate\Routing\Pipeline->Illuminate\Routing\{closure}(Object(Illuminate\Http\Request))
#13 /home/af313538/bigsales.pro/www/vendor/laravel/framework/src/Illuminate/Pipeline/Pipeline.php(148): Illuminate\Routing\Middleware\SubstituteBindings->handle(Object(Illuminate\Http\Request), Object(Closure))
#14 /home/af313538/bigsales.pro/www/vendor/laravel/framework/src/Illuminate/Routing/Pipeline.php(53): Illuminate\Pipeline\Pipeline->Illuminate\Pipeline\{closure}(Object(Illuminate\Http\Request))
#15 /home/af313538/bigsales.pro/www/vendor/laravel/framework/src/Illuminate/Foundation/Http/Middleware/VerifyCsrfToken.php(65): Illuminate\Routing\Pipeline->Illuminate\Routing\{closure}(Object(Illuminate\Http\Request))
#16 /home/af313538/bigsales.pro/www/vendor/laravel/framework/src/Illuminate/Pipeline/Pipeline.php(148): Illuminate\Foundation\Http\Middleware\VerifyCsrfToken->handle(Object(Illuminate\Http\Request), Object(Closure))
#17 /home/af313538/bigsales.pro/www/vendor/laravel/framework/src/Illuminate/Routing/Pipeline.php(53): Illuminate\Pipeline\Pipeline->Illuminate\Pipeline\{closure}(Object(Illuminate\Http\Request))
#18 /home/af313538/bigsales.pro/www/vendor/laravel/framework/src/Illuminate/View/Middleware/ShareErrorsFromSession.php(49): Illuminate\Routing\Pipeline->Illuminate\Routing\{closure}(Object(Illuminate\Http\Request))
#19 /home/af313538/bigsales.pro/www/vendor/laravel/framework/src/Illuminate/Pipeline/Pipeline.php(148): Illuminate\View\Middleware\ShareErrorsFromSession->handle(Object(Illuminate\Http\Request), Object(Closure))
#20 /home/af313538/bigsales.pro/www/vendor/laravel/framework/src/Illuminate/Routing/Pipeline.php(53): Illuminate\Pipeline\Pipeline->Illuminate\Pipeline\{closure}(Object(Illuminate\Http\Request))
#21 /home/af313538/bigsales.pro/www/vendor/laravel/framework/src/Illuminate/Session/Middleware/StartSession.php(64): Illuminate\Routing\Pipeline->Illuminate\Routing\{closure}(Object(Illuminate\Http\Request))
#22 /home/af313538/bigsales.pro/www/vendor/laravel/framework/src/Illuminate/Pipeline/Pipeline.php(148): Illuminate\Session\Middleware\StartSession->handle(Object(Illuminate\Http\Request), Object(Closure))
#23 /home/af313538/bigsales.pro/www/vendor/laravel/framework/src/Illuminate/Routing/Pipeline.php(53): Illuminate\Pipeline\Pipeline->Illuminate\Pipeline\{closure}(Object(Illuminate\Http\Request))
#24 /home/af313538/bigsales.pro/www/vendor/laravel/framework/src/Illuminate/Cookie/Middleware/AddQueuedCookiesToResponse.php(37): Illuminate\Routing\Pipeline->Illuminate\Routing\{closure}(Object(Illuminate\Http\Request))
#25 /home/af313538/bigsales.pro/www/vendor/laravel/framework/src/Illuminate/Pipeline/Pipeline.php(148): Illuminate\Cookie\Middleware\AddQueuedCookiesToResponse->handle(Object(Illuminate\Http\Request), Object(Closure))
#26 /home/af313538/bigsales.pro/www/vendor/laravel/framework/src/Illuminate/Routing/Pipeline.php(53): Illuminate\Pipeline\Pipeline->Illuminate\Pipeline\{closure}(Object(Illuminate\Http\Request))
#27 /home/af313538/bigsales.pro/www/vendor/laravel/framework/src/Illuminate/Cookie/Middleware/EncryptCookies.php(59): Illuminate\Routing\Pipeline->Illuminate\Routing\{closure}(Object(Illuminate\Http\Request))
#28 /home/af313538/bigsales.pro/www/vendor/laravel/framework/src/Illuminate/Pipeline/Pipeline.php(148): Illuminate\Cookie\Middleware\EncryptCookies->handle(Object(Illuminate\Http\Request), Object(Closure))
#29 /home/af313538/bigsales.pro/www/vendor/laravel/framework/src/Illuminate/Routing/Pipeline.php(53): Illuminate\Pipeline\Pipeline->Illuminate\Pipeline\{closure}(Object(Illuminate\Http\Request))
#30 /home/af313538/bigsales.pro/www/vendor/laravel/framework/src/Illuminate/Pipeline/Pipeline.php(102): Illuminate\Routing\Pipeline->Illuminate\Routing\{closure}(Object(Illuminate\Http\Request))
#31 /home/af313538/bigsales.pro/www/vendor/laravel/framework/src/Illuminate/Routing/Router.php(574): Illuminate\Pipeline\Pipeline->then(Object(Closure))
#32 /home/af313538/bigsales.pro/www/vendor/laravel/framework/src/Illuminate/Routing/Router.php(533): Illuminate\Routing\Router->runRouteWithinStack(Object(Illuminate\Routing\Route), Object(Illuminate\Http\Request))
#33 /home/af313538/bigsales.pro/www/vendor/laravel/framework/src/Illuminate/Routing/Router.php(511): Illuminate\Routing\Router->dispatchToRoute(Object(Illuminate\Http\Request))
#34 /home/af313538/bigsales.pro/www/vendor/laravel/framework/src/Illuminate/Foundation/Http/Kernel.php(176): Illuminate\Routing\Router->dispatch(Object(Illuminate\Http\Request))
#35 /home/af313538/bigsales.pro/www/vendor/laravel/framework/src/Illuminate/Routing/Pipeline.php(30): Illuminate\Foundation\Http\Kernel->Illuminate\Foundation\Http\{closure}(Object(Illuminate\Http\Request))
#36 /home/af313538/bigsales.pro/www/vendor/laravel/framework/src/Illuminate/Foundation/Http/Middleware/TransformsRequest.php(30): Illuminate\Routing\Pipeline->Illuminate\Routing\{closure}(Object(Illuminate\Http\Request))
#37 /home/af313538/bigsales.pro/www/vendor/laravel/framework/src/Illuminate/Pipeline/Pipeline.php(148): Illuminate\Foundation\Http\Middleware\TransformsRequest->handle(Object(Illuminate\Http\Request), Object(Closure))
#38 /home/af313538/bigsales.pro/www/vendor/laravel/framework/src/Illuminate/Routing/Pipeline.php(53): Illuminate\Pipeline\Pipeline->Illuminate\Pipeline\{closure}(Object(Illuminate\Http\Request))
#39 /home/af313538/bigsales.pro/www/vendor/laravel/framework/src/Illuminate/Foundation/Http/Middleware/TransformsRequest.php(30): Illuminate\Routing\Pipeline->Illuminate\Routing\{closure}(Object(Illuminate\Http\Request))
#40 /home/af313538/bigsales.pro/www/vendor/laravel/framework/src/Illuminate/Pipeline/Pipeline.php(148): Illuminate\Foundation\Http\Middleware\TransformsRequest->handle(Object(Illuminate\Http\Request), Object(Closure))
#41 /home/af313538/bigsales.pro/www/vendor/laravel/framework/src/Illuminate/Routing/Pipeline.php(53): Illuminate\Pipeline\Pipeline->Illuminate\Pipeline\{closure}(Object(Illuminate\Http\Request))
#42 /home/af313538/bigsales.pro/www/vendor/laravel/framework/src/Illuminate/Foundation/Http/Middleware/ValidatePostSize.php(27): Illuminate\Routing\Pipeline->Illuminate\Routing\{closure}(Object(Illuminate\Http\Request))
#43 /home/af313538/bigsales.pro/www/vendor/laravel/framework/src/Illuminate/Pipeline/Pipeline.php(148): Illuminate\Foundation\Http\Middleware\ValidatePostSize->handle(Object(Illuminate\Http\Request), Object(Closure))
#44 /home/af313538/bigsales.pro/www/vendor/laravel/framework/src/Illuminate/Routing/Pipeline.php(53): Illuminate\Pipeline\Pipeline->Illuminate\Pipeline\{closure}(Object(Illuminate\Http\Request))
#45 /home/af313538/bigsales.pro/www/vendor/laravel/framework/src/Illuminate/Foundation/Http/Middleware/CheckForMaintenanceMode.php(46): Illuminate\Routing\Pipeline->Illuminate\Routing\{closure}(Object(Illuminate\Http\Request))
#46 /home/af313538/bigsales.pro/www/vendor/laravel/framework/src/Illuminate/Pipeline/Pipeline.php(148): Illuminate\Foundation\Http\Middleware\CheckForMaintenanceMode->handle(Object(Illuminate\Http\Request), Object(Closure))
#47 /home/af313538/bigsales.pro/www/vendor/laravel/framework/src/Illuminate/Routing/Pipeline.php(53): Illuminate\Pipeline\Pipeline->Illuminate\Pipeline\{closure}(Object(Illuminate\Http\Request))
#48 /home/af313538/bigsales.pro/www/vendor/laravel/framework/src/Illuminate/Pipeline/Pipeline.php(102): Illuminate\Routing\Pipeline->Illuminate\Routing\{closure}(Object(Illuminate\Http\Request))
#49 /home/af313538/bigsales.pro/www/vendor/laravel/framework/src/Illuminate/Foundation/Http/Kernel.php(151): Illuminate\Pipeline\Pipeline->then(Object(Closure))
#50 /home/af313538/bigsales.pro/www/vendor/laravel/framework/src/Illuminate/Foundation/Http/Kernel.php(116): Illuminate\Foundation\Http\Kernel->sendRequestThroughRouter(Object(Illuminate\Http\Request))
#51 /home/af313538/bigsales.pro/www/public/index.php(54): Illuminate\Foundation\Http\Kernel->handle(Object(Illuminate\Http\Request))
#52 {main}  
[2020-04-08 20:30:08] prod.INFO: удалено из таблицы для бэкапа 5185 товаров у компании с id:40  
[2020-04-08 20:30:16] prod.INFO: состояние зафиксировано в таблице успешно 5265 товаров у компании :40  
[2020-04-08 20:30:16] prod.INFO: удалено из таблицы для бэкапа 2341 товаров у компании с id:56  
[2020-04-08 20:30:18] prod.INFO: состояние зафиксировано в таблице успешно 2343 товаров у компании :56  
[2020-04-08 20:30:19] prod.INFO: удалено из таблицы для бэкапа 3592 товаров у компании с id:64  
[2020-04-08 20:30:23] prod.INFO: состояние зафиксировано в таблице успешно 3592 товаров у компании :64  
[2020-04-08 20:30:23] prod.INFO: удалено из таблицы для бэкапа 1491 товаров у компании с id:128  
[2020-04-08 20:30:24] prod.INFO: состояние зафиксировано в таблице успешно 1491 товаров у компании :128  
[2020-04-08 20:30:25] prod.INFO: удалено из таблицы для бэкапа 705 товаров у компании с id:180  
[2020-04-08 20:30:25] prod.INFO: состояние зафиксировано в таблице успешно 705 товаров у компании :180  
[2020-04-08 20:30:25] prod.INFO: удалено из таблицы для бэкапа 1015 товаров у компании с id:201  
[2020-04-08 20:30:25] prod.INFO: состояние зафиксировано в таблице успешно 1015 товаров у компании :201  
[2020-04-08 20:30:26] prod.INFO: удалено из таблицы для бэкапа 1720 товаров у компании с id:203  
[2020-04-08 20:30:27] prod.INFO: состояние зафиксировано в таблице успешно 1720 товаров у компании :203  
[2020-04-08 20:30:27] prod.INFO: удалено из таблицы для бэкапа 768 товаров у компании с id:207  
[2020-04-08 20:30:28] prod.INFO: состояние зафиксировано в таблице успешно 797 товаров у компании :207  
[2020-04-08 20:30:29] prod.INFO: удалено из таблицы для бэкапа 6054 товаров у компании с id:211  
[2020-04-08 20:30:40] prod.INFO: состояние зафиксировано в таблице успешно 6056 товаров у компании :211  
[2020-04-08 20:30:41] prod.INFO: удалено из таблицы для бэкапа 942 товаров у компании с id:216  
[2020-04-08 20:30:41] prod.INFO: состояние зафиксировано в таблице успешно 943 товаров у компании :216  
[2020-04-08 20:30:42] prod.INFO: удалено из таблицы для бэкапа 3314 товаров у компании с id:218  
[2020-04-08 20:30:46] prod.INFO: состояние зафиксировано в таблице успешно 3314 товаров у компании :218  
[2020-04-08 20:30:46] prod.INFO: удалено из таблицы для бэкапа 3798 товаров у компании с id:222  
[2020-04-08 20:30:51] prod.INFO: состояние зафиксировано в таблице успешно 3798 товаров у компании :222  
[2020-04-08 20:30:51] prod.INFO: состояние зафиксировано в таблице успешно 0 товаров у компании :246  
[2020-04-08 21:10:02] prod.INFO: table maked success: count row:11 error:0  
[2020-04-08 21:20:04] prod.INFO: xml сформирован за:  0.045202016830444 секунд  
[2020-04-08 21:20:04] prod.INFO: id:246 Компания: Престиж обновилась за 1.0103809833527 секунд  
[2020-04-08 21:30:35] prod.INFO: у компании с id : 222 Данные в файле не обновлялись после   
[2020-04-08 21:30:35] prod.INFO: id:222 Компания: Luxyart обновилась за 30.973509073257 секунд  
[2020-04-08 21:40:51] prod.INFO: id:218 Компания: Sport Nutrition Ukraine обновилась за 48.706212997437 секунд  
[2020-04-08 21:50:54] prod.INFO: id:216 Компания: garnitur.plus обновилась за 51.708649158478 секунд  
[2020-04-08 22:14:47] prod.INFO: xml сформирован за:  0.012727022171021 секунд  
[2020-04-08 22:14:47] prod.INFO: id:211 Компания: eLook обновилась за 879.83109307289 секунд  
[2020-04-08 22:20:44] prod.INFO: id:207 Компания: BAGS COMPANY обновилась за 41.416499853134 секунд  
[2020-04-08 22:31:08] prod.INFO: xml сформирован за:  0.0091171264648438 секунд  
[2020-04-08 22:31:08] prod.INFO: id:201 Компания: Trend-Box обновилась за 64.436496019363 секунд  
[2020-04-08 22:40:20] prod.INFO: id:180 Компания: Planeta Hobby обновилась за 16.668132066727 секунд  
[2020-04-08 23:02:06] prod.INFO: xml сформирован за:  0.018593788146973 секунд  
[2020-04-08 23:02:07] prod.INFO: id:64 Компания: бленда-шоп обновилась за 723.75688695908 секунд  
[2020-04-08 23:11:28] prod.INFO: id:56 Компания: Скай Трейд обновилась за 85.28054189682 секунд  
[2020-04-08 23:31:51] prod.INFO: xml сформирован за:  0.040849924087524 секунд  
[2020-04-08 23:31:51] prod.INFO: id:40 Компания: ФОП Балацький Святослав Романович обновилась за 708.04409193993 секунд  
[2020-04-08 23:40:03] prod.INFO: all companies  updated. This work cron  
[2020-04-08 23:50:02] prod.INFO: all companies  updated. This work cron  
