[2020-04-03 16:04:25] prod.ERROR: exception 'GuzzleHttp\Exception\ServerException' with message 'Server error: `POST https://my.prom.ua/api/v1/orders/set_status` resulted in a `500 Internal Server Error` response:
<!DOCTYPE HTML PUBLIC "-//W3C//DTD HTML 3.2 Final//EN">
<title>500 Internal Server Error</title>
<h1>Internal Server Err (truncated...)
' in /home/af313538/bigsales.pro/www/vendor/guzzlehttp/guzzle/src/Exception/RequestException.php:113
Stack trace:
#0 /home/af313538/bigsales.pro/www/vendor/guzzlehttp/guzzle/src/Middleware.php(66): GuzzleHttp\Exception\RequestException::create(Object(GuzzleHttp\Psr7\Request), Object(GuzzleHttp\Psr7\Response))
#1 /home/af313538/bigsales.pro/www/vendor/guzzlehttp/promises/src/Promise.php(203): GuzzleHttp\Middleware::GuzzleHttp\{closure}(Object(GuzzleHttp\Psr7\Response))
#2 /home/af313538/bigsales.pro/www/vendor/guzzlehttp/promises/src/Promise.php(156): GuzzleHttp\Promise\Promise::callHandler(1, Object(GuzzleHttp\Psr7\Response), Array)
#3 /home/af313538/bigsales.pro/www/vendor/guzzlehttp/promises/src/TaskQueue.php(47): GuzzleHttp\Promise\Promise::GuzzleHttp\Promise\{closure}()
#4 /home/af313538/bigsales.pro/www/vendor/guzzlehttp/promises/src/Promise.php(246): GuzzleHttp\Promise\TaskQueue->run(true)
#5 /home/af313538/bigsales.pro/www/vendor/guzzlehttp/promises/src/Promise.php(223): GuzzleHttp\Promise\Promise->invokeWaitFn()
#6 /home/af313538/bigsales.pro/www/vendor/guzzlehttp/promises/src/Promise.php(267): GuzzleHttp\Promise\Promise->waitIfPending()
#7 /home/af313538/bigsales.pro/www/vendor/guzzlehttp/promises/src/Promise.php(225): GuzzleHttp\Promise\Promise->invokeWaitList()
#8 /home/af313538/bigsales.pro/www/vendor/guzzlehttp/promises/src/Promise.php(62): GuzzleHttp\Promise\Promise->waitIfPending()
#9 /home/af313538/bigsales.pro/www/vendor/guzzlehttp/guzzle/src/Client.php(131): GuzzleHttp\Promise\Promise->wait()
#10 /home/af313538/bigsales.pro/www/app/Functions/PromApi.php(73): GuzzleHttp\Client->request('POST', 'https://my.prom...', Array)
#11 /home/af313538/bigsales.pro/www/app/Http/Controllers/ProviderOrderStatusController.php(150): App\Functions\PromApi::postOrderConfirm(Object(App\Order))
#12 /home/af313538/bigsales.pro/www/app/Http/Controllers/ProviderOrderStatusController.php(111): App\Http\Controllers\ProviderOrderStatusController->newToConfirm(Object(Illuminate\Http\Request), Object(App\Order))
#13 /home/af313538/bigsales.pro/www/app/Http/Controllers/ProviderOrderStatusController.php(81): App\Http\Controllers\ProviderOrderStatusController->routeActions(Object(Illuminate\Http\Request), Object(App\Order))
#14 [internal function]: App\Http\Controllers\ProviderOrderStatusController->changeStatusOrder(Object(Illuminate\Http\Request), '15032')
#15 /home/af313538/bigsales.pro/www/vendor/laravel/framework/src/Illuminate/Routing/Controller.php(55): call_user_func_array(Array, Array)
#16 /home/af313538/bigsales.pro/www/vendor/laravel/framework/src/Illuminate/Routing/ControllerDispatcher.php(44): Illuminate\Routing\Controller->callAction('changeStatusOrd...', Array)
#17 /home/af313538/bigsales.pro/www/vendor/laravel/framework/src/Illuminate/Routing/Route.php(204): Illuminate\Routing\ControllerDispatcher->dispatch(Object(Illuminate\Routing\Route), Object(App\Http\Controllers\ProviderOrderStatusController), 'changeStatusOrd...')
#18 /home/af313538/bigsales.pro/www/vendor/laravel/framework/src/Illuminate/Routing/Route.php(160): Illuminate\Routing\Route->runController()
#19 /home/af313538/bigsales.pro/www/vendor/laravel/framework/src/Illuminate/Routing/Router.php(572): Illuminate\Routing\Route->run()
#20 /home/af313538/bigsales.pro/www/vendor/laravel/framework/src/Illuminate/Routing/Pipeline.php(30): Illuminate\Routing\Router->Illuminate\Routing\{closure}(Object(Illuminate\Http\Request))
#21 /home/af313538/bigsales.pro/www/app/Http/Middleware/CheckAbonimentCompanyBlock.php(25): Illuminate\Routing\Pipeline->Illuminate\Routing\{closure}(Object(Illuminate\Http\Request))
#22 /home/af313538/bigsales.pro/www/vendor/laravel/framework/src/Illuminate/Pipeline/Pipeline.php(148): App\Http\Middleware\CheckAbonimentCompanyBlock->handle(Object(Illuminate\Http\Request), Object(Closure))
#23 /home/af313538/bigsales.pro/www/vendor/laravel/framework/src/Illuminate/Routing/Pipeline.php(53): Illuminate\Pipeline\Pipeline->Illuminate\Pipeline\{closure}(Object(Illuminate\Http\Request))
#24 /home/af313538/bigsales.pro/www/app/Http/Middleware/CheckBlockedCompany.php(25): Illuminate\Routing\Pipeline->Illuminate\Routing\{closure}(Object(Illuminate\Http\Request))
#25 /home/af313538/bigsales.pro/www/vendor/laravel/framework/src/Illuminate/Pipeline/Pipeline.php(148): App\Http\Middleware\CheckBlockedCompany->handle(Object(Illuminate\Http\Request), Object(Closure))
#26 /home/af313538/bigsales.pro/www/vendor/laravel/framework/src/Illuminate/Routing/Pipeline.php(53): Illuminate\Pipeline\Pipeline->Illuminate\Pipeline\{closure}(Object(Illuminate\Http\Request))
#27 /home/af313538/bigsales.pro/www/app/Http/Middleware/Provider.php(24): Illuminate\Routing\Pipeline->Illuminate\Routing\{closure}(Object(Illuminate\Http\Request))
#28 /home/af313538/bigsales.pro/www/vendor/laravel/framework/src/Illuminate/Pipeline/Pipeline.php(148): App\Http\Middleware\Provider->handle(Object(Illuminate\Http\Request), Object(Closure))
#29 /home/af313538/bigsales.pro/www/vendor/laravel/framework/src/Illuminate/Routing/Pipeline.php(53): Illuminate\Pipeline\Pipeline->Illuminate\Pipeline\{closure}(Object(Illuminate\Http\Request))
#30 /home/af313538/bigsales.pro/www/app/Http/Middleware/UserActivity.php(26): Illuminate\Routing\Pipeline->Illuminate\Routing\{closure}(Object(Illuminate\Http\Request))
#31 /home/af313538/bigsales.pro/www/vendor/laravel/framework/src/Illuminate/Pipeline/Pipeline.php(148): App\Http\Middleware\UserActivity->handle(Object(Illuminate\Http\Request), Object(Closure))
#32 /home/af313538/bigsales.pro/www/vendor/laravel/framework/src/Illuminate/Routing/Pipeline.php(53): Illuminate\Pipeline\Pipeline->Illuminate\Pipeline\{closure}(Object(Illuminate\Http\Request))
#33 /home/af313538/bigsales.pro/www/vendor/laravel/framework/src/Illuminate/Routing/Middleware/SubstituteBindings.php(41): Illuminate\Routing\Pipeline->Illuminate\Routing\{closure}(Object(Illuminate\Http\Request))
#34 /home/af313538/bigsales.pro/www/vendor/laravel/framework/src/Illuminate/Pipeline/Pipeline.php(148): Illuminate\Routing\Middleware\SubstituteBindings->handle(Object(Illuminate\Http\Request), Object(Closure))
#35 /home/af313538/bigsales.pro/www/vendor/laravel/framework/src/Illuminate/Routing/Pipeline.php(53): Illuminate\Pipeline\Pipeline->Illuminate\Pipeline\{closure}(Object(Illuminate\Http\Request))
#36 /home/af313538/bigsales.pro/www/vendor/laravel/framework/src/Illuminate/Foundation/Http/Middleware/VerifyCsrfToken.php(65): Illuminate\Routing\Pipeline->Illuminate\Routing\{closure}(Object(Illuminate\Http\Request))
#37 /home/af313538/bigsales.pro/www/vendor/laravel/framework/src/Illuminate/Pipeline/Pipeline.php(148): Illuminate\Foundation\Http\Middleware\VerifyCsrfToken->handle(Object(Illuminate\Http\Request), Object(Closure))
#38 /home/af313538/bigsales.pro/www/vendor/laravel/framework/src/Illuminate/Routing/Pipeline.php(53): Illuminate\Pipeline\Pipeline->Illuminate\Pipeline\{closure}(Object(Illuminate\Http\Request))
#39 /home/af313538/bigsales.pro/www/vendor/laravel/framework/src/Illuminate/View/Middleware/ShareErrorsFromSession.php(49): Illuminate\Routing\Pipeline->Illuminate\Routing\{closure}(Object(Illuminate\Http\Request))
#40 /home/af313538/bigsales.pro/www/vendor/laravel/framework/src/Illuminate/Pipeline/Pipeline.php(148): Illuminate\View\Middleware\ShareErrorsFromSession->handle(Object(Illuminate\Http\Request), Object(Closure))
#41 /home/af313538/bigsales.pro/www/vendor/laravel/framework/src/Illuminate/Routing/Pipeline.php(53): Illuminate\Pipeline\Pipeline->Illuminate\Pipeline\{closure}(Object(Illuminate\Http\Request))
#42 /home/af313538/bigsales.pro/www/vendor/laravel/framework/src/Illuminate/Session/Middleware/StartSession.php(64): Illuminate\Routing\Pipeline->Illuminate\Routing\{closure}(Object(Illuminate\Http\Request))
#43 /home/af313538/bigsales.pro/www/vendor/laravel/framework/src/Illuminate/Pipeline/Pipeline.php(148): Illuminate\Session\Middleware\StartSession->handle(Object(Illuminate\Http\Request), Object(Closure))
#44 /home/af313538/bigsales.pro/www/vendor/laravel/framework/src/Illuminate/Routing/Pipeline.php(53): Illuminate\Pipeline\Pipeline->Illuminate\Pipeline\{closure}(Object(Illuminate\Http\Request))
#45 /home/af313538/bigsales.pro/www/vendor/laravel/framework/src/Illuminate/Cookie/Middleware/AddQueuedCookiesToResponse.php(37): Illuminate\Routing\Pipeline->Illuminate\Routing\{closure}(Object(Illuminate\Http\Request))
#46 /home/af313538/bigsales.pro/www/vendor/laravel/framework/src/Illuminate/Pipeline/Pipeline.php(148): Illuminate\Cookie\Middleware\AddQueuedCookiesToResponse->handle(Object(Illuminate\Http\Request), Object(Closure))
#47 /home/af313538/bigsales.pro/www/vendor/laravel/framework/src/Illuminate/Routing/Pipeline.php(53): Illuminate\Pipeline\Pipeline->Illuminate\Pipeline\{closure}(Object(Illuminate\Http\Request))
#48 /home/af313538/bigsales.pro/www/vendor/laravel/framework/src/Illuminate/Cookie/Middleware/EncryptCookies.php(59): Illuminate\Routing\Pipeline->Illuminate\Routing\{closure}(Object(Illuminate\Http\Request))
#49 /home/af313538/bigsales.pro/www/vendor/laravel/framework/src/Illuminate/Pipeline/Pipeline.php(148): Illuminate\Cookie\Middleware\EncryptCookies->handle(Object(Illuminate\Http\Request), Object(Closure))
#50 /home/af313538/bigsales.pro/www/vendor/laravel/framework/src/Illuminate/Routing/Pipeline.php(53): Illuminate\Pipeline\Pipeline->Illuminate\Pipeline\{closure}(Object(Illuminate\Http\Request))
#51 /home/af313538/bigsales.pro/www/vendor/laravel/framework/src/Illuminate/Pipeline/Pipeline.php(102): Illuminate\Routing\Pipeline->Illuminate\Routing\{closure}(Object(Illuminate\Http\Request))
#52 /home/af313538/bigsales.pro/www/vendor/laravel/framework/src/Illuminate/Routing/Router.php(574): Illuminate\Pipeline\Pipeline->then(Object(Closure))
#53 /home/af313538/bigsales.pro/www/vendor/laravel/framework/src/Illuminate/Routing/Router.php(533): Illuminate\Routing\Router->runRouteWithinStack(Object(Illuminate\Routing\Route), Object(Illuminate\Http\Request))
#54 /home/af313538/bigsales.pro/www/vendor/laravel/framework/src/Illuminate/Routing/Router.php(511): Illuminate\Routing\Router->dispatchToRoute(Object(Illuminate\Http\Request))
#55 /home/af313538/bigsales.pro/www/vendor/laravel/framework/src/Illuminate/Foundation/Http/Kernel.php(176): Illuminate\Routing\Router->dispatch(Object(Illuminate\Http\Request))
#56 /home/af313538/bigsales.pro/www/vendor/laravel/framework/src/Illuminate/Routing/Pipeline.php(30): Illuminate\Foundation\Http\Kernel->Illuminate\Foundation\Http\{closure}(Object(Illuminate\Http\Request))
#57 /home/af313538/bigsales.pro/www/vendor/laravel/framework/src/Illuminate/Foundation/Http/Middleware/TransformsRequest.php(30): Illuminate\Routing\Pipeline->Illuminate\Routing\{closure}(Object(Illuminate\Http\Request))
#58 /home/af313538/bigsales.pro/www/vendor/laravel/framework/src/Illuminate/Pipeline/Pipeline.php(148): Illuminate\Foundation\Http\Middleware\TransformsRequest->handle(Object(Illuminate\Http\Request), Object(Closure))
#59 /home/af313538/bigsales.pro/www/vendor/laravel/framework/src/Illuminate/Routing/Pipeline.php(53): Illuminate\Pipeline\Pipeline->Illuminate\Pipeline\{closure}(Object(Illuminate\Http\Request))
#60 /home/af313538/bigsales.pro/www/vendor/laravel/framework/src/Illuminate/Foundation/Http/Middleware/TransformsRequest.php(30): Illuminate\Routing\Pipeline->Illuminate\Routing\{closure}(Object(Illuminate\Http\Request))
#61 /home/af313538/bigsales.pro/www/vendor/laravel/framework/src/Illuminate/Pipeline/Pipeline.php(148): Illuminate\Foundation\Http\Middleware\TransformsRequest->handle(Object(Illuminate\Http\Request), Object(Closure))
#62 /home/af313538/bigsales.pro/www/vendor/laravel/framework/src/Illuminate/Routing/Pipeline.php(53): Illuminate\Pipeline\Pipeline->Illuminate\Pipeline\{closure}(Object(Illuminate\Http\Request))
#63 /home/af313538/bigsales.pro/www/vendor/laravel/framework/src/Illuminate/Foundation/Http/Middleware/ValidatePostSize.php(27): Illuminate\Routing\Pipeline->Illuminate\Routing\{closure}(Object(Illuminate\Http\Request))
#64 /home/af313538/bigsales.pro/www/vendor/laravel/framework/src/Illuminate/Pipeline/Pipeline.php(148): Illuminate\Foundation\Http\Middleware\ValidatePostSize->handle(Object(Illuminate\Http\Request), Object(Closure))
#65 /home/af313538/bigsales.pro/www/vendor/laravel/framework/src/Illuminate/Routing/Pipeline.php(53): Illuminate\Pipeline\Pipeline->Illuminate\Pipeline\{closure}(Object(Illuminate\Http\Request))
#66 /home/af313538/bigsales.pro/www/vendor/laravel/framework/src/Illuminate/Foundation/Http/Middleware/CheckForMaintenanceMode.php(46): Illuminate\Routing\Pipeline->Illuminate\Routing\{closure}(Object(Illuminate\Http\Request))
#67 /home/af313538/bigsales.pro/www/vendor/laravel/framework/src/Illuminate/Pipeline/Pipeline.php(148): Illuminate\Foundation\Http\Middleware\CheckForMaintenanceMode->handle(Object(Illuminate\Http\Request), Object(Closure))
#68 /home/af313538/bigsales.pro/www/vendor/laravel/framework/src/Illuminate/Routing/Pipeline.php(53): Illuminate\Pipeline\Pipeline->Illuminate\Pipeline\{closure}(Object(Illuminate\Http\Request))
#69 /home/af313538/bigsales.pro/www/vendor/laravel/framework/src/Illuminate/Pipeline/Pipeline.php(102): Illuminate\Routing\Pipeline->Illuminate\Routing\{closure}(Object(Illuminate\Http\Request))
#70 /home/af313538/bigsales.pro/www/vendor/laravel/framework/src/Illuminate/Foundation/Http/Kernel.php(151): Illuminate\Pipeline\Pipeline->then(Object(Closure))
#71 /home/af313538/bigsales.pro/www/vendor/laravel/framework/src/Illuminate/Foundation/Http/Kernel.php(116): Illuminate\Foundation\Http\Kernel->sendRequestThroughRouter(Object(Illuminate\Http\Request))
#72 /home/af313538/bigsales.pro/www/public/index.php(54): Illuminate\Foundation\Http\Kernel->handle(Object(Illuminate\Http\Request))
#73 {main}  
[2020-04-03 20:30:04] prod.INFO: удалено из таблицы для бэкапа 5141 товаров у компании с id:40  
[2020-04-03 20:30:11] prod.INFO: состояние зафиксировано в таблице успешно 5141 товаров у компании :40  
[2020-04-03 20:30:11] prod.INFO: удалено из таблицы для бэкапа 2343 товаров у компании с id:56  
[2020-04-03 20:30:13] prod.INFO: состояние зафиксировано в таблице успешно 2343 товаров у компании :56  
[2020-04-03 20:30:13] prod.INFO: удалено из таблицы для бэкапа 520 товаров у компании с id:59  
[2020-04-03 20:30:13] prod.INFO: состояние зафиксировано в таблице успешно 520 товаров у компании :59  
[2020-04-03 20:30:14] prod.INFO: удалено из таблицы для бэкапа 3579 товаров у компании с id:64  
[2020-04-03 20:30:18] prod.INFO: состояние зафиксировано в таблице успешно 3579 товаров у компании :64  
[2020-04-03 20:30:18] prod.INFO: удалено из таблицы для бэкапа 1491 товаров у компании с id:128  
[2020-04-03 20:30:19] prod.INFO: состояние зафиксировано в таблице успешно 1491 товаров у компании :128  
[2020-04-03 20:30:19] prod.INFO: удалено из таблицы для бэкапа 705 товаров у компании с id:180  
[2020-04-03 20:30:19] prod.INFO: состояние зафиксировано в таблице успешно 705 товаров у компании :180  
[2020-04-03 20:30:19] prod.INFO: удалено из таблицы для бэкапа 1015 товаров у компании с id:201  
[2020-04-03 20:30:19] prod.INFO: состояние зафиксировано в таблице успешно 1015 товаров у компании :201  
[2020-04-03 20:30:19] prod.INFO: удалено из таблицы для бэкапа 750 товаров у компании с id:207  
[2020-04-03 20:30:20] prod.INFO: состояние зафиксировано в таблице успешно 750 товаров у компании :207  
[2020-04-03 20:30:20] prod.INFO: удалено из таблицы для бэкапа 6054 товаров у компании с id:211  
[2020-04-03 20:30:37] prod.INFO: состояние зафиксировано в таблице успешно 6054 товаров у компании :211  
[2020-04-03 20:30:37] prod.INFO: удалено из таблицы для бэкапа 942 товаров у компании с id:216  
[2020-04-03 20:30:37] prod.INFO: состояние зафиксировано в таблице успешно 942 товаров у компании :216  
[2020-04-03 20:30:38] prod.INFO: удалено из таблицы для бэкапа 3314 товаров у компании с id:218  
[2020-04-03 20:30:42] prod.INFO: состояние зафиксировано в таблице успешно 3314 товаров у компании :218  
[2020-04-03 20:30:42] prod.INFO: удалено из таблицы для бэкапа 3798 товаров у компании с id:222  
[2020-04-03 20:30:47] prod.INFO: состояние зафиксировано в таблице успешно 3798 товаров у компании :222  
[2020-04-03 21:10:02] prod.INFO: table maked success: count row:11 error:0  
[2020-04-03 21:20:35] prod.INFO: у компании с id : 222 Данные в файле не обновлялись после   
[2020-04-03 21:20:35] prod.INFO: id:222 Компания: Luxyart обновилась за 27.975617170334 секунд  
[2020-04-03 21:30:50] prod.INFO: id:218 Компания: Sport Nutrition Ukraine обновилась за 47.318413972855 секунд  
[2020-04-03 21:41:00] prod.INFO: id:216 Компания: garnitur.plus обновилась за 57.399785041809 секунд  
[2020-04-03 22:05:13] prod.INFO: xml сформирован за:  0.011070013046265 секунд  
[2020-04-03 22:05:13] prod.INFO: id:211 Компания: eLook обновилась за 910.70391607285 секунд  
[2020-04-03 22:10:41] prod.INFO: xml сформирован за:  0.011230945587158 секунд  
[2020-04-03 22:10:41] prod.INFO: id:207 Компания: BAGS COMPANY обновилась за 38.284861803055 секунд  
[2020-04-03 22:20:07] prod.INFO: у компании с id : 201 Данные в файле не обновлялись после 2020-03-30 21:50:59  
[2020-04-03 22:20:07] prod.INFO: id:201 Компания: Trend-Box обновилась за 4.2921919822693 секунд  
[2020-04-03 22:30:20] prod.INFO: id:180 Компания: Planeta Hobby обновилась за 16.665865898132 секунд  
[2020-04-03 22:50:36] prod.INFO: xml сформирован за:  0.019469976425171 секунд  
[2020-04-03 22:50:36] prod.INFO: id:64 Компания: бленда-шоп обновилась за 633.58164000511 секунд  
[2020-04-03 23:00:05] prod.INFO: у компании с id : 59 Данные в файле не обновлялись после 2020-04-01 22:40:03  
[2020-04-03 23:00:05] prod.INFO: id:59 Компания: Компания "Евгений" обновилась за 0.19489002227783 секунд  
[2020-04-03 23:11:30] prod.INFO: id:56 Компания: Скай Трейд обновилась за 87.825613021851 секунд  
[2020-04-03 23:30:51] prod.INFO: xml сформирован за:  0.029129028320312 секунд  
[2020-04-03 23:30:51] prod.INFO: id:40 Компания: ФОП Балацький Святослав Романович обновилась за 648.76888990402 секунд  
[2020-04-03 23:40:02] prod.INFO: all companies  updated. This work cron  
[2020-04-03 23:50:02] prod.INFO: all companies  updated. This work cron  
