[2020-04-16 20:30:04] prod.INFO: удалено из таблицы для бэкапа 2343 товаров у компании с id:56  
[2020-04-16 20:30:06] prod.INFO: состояние зафиксировано в таблице успешно 2343 товаров у компании :56  
[2020-04-16 20:30:06] prod.INFO: удалено из таблицы для бэкапа 3592 товаров у компании с id:64  
[2020-04-16 20:30:10] prod.INFO: состояние зафиксировано в таблице успешно 3592 товаров у компании :64  
[2020-04-16 20:30:10] prod.INFO: удалено из таблицы для бэкапа 135 товаров у компании с id:102  
[2020-04-16 20:30:10] prod.INFO: состояние зафиксировано в таблице успешно 135 товаров у компании :102  
[2020-04-16 20:30:11] prod.INFO: удалено из таблицы для бэкапа 1491 товаров у компании с id:128  
[2020-04-16 20:30:11] prod.INFO: состояние зафиксировано в таблице успешно 1491 товаров у компании :128  
[2020-04-16 20:30:11] prod.INFO: удалено из таблицы для бэкапа 708 товаров у компании с id:180  
[2020-04-16 20:30:12] prod.INFO: состояние зафиксировано в таблице успешно 708 товаров у компании :180  
[2020-04-16 20:30:12] prod.INFO: удалено из таблицы для бэкапа 443 товаров у компании с id:188  
[2020-04-16 20:30:12] prod.INFO: состояние зафиксировано в таблице успешно 443 товаров у компании :188  
[2020-04-16 20:30:12] prod.INFO: удалено из таблицы для бэкапа 1018 товаров у компании с id:201  
[2020-04-16 20:30:12] prod.INFO: состояние зафиксировано в таблице успешно 1018 товаров у компании :201  
[2020-04-16 20:30:12] prod.INFO: удалено из таблицы для бэкапа 797 товаров у компании с id:207  
[2020-04-16 20:30:13] prod.INFO: состояние зафиксировано в таблице успешно 797 товаров у компании :207  
[2020-04-16 20:30:13] prod.INFO: удалено из таблицы для бэкапа 6087 товаров у компании с id:211  
[2020-04-16 20:30:27] prod.INFO: состояние зафиксировано в таблице успешно 6087 товаров у компании :211  
[2020-04-16 20:30:28] prod.INFO: удалено из таблицы для бэкапа 943 товаров у компании с id:216  
[2020-04-16 20:30:28] prod.INFO: состояние зафиксировано в таблице успешно 943 товаров у компании :216  
[2020-04-16 20:30:29] prod.INFO: удалено из таблицы для бэкапа 3314 товаров у компании с id:218  
[2020-04-16 20:30:32] prod.INFO: состояние зафиксировано в таблице успешно 3314 товаров у компании :218  
[2020-04-16 20:30:33] prod.INFO: удалено из таблицы для бэкапа 3798 товаров у компании с id:222  
[2020-04-16 20:30:38] prod.INFO: состояние зафиксировано в таблице успешно 3798 товаров у компании :222  
[2020-04-16 20:30:38] prod.INFO: удалено из таблицы для бэкапа 284 товаров у компании с id:246  
[2020-04-16 20:30:38] prod.INFO: состояние зафиксировано в таблице успешно 284 товаров у компании :246  
[2020-04-16 21:10:02] prod.INFO: table maked success: count row:10 error:0  
[2020-04-16 21:20:08] prod.INFO: у компании с id : 246 Данные в файле не обновлялись после 2020-04-10 21:20:17  
[2020-04-16 21:20:08] prod.INFO: id:246 Компания: Престиж обновилась за 1.0923790931702 секунд  
[2020-04-16 21:30:29] prod.INFO: у компании с id : 222 Данные в файле не обновлялись после   
[2020-04-16 21:30:29] prod.INFO: id:222 Компания: Luxyart обновилась за 25.609033823013 секунд  
[2020-04-16 21:41:01] prod.INFO: id:218 Компания: Sport Nutrition Ukraine обновилась за 57.81537103653 секунд  
[2020-04-16 21:50:56] prod.INFO: id:216 Компания: garnitur.plus обновилась за 53.123180150986 секунд  
[2020-04-16 22:16:41] prod.INFO: xml сформирован за:  0.027786016464233 секунд  
[2020-04-16 22:16:41] prod.INFO: id:211 Компания: eLook обновилась за 998.24340796471 секунд  
[2020-04-16 22:20:42] prod.INFO: id:207 Компания: BAGS COMPANY обновилась за 38.403553009033 секунд  
[2020-04-16 22:30:08] prod.INFO: у компании с id : 201 Данные в файле не обновлялись после 2020-04-15 22:31:00  
[2020-04-16 22:30:08] prod.INFO: id:201 Компания: Trend-Box обновилась за 0.97851800918579 секунд  
[2020-04-16 22:40:18] prod.INFO: id:180 Компания: Planeta Hobby обновилась за 16.23779797554 секунд  
[2020-04-16 23:02:19] prod.INFO: xml сформирован за:  0.026661157608032 секунд  
[2020-04-16 23:02:19] prod.INFO: id:64 Компания: бленда-шоп обновилась за 736.53317713737 секунд  
[2020-04-16 23:11:32] prod.INFO: id:56 Компания: Скай Трейд обновилась за 89.131997108459 секунд  
[2020-04-16 23:20:02] prod.INFO: all companies  updated. This work cron  
[2020-04-16 23:30:03] prod.INFO: all companies  updated. This work cron  
[2020-04-16 23:40:02] prod.INFO: all companies  updated. This work cron  
[2020-04-16 23:50:03] prod.INFO: all companies  updated. This work cron  
