[2020-04-02 13:14:24] prod.ERROR: exception 'GuzzleHttp\Exception\ConnectException' with message 'cURL error 7: Failed to connect to www.google.com port 8080: Connection refused (see http://curl.haxx.se/libcurl/c/libcurl-errors.html)' in /home/af313538/bigsales.pro/www/vendor/guzzlehttp/guzzle/src/Handler/CurlFactory.php:185
Stack trace:
#0 /home/af313538/bigsales.pro/www/vendor/guzzlehttp/guzzle/src/Handler/CurlFactory.php(149): GuzzleHttp\Handler\CurlFactory::createRejection(Object(GuzzleHttp\Handler\EasyHandle), Array)
#1 /home/af313538/bigsales.pro/www/vendor/guzzlehttp/guzzle/src/Handler/CurlFactory.php(102): GuzzleHttp\Handler\CurlFactory::finishError(Object(GuzzleHttp\Handler\CurlHandler), Object(GuzzleHttp\Handler\EasyHandle), Object(GuzzleHttp\Handler\CurlFactory))
#2 /home/af313538/bigsales.pro/www/vendor/guzzlehttp/guzzle/src/Handler/CurlHandler.php(43): GuzzleHttp\Handler\CurlFactory::finish(Object(GuzzleHttp\Handler\CurlHandler), Object(GuzzleHttp\Handler\EasyHandle), Object(GuzzleHttp\Handler\CurlFactory))
#3 /home/af313538/bigsales.pro/www/vendor/guzzlehttp/guzzle/src/Handler/Proxy.php(28): GuzzleHttp\Handler\CurlHandler->__invoke(Object(GuzzleHttp\Psr7\Request), Array)
#4 /home/af313538/bigsales.pro/www/vendor/guzzlehttp/guzzle/src/Handler/Proxy.php(51): GuzzleHttp\Handler\Proxy::GuzzleHttp\Handler\{closure}(Object(GuzzleHttp\Psr7\Request), Array)
#5 /home/af313538/bigsales.pro/www/vendor/guzzlehttp/guzzle/src/PrepareBodyMiddleware.php(37): GuzzleHttp\Handler\Proxy::GuzzleHttp\Handler\{closure}(Object(GuzzleHttp\Psr7\Request), Array)
#6 /home/af313538/bigsales.pro/www/vendor/guzzlehttp/guzzle/src/Middleware.php(30): GuzzleHttp\PrepareBodyMiddleware->__invoke(Object(GuzzleHttp\Psr7\Request), Array)
#7 /home/af313538/bigsales.pro/www/vendor/guzzlehttp/guzzle/src/RedirectMiddleware.php(70): GuzzleHttp\Middleware::GuzzleHttp\{closure}(Object(GuzzleHttp\Psr7\Request), Array)
#8 /home/af313538/bigsales.pro/www/vendor/guzzlehttp/guzzle/src/Middleware.php(60): GuzzleHttp\RedirectMiddleware->__invoke(Object(GuzzleHttp\Psr7\Request), Array)
#9 /home/af313538/bigsales.pro/www/vendor/guzzlehttp/guzzle/src/HandlerStack.php(67): GuzzleHttp\Middleware::GuzzleHttp\{closure}(Object(GuzzleHttp\Psr7\Request), Array)
#10 /home/af313538/bigsales.pro/www/vendor/guzzlehttp/guzzle/src/Client.php(277): GuzzleHttp\HandlerStack->__invoke(Object(GuzzleHttp\Psr7\Request), Array)
#11 /home/af313538/bigsales.pro/www/vendor/guzzlehttp/guzzle/src/Client.php(125): GuzzleHttp\Client->transfer(Object(GuzzleHttp\Psr7\Request), Array)
#12 /home/af313538/bigsales.pro/www/vendor/guzzlehttp/guzzle/src/Client.php(131): GuzzleHttp\Client->requestAsync('head', 'https://www.goo...', Array)
#13 /home/af313538/bigsales.pro/www/vendor/guzzlehttp/guzzle/src/Client.php(89): GuzzleHttp\Client->request('head', 'https://www.goo...', Array)
#14 /home/af313538/bigsales.pro/www/routes/web.php(536): GuzzleHttp\Client->__call('head', Array)
#15 /home/af313538/bigsales.pro/www/routes/web.php(536): GuzzleHttp\Client->head('https://www.goo...')
#16 /home/af313538/bigsales.pro/www/vendor/laravel/framework/src/Illuminate/Routing/Route.php(190): Illuminate\Routing\Router->{closure}()
#17 /home/af313538/bigsales.pro/www/vendor/laravel/framework/src/Illuminate/Routing/Route.php(163): Illuminate\Routing\Route->runCallable()
#18 /home/af313538/bigsales.pro/www/vendor/laravel/framework/src/Illuminate/Routing/Router.php(572): Illuminate\Routing\Route->run()
#19 /home/af313538/bigsales.pro/www/vendor/laravel/framework/src/Illuminate/Routing/Pipeline.php(30): Illuminate\Routing\Router->Illuminate\Routing\{closure}(Object(Illuminate\Http\Request))
#20 /home/af313538/bigsales.pro/www/app/Http/Middleware/UserActivity.php(26): Illuminate\Routing\Pipeline->Illuminate\Routing\{closure}(Object(Illuminate\Http\Request))
#21 /home/af313538/bigsales.pro/www/vendor/laravel/framework/src/Illuminate/Pipeline/Pipeline.php(148): App\Http\Middleware\UserActivity->handle(Object(Illuminate\Http\Request), Object(Closure))
#22 /home/af313538/bigsales.pro/www/vendor/laravel/framework/src/Illuminate/Routing/Pipeline.php(53): Illuminate\Pipeline\Pipeline->Illuminate\Pipeline\{closure}(Object(Illuminate\Http\Request))
#23 /home/af313538/bigsales.pro/www/vendor/laravel/framework/src/Illuminate/Routing/Middleware/SubstituteBindings.php(41): Illuminate\Routing\Pipeline->Illuminate\Routing\{closure}(Object(Illuminate\Http\Request))
#24 /home/af313538/bigsales.pro/www/vendor/laravel/framework/src/Illuminate/Pipeline/Pipeline.php(148): Illuminate\Routing\Middleware\SubstituteBindings->handle(Object(Illuminate\Http\Request), Object(Closure))
#25 /home/af313538/bigsales.pro/www/vendor/laravel/framework/src/Illuminate/Routing/Pipeline.php(53): Illuminate\Pipeline\Pipeline->Illuminate\Pipeline\{closure}(Object(Illuminate\Http\Request))
#26 /home/af313538/bigsales.pro/www/vendor/laravel/framework/src/Illuminate/Foundation/Http/Middleware/VerifyCsrfToken.php(65): Illuminate\Routing\Pipeline->Illuminate\Routing\{closure}(Object(Illuminate\Http\Request))
#27 /home/af313538/bigsales.pro/www/vendor/laravel/framework/src/Illuminate/Pipeline/Pipeline.php(148): Illuminate\Foundation\Http\Middleware\VerifyCsrfToken->handle(Object(Illuminate\Http\Request), Object(Closure))
#28 /home/af313538/bigsales.pro/www/vendor/laravel/framework/src/Illuminate/Routing/Pipeline.php(53): Illuminate\Pipeline\Pipeline->Illuminate\Pipeline\{closure}(Object(Illuminate\Http\Request))
#29 /home/af313538/bigsales.pro/www/vendor/laravel/framework/src/Illuminate/View/Middleware/ShareErrorsFromSession.php(49): Illuminate\Routing\Pipeline->Illuminate\Routing\{closure}(Object(Illuminate\Http\Request))
#30 /home/af313538/bigsales.pro/www/vendor/laravel/framework/src/Illuminate/Pipeline/Pipeline.php(148): Illuminate\View\Middleware\ShareErrorsFromSession->handle(Object(Illuminate\Http\Request), Object(Closure))
#31 /home/af313538/bigsales.pro/www/vendor/laravel/framework/src/Illuminate/Routing/Pipeline.php(53): Illuminate\Pipeline\Pipeline->Illuminate\Pipeline\{closure}(Object(Illuminate\Http\Request))
#32 /home/af313538/bigsales.pro/www/vendor/laravel/framework/src/Illuminate/Session/Middleware/StartSession.php(64): Illuminate\Routing\Pipeline->Illuminate\Routing\{closure}(Object(Illuminate\Http\Request))
#33 /home/af313538/bigsales.pro/www/vendor/laravel/framework/src/Illuminate/Pipeline/Pipeline.php(148): Illuminate\Session\Middleware\StartSession->handle(Object(Illuminate\Http\Request), Object(Closure))
#34 /home/af313538/bigsales.pro/www/vendor/laravel/framework/src/Illuminate/Routing/Pipeline.php(53): Illuminate\Pipeline\Pipeline->Illuminate\Pipeline\{closure}(Object(Illuminate\Http\Request))
#35 /home/af313538/bigsales.pro/www/vendor/laravel/framework/src/Illuminate/Cookie/Middleware/AddQueuedCookiesToResponse.php(37): Illuminate\Routing\Pipeline->Illuminate\Routing\{closure}(Object(Illuminate\Http\Request))
#36 /home/af313538/bigsales.pro/www/vendor/laravel/framework/src/Illuminate/Pipeline/Pipeline.php(148): Illuminate\Cookie\Middleware\AddQueuedCookiesToResponse->handle(Object(Illuminate\Http\Request), Object(Closure))
#37 /home/af313538/bigsales.pro/www/vendor/laravel/framework/src/Illuminate/Routing/Pipeline.php(53): Illuminate\Pipeline\Pipeline->Illuminate\Pipeline\{closure}(Object(Illuminate\Http\Request))
#38 /home/af313538/bigsales.pro/www/vendor/laravel/framework/src/Illuminate/Cookie/Middleware/EncryptCookies.php(59): Illuminate\Routing\Pipeline->Illuminate\Routing\{closure}(Object(Illuminate\Http\Request))
#39 /home/af313538/bigsales.pro/www/vendor/laravel/framework/src/Illuminate/Pipeline/Pipeline.php(148): Illuminate\Cookie\Middleware\EncryptCookies->handle(Object(Illuminate\Http\Request), Object(Closure))
#40 /home/af313538/bigsales.pro/www/vendor/laravel/framework/src/Illuminate/Routing/Pipeline.php(53): Illuminate\Pipeline\Pipeline->Illuminate\Pipeline\{closure}(Object(Illuminate\Http\Request))
#41 /home/af313538/bigsales.pro/www/vendor/laravel/framework/src/Illuminate/Pipeline/Pipeline.php(102): Illuminate\Routing\Pipeline->Illuminate\Routing\{closure}(Object(Illuminate\Http\Request))
#42 /home/af313538/bigsales.pro/www/vendor/laravel/framework/src/Illuminate/Routing/Router.php(574): Illuminate\Pipeline\Pipeline->then(Object(Closure))
#43 /home/af313538/bigsales.pro/www/vendor/laravel/framework/src/Illuminate/Routing/Router.php(533): Illuminate\Routing\Router->runRouteWithinStack(Object(Illuminate\Routing\Route), Object(Illuminate\Http\Request))
#44 /home/af313538/bigsales.pro/www/vendor/laravel/framework/src/Illuminate/Routing/Router.php(511): Illuminate\Routing\Router->dispatchToRoute(Object(Illuminate\Http\Request))
#45 /home/af313538/bigsales.pro/www/vendor/laravel/framework/src/Illuminate/Foundation/Http/Kernel.php(176): Illuminate\Routing\Router->dispatch(Object(Illuminate\Http\Request))
#46 /home/af313538/bigsales.pro/www/vendor/laravel/framework/src/Illuminate/Routing/Pipeline.php(30): Illuminate\Foundation\Http\Kernel->Illuminate\Foundation\Http\{closure}(Object(Illuminate\Http\Request))
#47 /home/af313538/bigsales.pro/www/vendor/laravel/framework/src/Illuminate/Foundation/Http/Middleware/TransformsRequest.php(30): Illuminate\Routing\Pipeline->Illuminate\Routing\{closure}(Object(Illuminate\Http\Request))
#48 /home/af313538/bigsales.pro/www/vendor/laravel/framework/src/Illuminate/Pipeline/Pipeline.php(148): Illuminate\Foundation\Http\Middleware\TransformsRequest->handle(Object(Illuminate\Http\Request), Object(Closure))
#49 /home/af313538/bigsales.pro/www/vendor/laravel/framework/src/Illuminate/Routing/Pipeline.php(53): Illuminate\Pipeline\Pipeline->Illuminate\Pipeline\{closure}(Object(Illuminate\Http\Request))
#50 /home/af313538/bigsales.pro/www/vendor/laravel/framework/src/Illuminate/Foundation/Http/Middleware/TransformsRequest.php(30): Illuminate\Routing\Pipeline->Illuminate\Routing\{closure}(Object(Illuminate\Http\Request))
#51 /home/af313538/bigsales.pro/www/vendor/laravel/framework/src/Illuminate/Pipeline/Pipeline.php(148): Illuminate\Foundation\Http\Middleware\TransformsRequest->handle(Object(Illuminate\Http\Request), Object(Closure))
#52 /home/af313538/bigsales.pro/www/vendor/laravel/framework/src/Illuminate/Routing/Pipeline.php(53): Illuminate\Pipeline\Pipeline->Illuminate\Pipeline\{closure}(Object(Illuminate\Http\Request))
#53 /home/af313538/bigsales.pro/www/vendor/laravel/framework/src/Illuminate/Foundation/Http/Middleware/ValidatePostSize.php(27): Illuminate\Routing\Pipeline->Illuminate\Routing\{closure}(Object(Illuminate\Http\Request))
#54 /home/af313538/bigsales.pro/www/vendor/laravel/framework/src/Illuminate/Pipeline/Pipeline.php(148): Illuminate\Foundation\Http\Middleware\ValidatePostSize->handle(Object(Illuminate\Http\Request), Object(Closure))
#55 /home/af313538/bigsales.pro/www/vendor/laravel/framework/src/Illuminate/Routing/Pipeline.php(53): Illuminate\Pipeline\Pipeline->Illuminate\Pipeline\{closure}(Object(Illuminate\Http\Request))
#56 /home/af313538/bigsales.pro/www/vendor/laravel/framework/src/Illuminate/Foundation/Http/Middleware/CheckForMaintenanceMode.php(46): Illuminate\Routing\Pipeline->Illuminate\Routing\{closure}(Object(Illuminate\Http\Request))
#57 /home/af313538/bigsales.pro/www/vendor/laravel/framework/src/Illuminate/Pipeline/Pipeline.php(148): Illuminate\Foundation\Http\Middleware\CheckForMaintenanceMode->handle(Object(Illuminate\Http\Request), Object(Closure))
#58 /home/af313538/bigsales.pro/www/vendor/laravel/framework/src/Illuminate/Routing/Pipeline.php(53): Illuminate\Pipeline\Pipeline->Illuminate\Pipeline\{closure}(Object(Illuminate\Http\Request))
#59 /home/af313538/bigsales.pro/www/vendor/laravel/framework/src/Illuminate/Pipeline/Pipeline.php(102): Illuminate\Routing\Pipeline->Illuminate\Routing\{closure}(Object(Illuminate\Http\Request))
#60 /home/af313538/bigsales.pro/www/vendor/laravel/framework/src/Illuminate/Foundation/Http/Kernel.php(151): Illuminate\Pipeline\Pipeline->then(Object(Closure))
#61 /home/af313538/bigsales.pro/www/vendor/laravel/framework/src/Illuminate/Foundation/Http/Kernel.php(116): Illuminate\Foundation\Http\Kernel->sendRequestThroughRouter(Object(Illuminate\Http\Request))
#62 /home/af313538/bigsales.pro/www/public/index.php(54): Illuminate\Foundation\Http\Kernel->handle(Object(Illuminate\Http\Request))
#63 {main}  
[2020-04-02 13:19:49] prod.ERROR: exception 'ErrorException' with message 'get_headers(https://www.google.com:8080): failed to open stream: Connection refused' in /home/af313538/bigsales.pro/www/routes/web.php:540
Stack trace:
#0 [internal function]: Illuminate\Foundation\Bootstrap\HandleExceptions->handleError(2, 'get_headers(htt...', '/home/af313538/...', 540, Array)
#1 /home/af313538/bigsales.pro/www/routes/web.php(540): get_headers('https://www.goo...')
#2 /home/af313538/bigsales.pro/www/vendor/laravel/framework/src/Illuminate/Routing/Route.php(190): Illuminate\Routing\Router->{closure}()
#3 /home/af313538/bigsales.pro/www/vendor/laravel/framework/src/Illuminate/Routing/Route.php(163): Illuminate\Routing\Route->runCallable()
#4 /home/af313538/bigsales.pro/www/vendor/laravel/framework/src/Illuminate/Routing/Router.php(572): Illuminate\Routing\Route->run()
#5 /home/af313538/bigsales.pro/www/vendor/laravel/framework/src/Illuminate/Routing/Pipeline.php(30): Illuminate\Routing\Router->Illuminate\Routing\{closure}(Object(Illuminate\Http\Request))
#6 /home/af313538/bigsales.pro/www/app/Http/Middleware/UserActivity.php(26): Illuminate\Routing\Pipeline->Illuminate\Routing\{closure}(Object(Illuminate\Http\Request))
#7 /home/af313538/bigsales.pro/www/vendor/laravel/framework/src/Illuminate/Pipeline/Pipeline.php(148): App\Http\Middleware\UserActivity->handle(Object(Illuminate\Http\Request), Object(Closure))
#8 /home/af313538/bigsales.pro/www/vendor/laravel/framework/src/Illuminate/Routing/Pipeline.php(53): Illuminate\Pipeline\Pipeline->Illuminate\Pipeline\{closure}(Object(Illuminate\Http\Request))
#9 /home/af313538/bigsales.pro/www/vendor/laravel/framework/src/Illuminate/Routing/Middleware/SubstituteBindings.php(41): Illuminate\Routing\Pipeline->Illuminate\Routing\{closure}(Object(Illuminate\Http\Request))
#10 /home/af313538/bigsales.pro/www/vendor/laravel/framework/src/Illuminate/Pipeline/Pipeline.php(148): Illuminate\Routing\Middleware\SubstituteBindings->handle(Object(Illuminate\Http\Request), Object(Closure))
#11 /home/af313538/bigsales.pro/www/vendor/laravel/framework/src/Illuminate/Routing/Pipeline.php(53): Illuminate\Pipeline\Pipeline->Illuminate\Pipeline\{closure}(Object(Illuminate\Http\Request))
#12 /home/af313538/bigsales.pro/www/vendor/laravel/framework/src/Illuminate/Foundation/Http/Middleware/VerifyCsrfToken.php(65): Illuminate\Routing\Pipeline->Illuminate\Routing\{closure}(Object(Illuminate\Http\Request))
#13 /home/af313538/bigsales.pro/www/vendor/laravel/framework/src/Illuminate/Pipeline/Pipeline.php(148): Illuminate\Foundation\Http\Middleware\VerifyCsrfToken->handle(Object(Illuminate\Http\Request), Object(Closure))
#14 /home/af313538/bigsales.pro/www/vendor/laravel/framework/src/Illuminate/Routing/Pipeline.php(53): Illuminate\Pipeline\Pipeline->Illuminate\Pipeline\{closure}(Object(Illuminate\Http\Request))
#15 /home/af313538/bigsales.pro/www/vendor/laravel/framework/src/Illuminate/View/Middleware/ShareErrorsFromSession.php(49): Illuminate\Routing\Pipeline->Illuminate\Routing\{closure}(Object(Illuminate\Http\Request))
#16 /home/af313538/bigsales.pro/www/vendor/laravel/framework/src/Illuminate/Pipeline/Pipeline.php(148): Illuminate\View\Middleware\ShareErrorsFromSession->handle(Object(Illuminate\Http\Request), Object(Closure))
#17 /home/af313538/bigsales.pro/www/vendor/laravel/framework/src/Illuminate/Routing/Pipeline.php(53): Illuminate\Pipeline\Pipeline->Illuminate\Pipeline\{closure}(Object(Illuminate\Http\Request))
#18 /home/af313538/bigsales.pro/www/vendor/laravel/framework/src/Illuminate/Session/Middleware/StartSession.php(64): Illuminate\Routing\Pipeline->Illuminate\Routing\{closure}(Object(Illuminate\Http\Request))
#19 /home/af313538/bigsales.pro/www/vendor/laravel/framework/src/Illuminate/Pipeline/Pipeline.php(148): Illuminate\Session\Middleware\StartSession->handle(Object(Illuminate\Http\Request), Object(Closure))
#20 /home/af313538/bigsales.pro/www/vendor/laravel/framework/src/Illuminate/Routing/Pipeline.php(53): Illuminate\Pipeline\Pipeline->Illuminate\Pipeline\{closure}(Object(Illuminate\Http\Request))
#21 /home/af313538/bigsales.pro/www/vendor/laravel/framework/src/Illuminate/Cookie/Middleware/AddQueuedCookiesToResponse.php(37): Illuminate\Routing\Pipeline->Illuminate\Routing\{closure}(Object(Illuminate\Http\Request))
#22 /home/af313538/bigsales.pro/www/vendor/laravel/framework/src/Illuminate/Pipeline/Pipeline.php(148): Illuminate\Cookie\Middleware\AddQueuedCookiesToResponse->handle(Object(Illuminate\Http\Request), Object(Closure))
#23 /home/af313538/bigsales.pro/www/vendor/laravel/framework/src/Illuminate/Routing/Pipeline.php(53): Illuminate\Pipeline\Pipeline->Illuminate\Pipeline\{closure}(Object(Illuminate\Http\Request))
#24 /home/af313538/bigsales.pro/www/vendor/laravel/framework/src/Illuminate/Cookie/Middleware/EncryptCookies.php(59): Illuminate\Routing\Pipeline->Illuminate\Routing\{closure}(Object(Illuminate\Http\Request))
#25 /home/af313538/bigsales.pro/www/vendor/laravel/framework/src/Illuminate/Pipeline/Pipeline.php(148): Illuminate\Cookie\Middleware\EncryptCookies->handle(Object(Illuminate\Http\Request), Object(Closure))
#26 /home/af313538/bigsales.pro/www/vendor/laravel/framework/src/Illuminate/Routing/Pipeline.php(53): Illuminate\Pipeline\Pipeline->Illuminate\Pipeline\{closure}(Object(Illuminate\Http\Request))
#27 /home/af313538/bigsales.pro/www/vendor/laravel/framework/src/Illuminate/Pipeline/Pipeline.php(102): Illuminate\Routing\Pipeline->Illuminate\Routing\{closure}(Object(Illuminate\Http\Request))
#28 /home/af313538/bigsales.pro/www/vendor/laravel/framework/src/Illuminate/Routing/Router.php(574): Illuminate\Pipeline\Pipeline->then(Object(Closure))
#29 /home/af313538/bigsales.pro/www/vendor/laravel/framework/src/Illuminate/Routing/Router.php(533): Illuminate\Routing\Router->runRouteWithinStack(Object(Illuminate\Routing\Route), Object(Illuminate\Http\Request))
#30 /home/af313538/bigsales.pro/www/vendor/laravel/framework/src/Illuminate/Routing/Router.php(511): Illuminate\Routing\Router->dispatchToRoute(Object(Illuminate\Http\Request))
#31 /home/af313538/bigsales.pro/www/vendor/laravel/framework/src/Illuminate/Foundation/Http/Kernel.php(176): Illuminate\Routing\Router->dispatch(Object(Illuminate\Http\Request))
#32 /home/af313538/bigsales.pro/www/vendor/laravel/framework/src/Illuminate/Routing/Pipeline.php(30): Illuminate\Foundation\Http\Kernel->Illuminate\Foundation\Http\{closure}(Object(Illuminate\Http\Request))
#33 /home/af313538/bigsales.pro/www/vendor/laravel/framework/src/Illuminate/Foundation/Http/Middleware/TransformsRequest.php(30): Illuminate\Routing\Pipeline->Illuminate\Routing\{closure}(Object(Illuminate\Http\Request))
#34 /home/af313538/bigsales.pro/www/vendor/laravel/framework/src/Illuminate/Pipeline/Pipeline.php(148): Illuminate\Foundation\Http\Middleware\TransformsRequest->handle(Object(Illuminate\Http\Request), Object(Closure))
#35 /home/af313538/bigsales.pro/www/vendor/laravel/framework/src/Illuminate/Routing/Pipeline.php(53): Illuminate\Pipeline\Pipeline->Illuminate\Pipeline\{closure}(Object(Illuminate\Http\Request))
#36 /home/af313538/bigsales.pro/www/vendor/laravel/framework/src/Illuminate/Foundation/Http/Middleware/TransformsRequest.php(30): Illuminate\Routing\Pipeline->Illuminate\Routing\{closure}(Object(Illuminate\Http\Request))
#37 /home/af313538/bigsales.pro/www/vendor/laravel/framework/src/Illuminate/Pipeline/Pipeline.php(148): Illuminate\Foundation\Http\Middleware\TransformsRequest->handle(Object(Illuminate\Http\Request), Object(Closure))
#38 /home/af313538/bigsales.pro/www/vendor/laravel/framework/src/Illuminate/Routing/Pipeline.php(53): Illuminate\Pipeline\Pipeline->Illuminate\Pipeline\{closure}(Object(Illuminate\Http\Request))
#39 /home/af313538/bigsales.pro/www/vendor/laravel/framework/src/Illuminate/Foundation/Http/Middleware/ValidatePostSize.php(27): Illuminate\Routing\Pipeline->Illuminate\Routing\{closure}(Object(Illuminate\Http\Request))
#40 /home/af313538/bigsales.pro/www/vendor/laravel/framework/src/Illuminate/Pipeline/Pipeline.php(148): Illuminate\Foundation\Http\Middleware\ValidatePostSize->handle(Object(Illuminate\Http\Request), Object(Closure))
#41 /home/af313538/bigsales.pro/www/vendor/laravel/framework/src/Illuminate/Routing/Pipeline.php(53): Illuminate\Pipeline\Pipeline->Illuminate\Pipeline\{closure}(Object(Illuminate\Http\Request))
#42 /home/af313538/bigsales.pro/www/vendor/laravel/framework/src/Illuminate/Foundation/Http/Middleware/CheckForMaintenanceMode.php(46): Illuminate\Routing\Pipeline->Illuminate\Routing\{closure}(Object(Illuminate\Http\Request))
#43 /home/af313538/bigsales.pro/www/vendor/laravel/framework/src/Illuminate/Pipeline/Pipeline.php(148): Illuminate\Foundation\Http\Middleware\CheckForMaintenanceMode->handle(Object(Illuminate\Http\Request), Object(Closure))
#44 /home/af313538/bigsales.pro/www/vendor/laravel/framework/src/Illuminate/Routing/Pipeline.php(53): Illuminate\Pipeline\Pipeline->Illuminate\Pipeline\{closure}(Object(Illuminate\Http\Request))
#45 /home/af313538/bigsales.pro/www/vendor/laravel/framework/src/Illuminate/Pipeline/Pipeline.php(102): Illuminate\Routing\Pipeline->Illuminate\Routing\{closure}(Object(Illuminate\Http\Request))
#46 /home/af313538/bigsales.pro/www/vendor/laravel/framework/src/Illuminate/Foundation/Http/Kernel.php(151): Illuminate\Pipeline\Pipeline->then(Object(Closure))
#47 /home/af313538/bigsales.pro/www/vendor/laravel/framework/src/Illuminate/Foundation/Http/Kernel.php(116): Illuminate\Foundation\Http\Kernel->sendRequestThroughRouter(Object(Illuminate\Http\Request))
#48 /home/af313538/bigsales.pro/www/public/index.php(54): Illuminate\Foundation\Http\Kernel->handle(Object(Illuminate\Http\Request))
#49 {main}  
[2020-04-02 18:58:04] prod.ERROR: exception 'InvalidArgumentException' with message 'Found 1 error while validating the input provided for the PutObject operation:
[Key] expected string length to be >= 1, but found string length of 0' in /home/af313538/bigsales.pro/www/vendor/aws/aws-sdk-php/src/Api/Validator.php:65
Stack trace:
#0 /home/af313538/bigsales.pro/www/vendor/aws/aws-sdk-php/src/Middleware.php(79): Aws\Api\Validator->validate('PutObject', Object(Aws\Api\StructureShape), Array)
#1 /home/af313538/bigsales.pro/www/vendor/aws/aws-sdk-php/src/S3/S3Client.php(447): Aws\Middleware::Aws\{closure}(Object(Aws\Command), NULL)
#2 /home/af313538/bigsales.pro/www/vendor/aws/aws-sdk-php/src/S3/S3Client.php(470): Aws\S3\S3Client::Aws\S3\{closure}(Object(Aws\Command), NULL)
#3 /home/af313538/bigsales.pro/www/vendor/aws/aws-sdk-php/src/S3/S3Client.php(404): Aws\S3\S3Client::Aws\S3\{closure}(Object(Aws\Command), NULL)
#4 /home/af313538/bigsales.pro/www/vendor/aws/aws-sdk-php/src/S3/S3Client.php(423): Aws\S3\S3Client::Aws\S3\{closure}(Object(Aws\Command), NULL)
#5 /home/af313538/bigsales.pro/www/vendor/aws/aws-sdk-php/src/Middleware.php(54): Aws\S3\S3Client::Aws\S3\{closure}(Object(Aws\Command), NULL)
#6 /home/af313538/bigsales.pro/www/vendor/aws/aws-sdk-php/src/S3/SSECMiddleware.php(59): Aws\Middleware::Aws\{closure}(Object(Aws\Command), NULL)
#7 /home/af313538/bigsales.pro/www/vendor/aws/aws-sdk-php/src/IdempotencyTokenMiddleware.php(77): Aws\S3\SSECMiddleware->__invoke(Object(Aws\Command), NULL)
#8 /home/af313538/bigsales.pro/www/vendor/aws/aws-sdk-php/src/AwsClientTrait.php(64): Aws\IdempotencyTokenMiddleware->__invoke(Object(Aws\Command))
#9 /home/af313538/bigsales.pro/www/vendor/aws/aws-sdk-php/src/S3/ObjectUploader.php(85): Aws\AwsClient->executeAsync(Object(Aws\Command))
#10 /home/af313538/bigsales.pro/www/vendor/aws/aws-sdk-php/src/S3/S3ClientTrait.php(48): Aws\S3\ObjectUploader->promise()
#11 /home/af313538/bigsales.pro/www/vendor/aws/aws-sdk-php/src/S3/S3ClientTrait.php(33): Aws\S3\S3Client->uploadAsync('smartplus-image...', '', '<!DOCTYPE html>...', 'public-read', Array)
#12 /home/af313538/bigsales.pro/www/vendor/league/flysystem-aws-s3-v3/src/AwsS3Adapter.php(596): Aws\S3\S3Client->upload('smartplus-image...', '', '<!DOCTYPE html>...', 'public-read', Array)
#13 /home/af313538/bigsales.pro/www/vendor/league/flysystem-aws-s3-v3/src/AwsS3Adapter.php(133): League\Flysystem\AwsS3v3\AwsS3Adapter->upload('', '<!DOCTYPE html>...', Object(League\Flysystem\Config))
#14 /home/af313538/bigsales.pro/www/vendor/league/flysystem/src/Filesystem.php(102): League\Flysystem\AwsS3v3\AwsS3Adapter->write('', '<!DOCTYPE html>...', Object(League\Flysystem\Config))
#15 /home/af313538/bigsales.pro/www/vendor/laravel/framework/src/Illuminate/Filesystem/FilesystemAdapter.php(133): League\Flysystem\Filesystem->put(false, '<!DOCTYPE html>...', Array)
#16 /home/af313538/bigsales.pro/www/app/Http/Controllers/ProviderProductController.php(584): Illuminate\Filesystem\FilesystemAdapter->put(false, '<!DOCTYPE html>...', 'public')
#17 /home/af313538/bigsales.pro/www/app/Http/Controllers/ProviderProductController.php(530): App\Http\Controllers\ProviderProductController->uploadImagesToS3Drive(Array)
#18 [internal function]: App\Http\Controllers\ProviderProductController->store(Object(Illuminate\Http\Request))
#19 /home/af313538/bigsales.pro/www/vendor/laravel/framework/src/Illuminate/Routing/Controller.php(55): call_user_func_array(Array, Array)
#20 /home/af313538/bigsales.pro/www/vendor/laravel/framework/src/Illuminate/Routing/ControllerDispatcher.php(44): Illuminate\Routing\Controller->callAction('store', Array)
#21 /home/af313538/bigsales.pro/www/vendor/laravel/framework/src/Illuminate/Routing/Route.php(204): Illuminate\Routing\ControllerDispatcher->dispatch(Object(Illuminate\Routing\Route), Object(App\Http\Controllers\ProviderProductController), 'store')
#22 /home/af313538/bigsales.pro/www/vendor/laravel/framework/src/Illuminate/Routing/Route.php(160): Illuminate\Routing\Route->runController()
#23 /home/af313538/bigsales.pro/www/vendor/laravel/framework/src/Illuminate/Routing/Router.php(572): Illuminate\Routing\Route->run()
#24 /home/af313538/bigsales.pro/www/vendor/laravel/framework/src/Illuminate/Routing/Pipeline.php(30): Illuminate\Routing\Router->Illuminate\Routing\{closure}(Object(Illuminate\Http\Request))
#25 /home/af313538/bigsales.pro/www/app/Http/Middleware/CheckAbonimentCompanyBlock.php(25): Illuminate\Routing\Pipeline->Illuminate\Routing\{closure}(Object(Illuminate\Http\Request))
#26 /home/af313538/bigsales.pro/www/vendor/laravel/framework/src/Illuminate/Pipeline/Pipeline.php(148): App\Http\Middleware\CheckAbonimentCompanyBlock->handle(Object(Illuminate\Http\Request), Object(Closure))
#27 /home/af313538/bigsales.pro/www/vendor/laravel/framework/src/Illuminate/Routing/Pipeline.php(53): Illuminate\Pipeline\Pipeline->Illuminate\Pipeline\{closure}(Object(Illuminate\Http\Request))
#28 /home/af313538/bigsales.pro/www/app/Http/Middleware/CheckBlockedCompany.php(25): Illuminate\Routing\Pipeline->Illuminate\Routing\{closure}(Object(Illuminate\Http\Request))
#29 /home/af313538/bigsales.pro/www/vendor/laravel/framework/src/Illuminate/Pipeline/Pipeline.php(148): App\Http\Middleware\CheckBlockedCompany->handle(Object(Illuminate\Http\Request), Object(Closure))
#30 /home/af313538/bigsales.pro/www/vendor/laravel/framework/src/Illuminate/Routing/Pipeline.php(53): Illuminate\Pipeline\Pipeline->Illuminate\Pipeline\{closure}(Object(Illuminate\Http\Request))
#31 /home/af313538/bigsales.pro/www/app/Http/Middleware/Provider.php(24): Illuminate\Routing\Pipeline->Illuminate\Routing\{closure}(Object(Illuminate\Http\Request))
#32 /home/af313538/bigsales.pro/www/vendor/laravel/framework/src/Illuminate/Pipeline/Pipeline.php(148): App\Http\Middleware\Provider->handle(Object(Illuminate\Http\Request), Object(Closure))
#33 /home/af313538/bigsales.pro/www/vendor/laravel/framework/src/Illuminate/Routing/Pipeline.php(53): Illuminate\Pipeline\Pipeline->Illuminate\Pipeline\{closure}(Object(Illuminate\Http\Request))
#34 /home/af313538/bigsales.pro/www/app/Http/Middleware/UserActivity.php(26): Illuminate\Routing\Pipeline->Illuminate\Routing\{closure}(Object(Illuminate\Http\Request))
#35 /home/af313538/bigsales.pro/www/vendor/laravel/framework/src/Illuminate/Pipeline/Pipeline.php(148): App\Http\Middleware\UserActivity->handle(Object(Illuminate\Http\Request), Object(Closure))
#36 /home/af313538/bigsales.pro/www/vendor/laravel/framework/src/Illuminate/Routing/Pipeline.php(53): Illuminate\Pipeline\Pipeline->Illuminate\Pipeline\{closure}(Object(Illuminate\Http\Request))
#37 /home/af313538/bigsales.pro/www/vendor/laravel/framework/src/Illuminate/Routing/Middleware/SubstituteBindings.php(41): Illuminate\Routing\Pipeline->Illuminate\Routing\{closure}(Object(Illuminate\Http\Request))
#38 /home/af313538/bigsales.pro/www/vendor/laravel/framework/src/Illuminate/Pipeline/Pipeline.php(148): Illuminate\Routing\Middleware\SubstituteBindings->handle(Object(Illuminate\Http\Request), Object(Closure))
#39 /home/af313538/bigsales.pro/www/vendor/laravel/framework/src/Illuminate/Routing/Pipeline.php(53): Illuminate\Pipeline\Pipeline->Illuminate\Pipeline\{closure}(Object(Illuminate\Http\Request))
#40 /home/af313538/bigsales.pro/www/vendor/laravel/framework/src/Illuminate/Auth/Middleware/Authenticate.php(43): Illuminate\Routing\Pipeline->Illuminate\Routing\{closure}(Object(Illuminate\Http\Request))
#41 /home/af313538/bigsales.pro/www/vendor/laravel/framework/src/Illuminate/Pipeline/Pipeline.php(148): Illuminate\Auth\Middleware\Authenticate->handle(Object(Illuminate\Http\Request), Object(Closure))
#42 /home/af313538/bigsales.pro/www/vendor/laravel/framework/src/Illuminate/Routing/Pipeline.php(53): Illuminate\Pipeline\Pipeline->Illuminate\Pipeline\{closure}(Object(Illuminate\Http\Request))
#43 /home/af313538/bigsales.pro/www/vendor/laravel/framework/src/Illuminate/Foundation/Http/Middleware/VerifyCsrfToken.php(65): Illuminate\Routing\Pipeline->Illuminate\Routing\{closure}(Object(Illuminate\Http\Request))
#44 /home/af313538/bigsales.pro/www/vendor/laravel/framework/src/Illuminate/Pipeline/Pipeline.php(148): Illuminate\Foundation\Http\Middleware\VerifyCsrfToken->handle(Object(Illuminate\Http\Request), Object(Closure))
#45 /home/af313538/bigsales.pro/www/vendor/laravel/framework/src/Illuminate/Routing/Pipeline.php(53): Illuminate\Pipeline\Pipeline->Illuminate\Pipeline\{closure}(Object(Illuminate\Http\Request))
#46 /home/af313538/bigsales.pro/www/vendor/laravel/framework/src/Illuminate/View/Middleware/ShareErrorsFromSession.php(49): Illuminate\Routing\Pipeline->Illuminate\Routing\{closure}(Object(Illuminate\Http\Request))
#47 /home/af313538/bigsales.pro/www/vendor/laravel/framework/src/Illuminate/Pipeline/Pipeline.php(148): Illuminate\View\Middleware\ShareErrorsFromSession->handle(Object(Illuminate\Http\Request), Object(Closure))
#48 /home/af313538/bigsales.pro/www/vendor/laravel/framework/src/Illuminate/Routing/Pipeline.php(53): Illuminate\Pipeline\Pipeline->Illuminate\Pipeline\{closure}(Object(Illuminate\Http\Request))
#49 /home/af313538/bigsales.pro/www/vendor/laravel/framework/src/Illuminate/Session/Middleware/StartSession.php(64): Illuminate\Routing\Pipeline->Illuminate\Routing\{closure}(Object(Illuminate\Http\Request))
#50 /home/af313538/bigsales.pro/www/vendor/laravel/framework/src/Illuminate/Pipeline/Pipeline.php(148): Illuminate\Session\Middleware\StartSession->handle(Object(Illuminate\Http\Request), Object(Closure))
#51 /home/af313538/bigsales.pro/www/vendor/laravel/framework/src/Illuminate/Routing/Pipeline.php(53): Illuminate\Pipeline\Pipeline->Illuminate\Pipeline\{closure}(Object(Illuminate\Http\Request))
#52 /home/af313538/bigsales.pro/www/vendor/laravel/framework/src/Illuminate/Cookie/Middleware/AddQueuedCookiesToResponse.php(37): Illuminate\Routing\Pipeline->Illuminate\Routing\{closure}(Object(Illuminate\Http\Request))
#53 /home/af313538/bigsales.pro/www/vendor/laravel/framework/src/Illuminate/Pipeline/Pipeline.php(148): Illuminate\Cookie\Middleware\AddQueuedCookiesToResponse->handle(Object(Illuminate\Http\Request), Object(Closure))
#54 /home/af313538/bigsales.pro/www/vendor/laravel/framework/src/Illuminate/Routing/Pipeline.php(53): Illuminate\Pipeline\Pipeline->Illuminate\Pipeline\{closure}(Object(Illuminate\Http\Request))
#55 /home/af313538/bigsales.pro/www/vendor/laravel/framework/src/Illuminate/Cookie/Middleware/EncryptCookies.php(59): Illuminate\Routing\Pipeline->Illuminate\Routing\{closure}(Object(Illuminate\Http\Request))
#56 /home/af313538/bigsales.pro/www/vendor/laravel/framework/src/Illuminate/Pipeline/Pipeline.php(148): Illuminate\Cookie\Middleware\EncryptCookies->handle(Object(Illuminate\Http\Request), Object(Closure))
#57 /home/af313538/bigsales.pro/www/vendor/laravel/framework/src/Illuminate/Routing/Pipeline.php(53): Illuminate\Pipeline\Pipeline->Illuminate\Pipeline\{closure}(Object(Illuminate\Http\Request))
#58 /home/af313538/bigsales.pro/www/vendor/laravel/framework/src/Illuminate/Pipeline/Pipeline.php(102): Illuminate\Routing\Pipeline->Illuminate\Routing\{closure}(Object(Illuminate\Http\Request))
#59 /home/af313538/bigsales.pro/www/vendor/laravel/framework/src/Illuminate/Routing/Router.php(574): Illuminate\Pipeline\Pipeline->then(Object(Closure))
#60 /home/af313538/bigsales.pro/www/vendor/laravel/framework/src/Illuminate/Routing/Router.php(533): Illuminate\Routing\Router->runRouteWithinStack(Object(Illuminate\Routing\Route), Object(Illuminate\Http\Request))
#61 /home/af313538/bigsales.pro/www/vendor/laravel/framework/src/Illuminate/Routing/Router.php(511): Illuminate\Routing\Router->dispatchToRoute(Object(Illuminate\Http\Request))
#62 /home/af313538/bigsales.pro/www/vendor/laravel/framework/src/Illuminate/Foundation/Http/Kernel.php(176): Illuminate\Routing\Router->dispatch(Object(Illuminate\Http\Request))
#63 /home/af313538/bigsales.pro/www/vendor/laravel/framework/src/Illuminate/Routing/Pipeline.php(30): Illuminate\Foundation\Http\Kernel->Illuminate\Foundation\Http\{closure}(Object(Illuminate\Http\Request))
#64 /home/af313538/bigsales.pro/www/vendor/laravel/framework/src/Illuminate/Foundation/Http/Middleware/TransformsRequest.php(30): Illuminate\Routing\Pipeline->Illuminate\Routing\{closure}(Object(Illuminate\Http\Request))
#65 /home/af313538/bigsales.pro/www/vendor/laravel/framework/src/Illuminate/Pipeline/Pipeline.php(148): Illuminate\Foundation\Http\Middleware\TransformsRequest->handle(Object(Illuminate\Http\Request), Object(Closure))
#66 /home/af313538/bigsales.pro/www/vendor/laravel/framework/src/Illuminate/Routing/Pipeline.php(53): Illuminate\Pipeline\Pipeline->Illuminate\Pipeline\{closure}(Object(Illuminate\Http\Request))
#67 /home/af313538/bigsales.pro/www/vendor/laravel/framework/src/Illuminate/Foundation/Http/Middleware/TransformsRequest.php(30): Illuminate\Routing\Pipeline->Illuminate\Routing\{closure}(Object(Illuminate\Http\Request))
#68 /home/af313538/bigsales.pro/www/vendor/laravel/framework/src/Illuminate/Pipeline/Pipeline.php(148): Illuminate\Foundation\Http\Middleware\TransformsRequest->handle(Object(Illuminate\Http\Request), Object(Closure))
#69 /home/af313538/bigsales.pro/www/vendor/laravel/framework/src/Illuminate/Routing/Pipeline.php(53): Illuminate\Pipeline\Pipeline->Illuminate\Pipeline\{closure}(Object(Illuminate\Http\Request))
#70 /home/af313538/bigsales.pro/www/vendor/laravel/framework/src/Illuminate/Foundation/Http/Middleware/ValidatePostSize.php(27): Illuminate\Routing\Pipeline->Illuminate\Routing\{closure}(Object(Illuminate\Http\Request))
#71 /home/af313538/bigsales.pro/www/vendor/laravel/framework/src/Illuminate/Pipeline/Pipeline.php(148): Illuminate\Foundation\Http\Middleware\ValidatePostSize->handle(Object(Illuminate\Http\Request), Object(Closure))
#72 /home/af313538/bigsales.pro/www/vendor/laravel/framework/src/Illuminate/Routing/Pipeline.php(53): Illuminate\Pipeline\Pipeline->Illuminate\Pipeline\{closure}(Object(Illuminate\Http\Request))
#73 /home/af313538/bigsales.pro/www/vendor/laravel/framework/src/Illuminate/Foundation/Http/Middleware/CheckForMaintenanceMode.php(46): Illuminate\Routing\Pipeline->Illuminate\Routing\{closure}(Object(Illuminate\Http\Request))
#74 /home/af313538/bigsales.pro/www/vendor/laravel/framework/src/Illuminate/Pipeline/Pipeline.php(148): Illuminate\Foundation\Http\Middleware\CheckForMaintenanceMode->handle(Object(Illuminate\Http\Request), Object(Closure))
#75 /home/af313538/bigsales.pro/www/vendor/laravel/framework/src/Illuminate/Routing/Pipeline.php(53): Illuminate\Pipeline\Pipeline->Illuminate\Pipeline\{closure}(Object(Illuminate\Http\Request))
#76 /home/af313538/bigsales.pro/www/vendor/laravel/framework/src/Illuminate/Pipeline/Pipeline.php(102): Illuminate\Routing\Pipeline->Illuminate\Routing\{closure}(Object(Illuminate\Http\Request))
#77 /home/af313538/bigsales.pro/www/vendor/laravel/framework/src/Illuminate/Foundation/Http/Kernel.php(151): Illuminate\Pipeline\Pipeline->then(Object(Closure))
#78 /home/af313538/bigsales.pro/www/vendor/laravel/framework/src/Illuminate/Foundation/Http/Kernel.php(116): Illuminate\Foundation\Http\Kernel->sendRequestThroughRouter(Object(Illuminate\Http\Request))
#79 /home/af313538/bigsales.pro/www/public/index.php(54): Illuminate\Foundation\Http\Kernel->handle(Object(Illuminate\Http\Request))
#80 {main}  
[2020-04-02 19:07:38] prod.ERROR: exception 'Intervention\Image\Exception\NotSupportedException' with message 'Encoding format (jfif) is not supported.' in /home/af313538/bigsales.pro/www/vendor/intervention/image/src/Intervention/Image/AbstractEncoder.php:163
Stack trace:
#0 /home/af313538/bigsales.pro/www/vendor/intervention/image/src/Intervention/Image/AbstractDriver.php(77): Intervention\Image\AbstractEncoder->process(Object(Intervention\Image\Image), 'jfif', 90)
#1 /home/af313538/bigsales.pro/www/vendor/intervention/image/src/Intervention/Image/Image.php(119): Intervention\Image\AbstractDriver->encode(Object(Intervention\Image\Image), 'jfif', 90)
#2 /home/af313538/bigsales.pro/www/vendor/intervention/image/src/Intervention/Image/Image.php(139): Intervention\Image\Image->encode('jfif', 90)
#3 /home/af313538/bigsales.pro/www/app/Http/Controllers/DropzoneImageController.php(29): Intervention\Image\Image->save('images/uploads/...', 90)
#4 [internal function]: App\Http\Controllers\DropzoneImageController->uploadFiles()
#5 /home/af313538/bigsales.pro/www/vendor/laravel/framework/src/Illuminate/Routing/Controller.php(55): call_user_func_array(Array, Array)
#6 /home/af313538/bigsales.pro/www/vendor/laravel/framework/src/Illuminate/Routing/ControllerDispatcher.php(44): Illuminate\Routing\Controller->callAction('uploadFiles', Array)
#7 /home/af313538/bigsales.pro/www/vendor/laravel/framework/src/Illuminate/Routing/Route.php(204): Illuminate\Routing\ControllerDispatcher->dispatch(Object(Illuminate\Routing\Route), Object(App\Http\Controllers\DropzoneImageController), 'uploadFiles')
#8 /home/af313538/bigsales.pro/www/vendor/laravel/framework/src/Illuminate/Routing/Route.php(160): Illuminate\Routing\Route->runController()
#9 /home/af313538/bigsales.pro/www/vendor/laravel/framework/src/Illuminate/Routing/Router.php(572): Illuminate\Routing\Route->run()
#10 /home/af313538/bigsales.pro/www/vendor/laravel/framework/src/Illuminate/Routing/Pipeline.php(30): Illuminate\Routing\Router->Illuminate\Routing\{closure}(Object(Illuminate\Http\Request))
#11 /home/af313538/bigsales.pro/www/app/Http/Middleware/UserActivity.php(26): Illuminate\Routing\Pipeline->Illuminate\Routing\{closure}(Object(Illuminate\Http\Request))
#12 /home/af313538/bigsales.pro/www/vendor/laravel/framework/src/Illuminate/Pipeline/Pipeline.php(148): App\Http\Middleware\UserActivity->handle(Object(Illuminate\Http\Request), Object(Closure))
#13 /home/af313538/bigsales.pro/www/vendor/laravel/framework/src/Illuminate/Routing/Pipeline.php(53): Illuminate\Pipeline\Pipeline->Illuminate\Pipeline\{closure}(Object(Illuminate\Http\Request))
#14 /home/af313538/bigsales.pro/www/vendor/laravel/framework/src/Illuminate/Routing/Middleware/SubstituteBindings.php(41): Illuminate\Routing\Pipeline->Illuminate\Routing\{closure}(Object(Illuminate\Http\Request))
#15 /home/af313538/bigsales.pro/www/vendor/laravel/framework/src/Illuminate/Pipeline/Pipeline.php(148): Illuminate\Routing\Middleware\SubstituteBindings->handle(Object(Illuminate\Http\Request), Object(Closure))
#16 /home/af313538/bigsales.pro/www/vendor/laravel/framework/src/Illuminate/Routing/Pipeline.php(53): Illuminate\Pipeline\Pipeline->Illuminate\Pipeline\{closure}(Object(Illuminate\Http\Request))
#17 /home/af313538/bigsales.pro/www/vendor/laravel/framework/src/Illuminate/Foundation/Http/Middleware/VerifyCsrfToken.php(65): Illuminate\Routing\Pipeline->Illuminate\Routing\{closure}(Object(Illuminate\Http\Request))
#18 /home/af313538/bigsales.pro/www/vendor/laravel/framework/src/Illuminate/Pipeline/Pipeline.php(148): Illuminate\Foundation\Http\Middleware\VerifyCsrfToken->handle(Object(Illuminate\Http\Request), Object(Closure))
#19 /home/af313538/bigsales.pro/www/vendor/laravel/framework/src/Illuminate/Routing/Pipeline.php(53): Illuminate\Pipeline\Pipeline->Illuminate\Pipeline\{closure}(Object(Illuminate\Http\Request))
#20 /home/af313538/bigsales.pro/www/vendor/laravel/framework/src/Illuminate/View/Middleware/ShareErrorsFromSession.php(49): Illuminate\Routing\Pipeline->Illuminate\Routing\{closure}(Object(Illuminate\Http\Request))
#21 /home/af313538/bigsales.pro/www/vendor/laravel/framework/src/Illuminate/Pipeline/Pipeline.php(148): Illuminate\View\Middleware\ShareErrorsFromSession->handle(Object(Illuminate\Http\Request), Object(Closure))
#22 /home/af313538/bigsales.pro/www/vendor/laravel/framework/src/Illuminate/Routing/Pipeline.php(53): Illuminate\Pipeline\Pipeline->Illuminate\Pipeline\{closure}(Object(Illuminate\Http\Request))
#23 /home/af313538/bigsales.pro/www/vendor/laravel/framework/src/Illuminate/Session/Middleware/StartSession.php(64): Illuminate\Routing\Pipeline->Illuminate\Routing\{closure}(Object(Illuminate\Http\Request))
#24 /home/af313538/bigsales.pro/www/vendor/laravel/framework/src/Illuminate/Pipeline/Pipeline.php(148): Illuminate\Session\Middleware\StartSession->handle(Object(Illuminate\Http\Request), Object(Closure))
#25 /home/af313538/bigsales.pro/www/vendor/laravel/framework/src/Illuminate/Routing/Pipeline.php(53): Illuminate\Pipeline\Pipeline->Illuminate\Pipeline\{closure}(Object(Illuminate\Http\Request))
#26 /home/af313538/bigsales.pro/www/vendor/laravel/framework/src/Illuminate/Cookie/Middleware/AddQueuedCookiesToResponse.php(37): Illuminate\Routing\Pipeline->Illuminate\Routing\{closure}(Object(Illuminate\Http\Request))
#27 /home/af313538/bigsales.pro/www/vendor/laravel/framework/src/Illuminate/Pipeline/Pipeline.php(148): Illuminate\Cookie\Middleware\AddQueuedCookiesToResponse->handle(Object(Illuminate\Http\Request), Object(Closure))
#28 /home/af313538/bigsales.pro/www/vendor/laravel/framework/src/Illuminate/Routing/Pipeline.php(53): Illuminate\Pipeline\Pipeline->Illuminate\Pipeline\{closure}(Object(Illuminate\Http\Request))
#29 /home/af313538/bigsales.pro/www/vendor/laravel/framework/src/Illuminate/Cookie/Middleware/EncryptCookies.php(59): Illuminate\Routing\Pipeline->Illuminate\Routing\{closure}(Object(Illuminate\Http\Request))
#30 /home/af313538/bigsales.pro/www/vendor/laravel/framework/src/Illuminate/Pipeline/Pipeline.php(148): Illuminate\Cookie\Middleware\EncryptCookies->handle(Object(Illuminate\Http\Request), Object(Closure))
#31 /home/af313538/bigsales.pro/www/vendor/laravel/framework/src/Illuminate/Routing/Pipeline.php(53): Illuminate\Pipeline\Pipeline->Illuminate\Pipeline\{closure}(Object(Illuminate\Http\Request))
#32 /home/af313538/bigsales.pro/www/vendor/laravel/framework/src/Illuminate/Pipeline/Pipeline.php(102): Illuminate\Routing\Pipeline->Illuminate\Routing\{closure}(Object(Illuminate\Http\Request))
#33 /home/af313538/bigsales.pro/www/vendor/laravel/framework/src/Illuminate/Routing/Router.php(574): Illuminate\Pipeline\Pipeline->then(Object(Closure))
#34 /home/af313538/bigsales.pro/www/vendor/laravel/framework/src/Illuminate/Routing/Router.php(533): Illuminate\Routing\Router->runRouteWithinStack(Object(Illuminate\Routing\Route), Object(Illuminate\Http\Request))
#35 /home/af313538/bigsales.pro/www/vendor/laravel/framework/src/Illuminate/Routing/Router.php(511): Illuminate\Routing\Router->dispatchToRoute(Object(Illuminate\Http\Request))
#36 /home/af313538/bigsales.pro/www/vendor/laravel/framework/src/Illuminate/Foundation/Http/Kernel.php(176): Illuminate\Routing\Router->dispatch(Object(Illuminate\Http\Request))
#37 /home/af313538/bigsales.pro/www/vendor/laravel/framework/src/Illuminate/Routing/Pipeline.php(30): Illuminate\Foundation\Http\Kernel->Illuminate\Foundation\Http\{closure}(Object(Illuminate\Http\Request))
#38 /home/af313538/bigsales.pro/www/vendor/laravel/framework/src/Illuminate/Foundation/Http/Middleware/TransformsRequest.php(30): Illuminate\Routing\Pipeline->Illuminate\Routing\{closure}(Object(Illuminate\Http\Request))
#39 /home/af313538/bigsales.pro/www/vendor/laravel/framework/src/Illuminate/Pipeline/Pipeline.php(148): Illuminate\Foundation\Http\Middleware\TransformsRequest->handle(Object(Illuminate\Http\Request), Object(Closure))
#40 /home/af313538/bigsales.pro/www/vendor/laravel/framework/src/Illuminate/Routing/Pipeline.php(53): Illuminate\Pipeline\Pipeline->Illuminate\Pipeline\{closure}(Object(Illuminate\Http\Request))
#41 /home/af313538/bigsales.pro/www/vendor/laravel/framework/src/Illuminate/Foundation/Http/Middleware/TransformsRequest.php(30): Illuminate\Routing\Pipeline->Illuminate\Routing\{closure}(Object(Illuminate\Http\Request))
#42 /home/af313538/bigsales.pro/www/vendor/laravel/framework/src/Illuminate/Pipeline/Pipeline.php(148): Illuminate\Foundation\Http\Middleware\TransformsRequest->handle(Object(Illuminate\Http\Request), Object(Closure))
#43 /home/af313538/bigsales.pro/www/vendor/laravel/framework/src/Illuminate/Routing/Pipeline.php(53): Illuminate\Pipeline\Pipeline->Illuminate\Pipeline\{closure}(Object(Illuminate\Http\Request))
#44 /home/af313538/bigsales.pro/www/vendor/laravel/framework/src/Illuminate/Foundation/Http/Middleware/ValidatePostSize.php(27): Illuminate\Routing\Pipeline->Illuminate\Routing\{closure}(Object(Illuminate\Http\Request))
#45 /home/af313538/bigsales.pro/www/vendor/laravel/framework/src/Illuminate/Pipeline/Pipeline.php(148): Illuminate\Foundation\Http\Middleware\ValidatePostSize->handle(Object(Illuminate\Http\Request), Object(Closure))
#46 /home/af313538/bigsales.pro/www/vendor/laravel/framework/src/Illuminate/Routing/Pipeline.php(53): Illuminate\Pipeline\Pipeline->Illuminate\Pipeline\{closure}(Object(Illuminate\Http\Request))
#47 /home/af313538/bigsales.pro/www/vendor/laravel/framework/src/Illuminate/Foundation/Http/Middleware/CheckForMaintenanceMode.php(46): Illuminate\Routing\Pipeline->Illuminate\Routing\{closure}(Object(Illuminate\Http\Request))
#48 /home/af313538/bigsales.pro/www/vendor/laravel/framework/src/Illuminate/Pipeline/Pipeline.php(148): Illuminate\Foundation\Http\Middleware\CheckForMaintenanceMode->handle(Object(Illuminate\Http\Request), Object(Closure))
#49 /home/af313538/bigsales.pro/www/vendor/laravel/framework/src/Illuminate/Routing/Pipeline.php(53): Illuminate\Pipeline\Pipeline->Illuminate\Pipeline\{closure}(Object(Illuminate\Http\Request))
#50 /home/af313538/bigsales.pro/www/vendor/laravel/framework/src/Illuminate/Pipeline/Pipeline.php(102): Illuminate\Routing\Pipeline->Illuminate\Routing\{closure}(Object(Illuminate\Http\Request))
#51 /home/af313538/bigsales.pro/www/vendor/laravel/framework/src/Illuminate/Foundation/Http/Kernel.php(151): Illuminate\Pipeline\Pipeline->then(Object(Closure))
#52 /home/af313538/bigsales.pro/www/vendor/laravel/framework/src/Illuminate/Foundation/Http/Kernel.php(116): Illuminate\Foundation\Http\Kernel->sendRequestThroughRouter(Object(Illuminate\Http\Request))
#53 /home/af313538/bigsales.pro/www/public/index.php(54): Illuminate\Foundation\Http\Kernel->handle(Object(Illuminate\Http\Request))
#54 {main}  
[2020-04-02 20:30:03] prod.INFO: удалено из таблицы для бэкапа 5118 товаров у компании с id:40  
[2020-04-02 20:30:12] prod.INFO: состояние зафиксировано в таблице успешно 5141 товаров у компании :40  
[2020-04-02 20:30:12] prod.INFO: удалено из таблицы для бэкапа 2344 товаров у компании с id:56  
[2020-04-02 20:30:14] prod.INFO: состояние зафиксировано в таблице успешно 2343 товаров у компании :56  
[2020-04-02 20:30:14] prod.INFO: удалено из таблицы для бэкапа 519 товаров у компании с id:59  
[2020-04-02 20:30:14] prod.INFO: состояние зафиксировано в таблице успешно 520 товаров у компании :59  
[2020-04-02 20:30:14] prod.INFO: удалено из таблицы для бэкапа 3579 товаров у компании с id:64  
[2020-04-02 20:30:19] prod.INFO: состояние зафиксировано в таблице успешно 3579 товаров у компании :64  
[2020-04-02 20:30:19] prod.INFO: удалено из таблицы для бэкапа 1491 товаров у компании с id:128  
[2020-04-02 20:30:20] prod.INFO: состояние зафиксировано в таблице успешно 1491 товаров у компании :128  
[2020-04-02 20:30:20] prod.INFO: удалено из таблицы для бэкапа 628 товаров у компании с id:180  
[2020-04-02 20:30:20] prod.INFO: состояние зафиксировано в таблице успешно 705 товаров у компании :180  
[2020-04-02 20:30:20] prod.INFO: удалено из таблицы для бэкапа 1015 товаров у компании с id:201  
[2020-04-02 20:30:21] prod.INFO: состояние зафиксировано в таблице успешно 1015 товаров у компании :201  
[2020-04-02 20:30:21] prod.INFO: удалено из таблицы для бэкапа 725 товаров у компании с id:207  
[2020-04-02 20:30:21] prod.INFO: состояние зафиксировано в таблице успешно 750 товаров у компании :207  
[2020-04-02 20:30:21] prod.INFO: удалено из таблицы для бэкапа 6030 товаров у компании с id:211  
[2020-04-02 20:30:33] prod.INFO: состояние зафиксировано в таблице успешно 6054 товаров у компании :211  
[2020-04-02 20:30:33] prod.INFO: удалено из таблицы для бэкапа 942 товаров у компании с id:216  
[2020-04-02 20:30:33] prod.INFO: состояние зафиксировано в таблице успешно 942 товаров у компании :216  
[2020-04-02 20:30:34] prod.INFO: удалено из таблицы для бэкапа 3314 товаров у компании с id:218  
[2020-04-02 20:30:38] prod.INFO: состояние зафиксировано в таблице успешно 3314 товаров у компании :218  
[2020-04-02 20:30:38] prod.INFO: удалено из таблицы для бэкапа 3798 товаров у компании с id:222  
[2020-04-02 20:30:43] prod.INFO: состояние зафиксировано в таблице успешно 3798 товаров у компании :222  
[2020-04-02 21:10:03] prod.INFO: table maked success: count row:11 error:0  
[2020-04-02 21:20:28] prod.INFO: у компании с id : 222 Данные в файле не обновлялись после   
[2020-04-02 21:20:28] prod.INFO: id:222 Компания: Luxyart обновилась за 24.862338066101 секунд  
[2020-04-02 21:30:57] prod.INFO: id:218 Компания: Sport Nutrition Ukraine обновилась за 52.555728912354 секунд  
[2020-04-02 21:40:53] prod.INFO: id:216 Компания: garnitur.plus обновилась за 51.264575004578 секунд  
[2020-04-02 22:06:07] prod.INFO: xml сформирован за:  0.010680198669434 секунд  
[2020-04-02 22:06:07] prod.INFO: id:211 Компания: eLook обновилась за 964.4762969017 секунд  
[2020-04-02 22:10:38] prod.INFO: xml сформирован за:  0.013721942901611 секунд  
[2020-04-02 22:10:38] prod.INFO: id:207 Компания: BAGS COMPANY обновилась за 35.308187007904 секунд  
[2020-04-02 22:20:09] prod.INFO: у компании с id : 201 Данные в файле не обновлялись после 2020-03-30 21:50:59  
[2020-04-02 22:20:09] prod.INFO: id:201 Компания: Trend-Box обновилась за 5.8112180233002 секунд  
[2020-04-02 22:30:21] prod.INFO: id:180 Компания: Planeta Hobby обновилась за 17.247725009918 секунд  
[2020-04-02 22:51:11] prod.INFO: xml сформирован за:  0.029768943786621 секунд  
[2020-04-02 22:51:11] prod.INFO: id:64 Компания: бленда-шоп обновилась за 668.29271292686 секунд  
[2020-04-02 23:00:04] prod.INFO: у компании с id : 59 Данные в файле не обновлялись после 2020-04-01 22:40:03  
[2020-04-02 23:00:04] prod.INFO: id:59 Компания: Компания "Евгений" обновилась за 0.31061410903931 секунд  
[2020-04-02 23:11:25] prod.INFO: id:56 Компания: Скай Трейд обновилась за 82.318305969238 секунд  
[2020-04-02 23:31:23] prod.INFO: xml сформирован за:  0.02565598487854 секунд  
[2020-04-02 23:31:23] prod.INFO: id:40 Компания: ФОП Балацький Святослав Романович обновилась за 680.73154616356 секунд  
[2020-04-02 23:40:02] prod.INFO: all companies  updated. This work cron  
[2020-04-02 23:50:02] prod.INFO: all companies  updated. This work cron  
