[2020-03-24 07:56:33] prod.INFO: Ошибка платежа{"payment_id":1277224372,"action":"pay","status":"failure","err_code":"9859","err_description":"Insufficient funds","version":3,"type":"buy","paytype":"privat24","public_key":"i63206221095","acq_id":414963,"order_id":"15700","liqpay_order_id":"LKRN9FPF1585029374194277","description":"Пополнение баланса компании \"ART Collection\" на сайте BigSales.pro, платеж №15700","sender_phone":"380684556032","sender_first_name":"Кирилл","sender_last_name":"Курис","sender_card_mask2":"414943*19","sender_card_bank":"pb","sender_card_type":"visa","sender_card_country":804,"amount":2056.56,"currency":"UAH","sender_commission":0.0,"receiver_commission":56.56,"agent_commission":0.0,"amount_debit":2056.56,"amount_credit":2056.56,"commission_debit":0.0,"commission_credit":56.56,"currency_debit":"UAH","currency_credit":"UAH","sender_bonus":0.0,"amount_bonus":0.0,"mpi_eci":"7","is_3ds":false,"language":"ru","create_date":1585029374197,"end_date":1585029392557,"transaction_id":1277224372,"code":"9859"}  
[2020-03-24 10:30:50] prod.ERROR: exception 'PDOException' with message 'SQLSTATE[22007]: Invalid datetime format: 1292 Incorrect datetime value: '' for column 'm_created_at' at row 1' in /home/af313538/bigsales.pro/www/vendor/laravel/framework/src/Illuminate/Database/Connection.php:449
Stack trace:
#0 /home/af313538/bigsales.pro/www/vendor/laravel/framework/src/Illuminate/Database/Connection.php(449): PDOStatement->execute()
#1 /home/af313538/bigsales.pro/www/vendor/laravel/framework/src/Illuminate/Database/Connection.php(640): Illuminate\Database\Connection->Illuminate\Database\{closure}('insert into `ro...', Array)
#2 /home/af313538/bigsales.pro/www/vendor/laravel/framework/src/Illuminate/Database/Connection.php(607): Illuminate\Database\Connection->runQueryCallback('insert into `ro...', Array, Object(Closure))
#3 /home/af313538/bigsales.pro/www/vendor/laravel/framework/src/Illuminate/Database/Connection.php(450): Illuminate\Database\Connection->run('insert into `ro...', Array, Object(Closure))
#4 /home/af313538/bigsales.pro/www/vendor/laravel/framework/src/Illuminate/Database/Connection.php(404): Illuminate\Database\Connection->statement('insert into `ro...', Array)
#5 /home/af313538/bigsales.pro/www/vendor/laravel/framework/src/Illuminate/Database/Query/Processors/Processor.php(32): Illuminate\Database\Connection->insert('insert into `ro...', Array)
#6 /home/af313538/bigsales.pro/www/vendor/laravel/framework/src/Illuminate/Database/Query/Builder.php(2133): Illuminate\Database\Query\Processors\Processor->processInsertGetId(Object(Illuminate\Database\Query\Builder), 'insert into `ro...', Array, 'id')
#7 /home/af313538/bigsales.pro/www/vendor/laravel/framework/src/Illuminate/Database/Eloquent/Builder.php(1251): Illuminate\Database\Query\Builder->insertGetId(Array, 'id')
#8 /home/af313538/bigsales.pro/www/vendor/laravel/framework/src/Illuminate/Database/Eloquent/Model.php(688): Illuminate\Database\Eloquent\Builder->__call('insertGetId', Array)
#9 /home/af313538/bigsales.pro/www/vendor/laravel/framework/src/Illuminate/Database/Eloquent/Model.php(688): Illuminate\Database\Eloquent\Builder->insertGetId(Array, 'id')
#10 /home/af313538/bigsales.pro/www/vendor/laravel/framework/src/Illuminate/Database/Eloquent/Model.php(653): Illuminate\Database\Eloquent\Model->insertAndSetId(Object(Illuminate\Database\Eloquent\Builder), Array)
#11 /home/af313538/bigsales.pro/www/vendor/laravel/framework/src/Illuminate/Database/Eloquent/Model.php(522): Illuminate\Database\Eloquent\Model->performInsert(Object(Illuminate\Database\Eloquent\Builder))
#12 /home/af313538/bigsales.pro/www/vendor/laravel/framework/src/Illuminate/Database/Eloquent/Builder.php(363): Illuminate\Database\Eloquent\Model->save()
#13 /home/af313538/bigsales.pro/www/vendor/laravel/framework/src/Illuminate/Support/helpers.php(964): Illuminate\Database\Eloquent\Builder->Illuminate\Database\Eloquent\{closure}(Object(App\RozetkaMessage))
#14 /home/af313538/bigsales.pro/www/vendor/laravel/framework/src/Illuminate/Database/Eloquent/Builder.php(364): tap(Object(App\RozetkaMessage), Object(Closure))
#15 /home/af313538/bigsales.pro/www/vendor/laravel/framework/src/Illuminate/Database/Eloquent/Model.php(1374): Illuminate\Database\Eloquent\Builder->firstOrCreate(Array, Array)
#16 /home/af313538/bigsales.pro/www/vendor/laravel/framework/src/Illuminate/Database/Eloquent/Model.php(1386): Illuminate\Database\Eloquent\Model->__call('firstOrCreate', Array)
#17 /home/af313538/bigsales.pro/www/vendor/laravel/framework/src/Illuminate/Database/Eloquent/Model.php(1386): App\RozetkaMessage->firstOrCreate(Array, Array)
#18 /home/af313538/bigsales.pro/www/app/Http/Controllers/ProviderMessagesController.php(214): Illuminate\Database\Eloquent\Model::__callStatic('firstOrCreate', Array)
#19 /home/af313538/bigsales.pro/www/app/Http/Controllers/ProviderMessagesController.php(214): App\RozetkaMessage::firstOrCreate(Array, Array)
#20 [internal function]: App\Http\Controllers\ProviderMessagesController->store(Object(Illuminate\Http\Request))
#21 /home/af313538/bigsales.pro/www/vendor/laravel/framework/src/Illuminate/Routing/Controller.php(55): call_user_func_array(Array, Array)
#22 /home/af313538/bigsales.pro/www/vendor/laravel/framework/src/Illuminate/Routing/ControllerDispatcher.php(44): Illuminate\Routing\Controller->callAction('store', Array)
#23 /home/af313538/bigsales.pro/www/vendor/laravel/framework/src/Illuminate/Routing/Route.php(204): Illuminate\Routing\ControllerDispatcher->dispatch(Object(Illuminate\Routing\Route), Object(App\Http\Controllers\ProviderMessagesController), 'store')
#24 /home/af313538/bigsales.pro/www/vendor/laravel/framework/src/Illuminate/Routing/Route.php(160): Illuminate\Routing\Route->runController()
#25 /home/af313538/bigsales.pro/www/vendor/laravel/framework/src/Illuminate/Routing/Router.php(572): Illuminate\Routing\Route->run()
#26 /home/af313538/bigsales.pro/www/vendor/laravel/framework/src/Illuminate/Routing/Pipeline.php(30): Illuminate\Routing\Router->Illuminate\Routing\{closure}(Object(Illuminate\Http\Request))
#27 /home/af313538/bigsales.pro/www/app/Http/Middleware/CheckAbonimentCompanyBlock.php(25): Illuminate\Routing\Pipeline->Illuminate\Routing\{closure}(Object(Illuminate\Http\Request))
#28 /home/af313538/bigsales.pro/www/vendor/laravel/framework/src/Illuminate/Pipeline/Pipeline.php(148): App\Http\Middleware\CheckAbonimentCompanyBlock->handle(Object(Illuminate\Http\Request), Object(Closure))
#29 /home/af313538/bigsales.pro/www/vendor/laravel/framework/src/Illuminate/Routing/Pipeline.php(53): Illuminate\Pipeline\Pipeline->Illuminate\Pipeline\{closure}(Object(Illuminate\Http\Request))
#30 /home/af313538/bigsales.pro/www/app/Http/Middleware/CheckBlockedCompany.php(25): Illuminate\Routing\Pipeline->Illuminate\Routing\{closure}(Object(Illuminate\Http\Request))
#31 /home/af313538/bigsales.pro/www/vendor/laravel/framework/src/Illuminate/Pipeline/Pipeline.php(148): App\Http\Middleware\CheckBlockedCompany->handle(Object(Illuminate\Http\Request), Object(Closure))
#32 /home/af313538/bigsales.pro/www/vendor/laravel/framework/src/Illuminate/Routing/Pipeline.php(53): Illuminate\Pipeline\Pipeline->Illuminate\Pipeline\{closure}(Object(Illuminate\Http\Request))
#33 /home/af313538/bigsales.pro/www/app/Http/Middleware/Provider.php(24): Illuminate\Routing\Pipeline->Illuminate\Routing\{closure}(Object(Illuminate\Http\Request))
#34 /home/af313538/bigsales.pro/www/vendor/laravel/framework/src/Illuminate/Pipeline/Pipeline.php(148): App\Http\Middleware\Provider->handle(Object(Illuminate\Http\Request), Object(Closure))
#35 /home/af313538/bigsales.pro/www/vendor/laravel/framework/src/Illuminate/Routing/Pipeline.php(53): Illuminate\Pipeline\Pipeline->Illuminate\Pipeline\{closure}(Object(Illuminate\Http\Request))
#36 /home/af313538/bigsales.pro/www/app/Http/Middleware/UserActivity.php(26): Illuminate\Routing\Pipeline->Illuminate\Routing\{closure}(Object(Illuminate\Http\Request))
#37 /home/af313538/bigsales.pro/www/vendor/laravel/framework/src/Illuminate/Pipeline/Pipeline.php(148): App\Http\Middleware\UserActivity->handle(Object(Illuminate\Http\Request), Object(Closure))
#38 /home/af313538/bigsales.pro/www/vendor/laravel/framework/src/Illuminate/Routing/Pipeline.php(53): Illuminate\Pipeline\Pipeline->Illuminate\Pipeline\{closure}(Object(Illuminate\Http\Request))
#39 /home/af313538/bigsales.pro/www/vendor/laravel/framework/src/Illuminate/Routing/Middleware/SubstituteBindings.php(41): Illuminate\Routing\Pipeline->Illuminate\Routing\{closure}(Object(Illuminate\Http\Request))
#40 /home/af313538/bigsales.pro/www/vendor/laravel/framework/src/Illuminate/Pipeline/Pipeline.php(148): Illuminate\Routing\Middleware\SubstituteBindings->handle(Object(Illuminate\Http\Request), Object(Closure))
#41 /home/af313538/bigsales.pro/www/vendor/laravel/framework/src/Illuminate/Routing/Pipeline.php(53): Illuminate\Pipeline\Pipeline->Illuminate\Pipeline\{closure}(Object(Illuminate\Http\Request))
#42 /home/af313538/bigsales.pro/www/vendor/laravel/framework/src/Illuminate/Foundation/Http/Middleware/VerifyCsrfToken.php(65): Illuminate\Routing\Pipeline->Illuminate\Routing\{closure}(Object(Illuminate\Http\Request))
#43 /home/af313538/bigsales.pro/www/vendor/laravel/framework/src/Illuminate/Pipeline/Pipeline.php(148): Illuminate\Foundation\Http\Middleware\VerifyCsrfToken->handle(Object(Illuminate\Http\Request), Object(Closure))
#44 /home/af313538/bigsales.pro/www/vendor/laravel/framework/src/Illuminate/Routing/Pipeline.php(53): Illuminate\Pipeline\Pipeline->Illuminate\Pipeline\{closure}(Object(Illuminate\Http\Request))
#45 /home/af313538/bigsales.pro/www/vendor/laravel/framework/src/Illuminate/View/Middleware/ShareErrorsFromSession.php(49): Illuminate\Routing\Pipeline->Illuminate\Routing\{closure}(Object(Illuminate\Http\Request))
#46 /home/af313538/bigsales.pro/www/vendor/laravel/framework/src/Illuminate/Pipeline/Pipeline.php(148): Illuminate\View\Middleware\ShareErrorsFromSession->handle(Object(Illuminate\Http\Request), Object(Closure))
#47 /home/af313538/bigsales.pro/www/vendor/laravel/framework/src/Illuminate/Routing/Pipeline.php(53): Illuminate\Pipeline\Pipeline->Illuminate\Pipeline\{closure}(Object(Illuminate\Http\Request))
#48 /home/af313538/bigsales.pro/www/vendor/laravel/framework/src/Illuminate/Session/Middleware/StartSession.php(64): Illuminate\Routing\Pipeline->Illuminate\Routing\{closure}(Object(Illuminate\Http\Request))
#49 /home/af313538/bigsales.pro/www/vendor/laravel/framework/src/Illuminate/Pipeline/Pipeline.php(148): Illuminate\Session\Middleware\StartSession->handle(Object(Illuminate\Http\Request), Object(Closure))
#50 /home/af313538/bigsales.pro/www/vendor/laravel/framework/src/Illuminate/Routing/Pipeline.php(53): Illuminate\Pipeline\Pipeline->Illuminate\Pipeline\{closure}(Object(Illuminate\Http\Request))
#51 /home/af313538/bigsales.pro/www/vendor/laravel/framework/src/Illuminate/Cookie/Middleware/AddQueuedCookiesToResponse.php(37): Illuminate\Routing\Pipeline->Illuminate\Routing\{closure}(Object(Illuminate\Http\Request))
#52 /home/af313538/bigsales.pro/www/vendor/laravel/framework/src/Illuminate/Pipeline/Pipeline.php(148): Illuminate\Cookie\Middleware\AddQueuedCookiesToResponse->handle(Object(Illuminate\Http\Request), Object(Closure))
#53 /home/af313538/bigsales.pro/www/vendor/laravel/framework/src/Illuminate/Routing/Pipeline.php(53): Illuminate\Pipeline\Pipeline->Illuminate\Pipeline\{closure}(Object(Illuminate\Http\Request))
#54 /home/af313538/bigsales.pro/www/vendor/laravel/framework/src/Illuminate/Cookie/Middleware/EncryptCookies.php(59): Illuminate\Routing\Pipeline->Illuminate\Routing\{closure}(Object(Illuminate\Http\Request))
#55 /home/af313538/bigsales.pro/www/vendor/laravel/framework/src/Illuminate/Pipeline/Pipeline.php(148): Illuminate\Cookie\Middleware\EncryptCookies->handle(Object(Illuminate\Http\Request), Object(Closure))
#56 /home/af313538/bigsales.pro/www/vendor/laravel/framework/src/Illuminate/Routing/Pipeline.php(53): Illuminate\Pipeline\Pipeline->Illuminate\Pipeline\{closure}(Object(Illuminate\Http\Request))
#57 /home/af313538/bigsales.pro/www/vendor/laravel/framework/src/Illuminate/Pipeline/Pipeline.php(102): Illuminate\Routing\Pipeline->Illuminate\Routing\{closure}(Object(Illuminate\Http\Request))
#58 /home/af313538/bigsales.pro/www/vendor/laravel/framework/src/Illuminate/Routing/Router.php(574): Illuminate\Pipeline\Pipeline->then(Object(Closure))
#59 /home/af313538/bigsales.pro/www/vendor/laravel/framework/src/Illuminate/Routing/Router.php(533): Illuminate\Routing\Router->runRouteWithinStack(Object(Illuminate\Routing\Route), Object(Illuminate\Http\Request))
#60 /home/af313538/bigsales.pro/www/vendor/laravel/framework/src/Illuminate/Routing/Router.php(511): Illuminate\Routing\Router->dispatchToRoute(Object(Illuminate\Http\Request))
#61 /home/af313538/bigsales.pro/www/vendor/laravel/framework/src/Illuminate/Foundation/Http/Kernel.php(176): Illuminate\Routing\Router->dispatch(Object(Illuminate\Http\Request))
#62 /home/af313538/bigsales.pro/www/vendor/laravel/framework/src/Illuminate/Routing/Pipeline.php(30): Illuminate\Foundation\Http\Kernel->Illuminate\Foundation\Http\{closure}(Object(Illuminate\Http\Request))
#63 /home/af313538/bigsales.pro/www/vendor/laravel/framework/src/Illuminate/Foundation/Http/Middleware/TransformsRequest.php(30): Illuminate\Routing\Pipeline->Illuminate\Routing\{closure}(Object(Illuminate\Http\Request))
#64 /home/af313538/bigsales.pro/www/vendor/laravel/framework/src/Illuminate/Pipeline/Pipeline.php(148): Illuminate\Foundation\Http\Middleware\TransformsRequest->handle(Object(Illuminate\Http\Request), Object(Closure))
#65 /home/af313538/bigsales.pro/www/vendor/laravel/framework/src/Illuminate/Routing/Pipeline.php(53): Illuminate\Pipeline\Pipeline->Illuminate\Pipeline\{closure}(Object(Illuminate\Http\Request))
#66 /home/af313538/bigsales.pro/www/vendor/laravel/framework/src/Illuminate/Foundation/Http/Middleware/TransformsRequest.php(30): Illuminate\Routing\Pipeline->Illuminate\Routing\{closure}(Object(Illuminate\Http\Request))
#67 /home/af313538/bigsales.pro/www/vendor/laravel/framework/src/Illuminate/Pipeline/Pipeline.php(148): Illuminate\Foundation\Http\Middleware\TransformsRequest->handle(Object(Illuminate\Http\Request), Object(Closure))
#68 /home/af313538/bigsales.pro/www/vendor/laravel/framework/src/Illuminate/Routing/Pipeline.php(53): Illuminate\Pipeline\Pipeline->Illuminate\Pipeline\{closure}(Object(Illuminate\Http\Request))
#69 /home/af313538/bigsales.pro/www/vendor/laravel/framework/src/Illuminate/Foundation/Http/Middleware/ValidatePostSize.php(27): Illuminate\Routing\Pipeline->Illuminate\Routing\{closure}(Object(Illuminate\Http\Request))
#70 /home/af313538/bigsales.pro/www/vendor/laravel/framework/src/Illuminate/Pipeline/Pipeline.php(148): Illuminate\Foundation\Http\Middleware\ValidatePostSize->handle(Object(Illuminate\Http\Request), Object(Closure))
#71 /home/af313538/bigsales.pro/www/vendor/laravel/framework/src/Illuminate/Routing/Pipeline.php(53): Illuminate\Pipeline\Pipeline->Illuminate\Pipeline\{closure}(Object(Illuminate\Http\Request))
#72 /home/af313538/bigsales.pro/www/vendor/laravel/framework/src/Illuminate/Foundation/Http/Middleware/CheckForMaintenanceMode.php(46): Illuminate\Routing\Pipeline->Illuminate\Routing\{closure}(Object(Illuminate\Http\Request))
#73 /home/af313538/bigsales.pro/www/vendor/laravel/framework/src/Illuminate/Pipeline/Pipeline.php(148): Illuminate\Foundation\Http\Middleware\CheckForMaintenanceMode->handle(Object(Illuminate\Http\Request), Object(Closure))
#74 /home/af313538/bigsales.pro/www/vendor/laravel/framework/src/Illuminate/Routing/Pipeline.php(53): Illuminate\Pipeline\Pipeline->Illuminate\Pipeline\{closure}(Object(Illuminate\Http\Request))
#75 /home/af313538/bigsales.pro/www/vendor/laravel/framework/src/Illuminate/Pipeline/Pipeline.php(102): Illuminate\Routing\Pipeline->Illuminate\Routing\{closure}(Object(Illuminate\Http\Request))
#76 /home/af313538/bigsales.pro/www/vendor/laravel/framework/src/Illuminate/Foundation/Http/Kernel.php(151): Illuminate\Pipeline\Pipeline->then(Object(Closure))
#77 /home/af313538/bigsales.pro/www/vendor/laravel/framework/src/Illuminate/Foundation/Http/Kernel.php(116): Illuminate\Foundation\Http\Kernel->sendRequestThroughRouter(Object(Illuminate\Http\Request))
#78 /home/af313538/bigsales.pro/www/public/index.php(54): Illuminate\Foundation\Http\Kernel->handle(Object(Illuminate\Http\Request))
#79 {main}

Next exception 'Illuminate\Database\QueryException' with message 'SQLSTATE[22007]: Invalid datetime format: 1292 Incorrect datetime value: '' for column 'm_created_at' at row 1 (SQL: insert into `rozetka_messages` (`chart_id`, `m_chart_id`, `m_created_at`, `body`, `m_receiver_id`, `sender`, `updated_at`, `created_at`) values (4788, 7699574, , Мы вам не выставляли счет на 1440, сумма наложенного как и была так и есть как на сайте! в приложении указана сумма с пересылкой, 69888897, 2, 2020-03-24 10:30:50, 2020-03-24 10:30:50))' in /home/af313538/bigsales.pro/www/vendor/laravel/framework/src/Illuminate/Database/Connection.php:647
Stack trace:
#0 /home/af313538/bigsales.pro/www/vendor/laravel/framework/src/Illuminate/Database/Connection.php(607): Illuminate\Database\Connection->runQueryCallback('insert into `ro...', Array, Object(Closure))
#1 /home/af313538/bigsales.pro/www/vendor/laravel/framework/src/Illuminate/Database/Connection.php(450): Illuminate\Database\Connection->run('insert into `ro...', Array, Object(Closure))
#2 /home/af313538/bigsales.pro/www/vendor/laravel/framework/src/Illuminate/Database/Connection.php(404): Illuminate\Database\Connection->statement('insert into `ro...', Array)
#3 /home/af313538/bigsales.pro/www/vendor/laravel/framework/src/Illuminate/Database/Query/Processors/Processor.php(32): Illuminate\Database\Connection->insert('insert into `ro...', Array)
#4 /home/af313538/bigsales.pro/www/vendor/laravel/framework/src/Illuminate/Database/Query/Builder.php(2133): Illuminate\Database\Query\Processors\Processor->processInsertGetId(Object(Illuminate\Database\Query\Builder), 'insert into `ro...', Array, 'id')
#5 /home/af313538/bigsales.pro/www/vendor/laravel/framework/src/Illuminate/Database/Eloquent/Builder.php(1251): Illuminate\Database\Query\Builder->insertGetId(Array, 'id')
#6 /home/af313538/bigsales.pro/www/vendor/laravel/framework/src/Illuminate/Database/Eloquent/Model.php(688): Illuminate\Database\Eloquent\Builder->__call('insertGetId', Array)
#7 /home/af313538/bigsales.pro/www/vendor/laravel/framework/src/Illuminate/Database/Eloquent/Model.php(688): Illuminate\Database\Eloquent\Builder->insertGetId(Array, 'id')
#8 /home/af313538/bigsales.pro/www/vendor/laravel/framework/src/Illuminate/Database/Eloquent/Model.php(653): Illuminate\Database\Eloquent\Model->insertAndSetId(Object(Illuminate\Database\Eloquent\Builder), Array)
#9 /home/af313538/bigsales.pro/www/vendor/laravel/framework/src/Illuminate/Database/Eloquent/Model.php(522): Illuminate\Database\Eloquent\Model->performInsert(Object(Illuminate\Database\Eloquent\Builder))
#10 /home/af313538/bigsales.pro/www/vendor/laravel/framework/src/Illuminate/Database/Eloquent/Builder.php(363): Illuminate\Database\Eloquent\Model->save()
#11 /home/af313538/bigsales.pro/www/vendor/laravel/framework/src/Illuminate/Support/helpers.php(964): Illuminate\Database\Eloquent\Builder->Illuminate\Database\Eloquent\{closure}(Object(App\RozetkaMessage))
#12 /home/af313538/bigsales.pro/www/vendor/laravel/framework/src/Illuminate/Database/Eloquent/Builder.php(364): tap(Object(App\RozetkaMessage), Object(Closure))
#13 /home/af313538/bigsales.pro/www/vendor/laravel/framework/src/Illuminate/Database/Eloquent/Model.php(1374): Illuminate\Database\Eloquent\Builder->firstOrCreate(Array, Array)
#14 /home/af313538/bigsales.pro/www/vendor/laravel/framework/src/Illuminate/Database/Eloquent/Model.php(1386): Illuminate\Database\Eloquent\Model->__call('firstOrCreate', Array)
#15 /home/af313538/bigsales.pro/www/vendor/laravel/framework/src/Illuminate/Database/Eloquent/Model.php(1386): App\RozetkaMessage->firstOrCreate(Array, Array)
#16 /home/af313538/bigsales.pro/www/app/Http/Controllers/ProviderMessagesController.php(214): Illuminate\Database\Eloquent\Model::__callStatic('firstOrCreate', Array)
#17 /home/af313538/bigsales.pro/www/app/Http/Controllers/ProviderMessagesController.php(214): App\RozetkaMessage::firstOrCreate(Array, Array)
#18 [internal function]: App\Http\Controllers\ProviderMessagesController->store(Object(Illuminate\Http\Request))
#19 /home/af313538/bigsales.pro/www/vendor/laravel/framework/src/Illuminate/Routing/Controller.php(55): call_user_func_array(Array, Array)
#20 /home/af313538/bigsales.pro/www/vendor/laravel/framework/src/Illuminate/Routing/ControllerDispatcher.php(44): Illuminate\Routing\Controller->callAction('store', Array)
#21 /home/af313538/bigsales.pro/www/vendor/laravel/framework/src/Illuminate/Routing/Route.php(204): Illuminate\Routing\ControllerDispatcher->dispatch(Object(Illuminate\Routing\Route), Object(App\Http\Controllers\ProviderMessagesController), 'store')
#22 /home/af313538/bigsales.pro/www/vendor/laravel/framework/src/Illuminate/Routing/Route.php(160): Illuminate\Routing\Route->runController()
#23 /home/af313538/bigsales.pro/www/vendor/laravel/framework/src/Illuminate/Routing/Router.php(572): Illuminate\Routing\Route->run()
#24 /home/af313538/bigsales.pro/www/vendor/laravel/framework/src/Illuminate/Routing/Pipeline.php(30): Illuminate\Routing\Router->Illuminate\Routing\{closure}(Object(Illuminate\Http\Request))
#25 /home/af313538/bigsales.pro/www/app/Http/Middleware/CheckAbonimentCompanyBlock.php(25): Illuminate\Routing\Pipeline->Illuminate\Routing\{closure}(Object(Illuminate\Http\Request))
#26 /home/af313538/bigsales.pro/www/vendor/laravel/framework/src/Illuminate/Pipeline/Pipeline.php(148): App\Http\Middleware\CheckAbonimentCompanyBlock->handle(Object(Illuminate\Http\Request), Object(Closure))
#27 /home/af313538/bigsales.pro/www/vendor/laravel/framework/src/Illuminate/Routing/Pipeline.php(53): Illuminate\Pipeline\Pipeline->Illuminate\Pipeline\{closure}(Object(Illuminate\Http\Request))
#28 /home/af313538/bigsales.pro/www/app/Http/Middleware/CheckBlockedCompany.php(25): Illuminate\Routing\Pipeline->Illuminate\Routing\{closure}(Object(Illuminate\Http\Request))
#29 /home/af313538/bigsales.pro/www/vendor/laravel/framework/src/Illuminate/Pipeline/Pipeline.php(148): App\Http\Middleware\CheckBlockedCompany->handle(Object(Illuminate\Http\Request), Object(Closure))
#30 /home/af313538/bigsales.pro/www/vendor/laravel/framework/src/Illuminate/Routing/Pipeline.php(53): Illuminate\Pipeline\Pipeline->Illuminate\Pipeline\{closure}(Object(Illuminate\Http\Request))
#31 /home/af313538/bigsales.pro/www/app/Http/Middleware/Provider.php(24): Illuminate\Routing\Pipeline->Illuminate\Routing\{closure}(Object(Illuminate\Http\Request))
#32 /home/af313538/bigsales.pro/www/vendor/laravel/framework/src/Illuminate/Pipeline/Pipeline.php(148): App\Http\Middleware\Provider->handle(Object(Illuminate\Http\Request), Object(Closure))
#33 /home/af313538/bigsales.pro/www/vendor/laravel/framework/src/Illuminate/Routing/Pipeline.php(53): Illuminate\Pipeline\Pipeline->Illuminate\Pipeline\{closure}(Object(Illuminate\Http\Request))
#34 /home/af313538/bigsales.pro/www/app/Http/Middleware/UserActivity.php(26): Illuminate\Routing\Pipeline->Illuminate\Routing\{closure}(Object(Illuminate\Http\Request))
#35 /home/af313538/bigsales.pro/www/vendor/laravel/framework/src/Illuminate/Pipeline/Pipeline.php(148): App\Http\Middleware\UserActivity->handle(Object(Illuminate\Http\Request), Object(Closure))
#36 /home/af313538/bigsales.pro/www/vendor/laravel/framework/src/Illuminate/Routing/Pipeline.php(53): Illuminate\Pipeline\Pipeline->Illuminate\Pipeline\{closure}(Object(Illuminate\Http\Request))
#37 /home/af313538/bigsales.pro/www/vendor/laravel/framework/src/Illuminate/Routing/Middleware/SubstituteBindings.php(41): Illuminate\Routing\Pipeline->Illuminate\Routing\{closure}(Object(Illuminate\Http\Request))
#38 /home/af313538/bigsales.pro/www/vendor/laravel/framework/src/Illuminate/Pipeline/Pipeline.php(148): Illuminate\Routing\Middleware\SubstituteBindings->handle(Object(Illuminate\Http\Request), Object(Closure))
#39 /home/af313538/bigsales.pro/www/vendor/laravel/framework/src/Illuminate/Routing/Pipeline.php(53): Illuminate\Pipeline\Pipeline->Illuminate\Pipeline\{closure}(Object(Illuminate\Http\Request))
#40 /home/af313538/bigsales.pro/www/vendor/laravel/framework/src/Illuminate/Foundation/Http/Middleware/VerifyCsrfToken.php(65): Illuminate\Routing\Pipeline->Illuminate\Routing\{closure}(Object(Illuminate\Http\Request))
#41 /home/af313538/bigsales.pro/www/vendor/laravel/framework/src/Illuminate/Pipeline/Pipeline.php(148): Illuminate\Foundation\Http\Middleware\VerifyCsrfToken->handle(Object(Illuminate\Http\Request), Object(Closure))
#42 /home/af313538/bigsales.pro/www/vendor/laravel/framework/src/Illuminate/Routing/Pipeline.php(53): Illuminate\Pipeline\Pipeline->Illuminate\Pipeline\{closure}(Object(Illuminate\Http\Request))
#43 /home/af313538/bigsales.pro/www/vendor/laravel/framework/src/Illuminate/View/Middleware/ShareErrorsFromSession.php(49): Illuminate\Routing\Pipeline->Illuminate\Routing\{closure}(Object(Illuminate\Http\Request))
#44 /home/af313538/bigsales.pro/www/vendor/laravel/framework/src/Illuminate/Pipeline/Pipeline.php(148): Illuminate\View\Middleware\ShareErrorsFromSession->handle(Object(Illuminate\Http\Request), Object(Closure))
#45 /home/af313538/bigsales.pro/www/vendor/laravel/framework/src/Illuminate/Routing/Pipeline.php(53): Illuminate\Pipeline\Pipeline->Illuminate\Pipeline\{closure}(Object(Illuminate\Http\Request))
#46 /home/af313538/bigsales.pro/www/vendor/laravel/framework/src/Illuminate/Session/Middleware/StartSession.php(64): Illuminate\Routing\Pipeline->Illuminate\Routing\{closure}(Object(Illuminate\Http\Request))
#47 /home/af313538/bigsales.pro/www/vendor/laravel/framework/src/Illuminate/Pipeline/Pipeline.php(148): Illuminate\Session\Middleware\StartSession->handle(Object(Illuminate\Http\Request), Object(Closure))
#48 /home/af313538/bigsales.pro/www/vendor/laravel/framework/src/Illuminate/Routing/Pipeline.php(53): Illuminate\Pipeline\Pipeline->Illuminate\Pipeline\{closure}(Object(Illuminate\Http\Request))
#49 /home/af313538/bigsales.pro/www/vendor/laravel/framework/src/Illuminate/Cookie/Middleware/AddQueuedCookiesToResponse.php(37): Illuminate\Routing\Pipeline->Illuminate\Routing\{closure}(Object(Illuminate\Http\Request))
#50 /home/af313538/bigsales.pro/www/vendor/laravel/framework/src/Illuminate/Pipeline/Pipeline.php(148): Illuminate\Cookie\Middleware\AddQueuedCookiesToResponse->handle(Object(Illuminate\Http\Request), Object(Closure))
#51 /home/af313538/bigsales.pro/www/vendor/laravel/framework/src/Illuminate/Routing/Pipeline.php(53): Illuminate\Pipeline\Pipeline->Illuminate\Pipeline\{closure}(Object(Illuminate\Http\Request))
#52 /home/af313538/bigsales.pro/www/vendor/laravel/framework/src/Illuminate/Cookie/Middleware/EncryptCookies.php(59): Illuminate\Routing\Pipeline->Illuminate\Routing\{closure}(Object(Illuminate\Http\Request))
#53 /home/af313538/bigsales.pro/www/vendor/laravel/framework/src/Illuminate/Pipeline/Pipeline.php(148): Illuminate\Cookie\Middleware\EncryptCookies->handle(Object(Illuminate\Http\Request), Object(Closure))
#54 /home/af313538/bigsales.pro/www/vendor/laravel/framework/src/Illuminate/Routing/Pipeline.php(53): Illuminate\Pipeline\Pipeline->Illuminate\Pipeline\{closure}(Object(Illuminate\Http\Request))
#55 /home/af313538/bigsales.pro/www/vendor/laravel/framework/src/Illuminate/Pipeline/Pipeline.php(102): Illuminate\Routing\Pipeline->Illuminate\Routing\{closure}(Object(Illuminate\Http\Request))
#56 /home/af313538/bigsales.pro/www/vendor/laravel/framework/src/Illuminate/Routing/Router.php(574): Illuminate\Pipeline\Pipeline->then(Object(Closure))
#57 /home/af313538/bigsales.pro/www/vendor/laravel/framework/src/Illuminate/Routing/Router.php(533): Illuminate\Routing\Router->runRouteWithinStack(Object(Illuminate\Routing\Route), Object(Illuminate\Http\Request))
#58 /home/af313538/bigsales.pro/www/vendor/laravel/framework/src/Illuminate/Routing/Router.php(511): Illuminate\Routing\Router->dispatchToRoute(Object(Illuminate\Http\Request))
#59 /home/af313538/bigsales.pro/www/vendor/laravel/framework/src/Illuminate/Foundation/Http/Kernel.php(176): Illuminate\Routing\Router->dispatch(Object(Illuminate\Http\Request))
#60 /home/af313538/bigsales.pro/www/vendor/laravel/framework/src/Illuminate/Routing/Pipeline.php(30): Illuminate\Foundation\Http\Kernel->Illuminate\Foundation\Http\{closure}(Object(Illuminate\Http\Request))
#61 /home/af313538/bigsales.pro/www/vendor/laravel/framework/src/Illuminate/Foundation/Http/Middleware/TransformsRequest.php(30): Illuminate\Routing\Pipeline->Illuminate\Routing\{closure}(Object(Illuminate\Http\Request))
#62 /home/af313538/bigsales.pro/www/vendor/laravel/framework/src/Illuminate/Pipeline/Pipeline.php(148): Illuminate\Foundation\Http\Middleware\TransformsRequest->handle(Object(Illuminate\Http\Request), Object(Closure))
#63 /home/af313538/bigsales.pro/www/vendor/laravel/framework/src/Illuminate/Routing/Pipeline.php(53): Illuminate\Pipeline\Pipeline->Illuminate\Pipeline\{closure}(Object(Illuminate\Http\Request))
#64 /home/af313538/bigsales.pro/www/vendor/laravel/framework/src/Illuminate/Foundation/Http/Middleware/TransformsRequest.php(30): Illuminate\Routing\Pipeline->Illuminate\Routing\{closure}(Object(Illuminate\Http\Request))
#65 /home/af313538/bigsales.pro/www/vendor/laravel/framework/src/Illuminate/Pipeline/Pipeline.php(148): Illuminate\Foundation\Http\Middleware\TransformsRequest->handle(Object(Illuminate\Http\Request), Object(Closure))
#66 /home/af313538/bigsales.pro/www/vendor/laravel/framework/src/Illuminate/Routing/Pipeline.php(53): Illuminate\Pipeline\Pipeline->Illuminate\Pipeline\{closure}(Object(Illuminate\Http\Request))
#67 /home/af313538/bigsales.pro/www/vendor/laravel/framework/src/Illuminate/Foundation/Http/Middleware/ValidatePostSize.php(27): Illuminate\Routing\Pipeline->Illuminate\Routing\{closure}(Object(Illuminate\Http\Request))
#68 /home/af313538/bigsales.pro/www/vendor/laravel/framework/src/Illuminate/Pipeline/Pipeline.php(148): Illuminate\Foundation\Http\Middleware\ValidatePostSize->handle(Object(Illuminate\Http\Request), Object(Closure))
#69 /home/af313538/bigsales.pro/www/vendor/laravel/framework/src/Illuminate/Routing/Pipeline.php(53): Illuminate\Pipeline\Pipeline->Illuminate\Pipeline\{closure}(Object(Illuminate\Http\Request))
#70 /home/af313538/bigsales.pro/www/vendor/laravel/framework/src/Illuminate/Foundation/Http/Middleware/CheckForMaintenanceMode.php(46): Illuminate\Routing\Pipeline->Illuminate\Routing\{closure}(Object(Illuminate\Http\Request))
#71 /home/af313538/bigsales.pro/www/vendor/laravel/framework/src/Illuminate/Pipeline/Pipeline.php(148): Illuminate\Foundation\Http\Middleware\CheckForMaintenanceMode->handle(Object(Illuminate\Http\Request), Object(Closure))
#72 /home/af313538/bigsales.pro/www/vendor/laravel/framework/src/Illuminate/Routing/Pipeline.php(53): Illuminate\Pipeline\Pipeline->Illuminate\Pipeline\{closure}(Object(Illuminate\Http\Request))
#73 /home/af313538/bigsales.pro/www/vendor/laravel/framework/src/Illuminate/Pipeline/Pipeline.php(102): Illuminate\Routing\Pipeline->Illuminate\Routing\{closure}(Object(Illuminate\Http\Request))
#74 /home/af313538/bigsales.pro/www/vendor/laravel/framework/src/Illuminate/Foundation/Http/Kernel.php(151): Illuminate\Pipeline\Pipeline->then(Object(Closure))
#75 /home/af313538/bigsales.pro/www/vendor/laravel/framework/src/Illuminate/Foundation/Http/Kernel.php(116): Illuminate\Foundation\Http\Kernel->sendRequestThroughRouter(Object(Illuminate\Http\Request))
#76 /home/af313538/bigsales.pro/www/public/index.php(54): Illuminate\Foundation\Http\Kernel->handle(Object(Illuminate\Http\Request))
#77 {main}  
[2020-03-24 13:01:55] prod.ERROR: exception 'ErrorException' with message 'Trying to get property of non-object' in /home/af313538/bigsales.pro/www/app/Http/Controllers/ProviderProductController.php:722
Stack trace:
#0 /home/af313538/bigsales.pro/www/app/Http/Controllers/ProviderProductController.php(722): Illuminate\Foundation\Bootstrap\HandleExceptions->handleError(8, 'Trying to get p...', '/home/af313538/...', 722, Array)
#1 [internal function]: App\Http\Controllers\ProviderProductController->checkEditProduct(Object(Illuminate\Http\Request), '265615')
#2 /home/af313538/bigsales.pro/www/vendor/laravel/framework/src/Illuminate/Routing/Controller.php(55): call_user_func_array(Array, Array)
#3 /home/af313538/bigsales.pro/www/vendor/laravel/framework/src/Illuminate/Routing/ControllerDispatcher.php(44): Illuminate\Routing\Controller->callAction('checkEditProduc...', Array)
#4 /home/af313538/bigsales.pro/www/vendor/laravel/framework/src/Illuminate/Routing/Route.php(204): Illuminate\Routing\ControllerDispatcher->dispatch(Object(Illuminate\Routing\Route), Object(App\Http\Controllers\ProviderProductController), 'checkEditProduc...')
#5 /home/af313538/bigsales.pro/www/vendor/laravel/framework/src/Illuminate/Routing/Route.php(160): Illuminate\Routing\Route->runController()
#6 /home/af313538/bigsales.pro/www/vendor/laravel/framework/src/Illuminate/Routing/Router.php(572): Illuminate\Routing\Route->run()
#7 /home/af313538/bigsales.pro/www/vendor/laravel/framework/src/Illuminate/Routing/Pipeline.php(30): Illuminate\Routing\Router->Illuminate\Routing\{closure}(Object(Illuminate\Http\Request))
#8 /home/af313538/bigsales.pro/www/app/Http/Middleware/CheckAbonimentCompanyBlock.php(25): Illuminate\Routing\Pipeline->Illuminate\Routing\{closure}(Object(Illuminate\Http\Request))
#9 /home/af313538/bigsales.pro/www/vendor/laravel/framework/src/Illuminate/Pipeline/Pipeline.php(148): App\Http\Middleware\CheckAbonimentCompanyBlock->handle(Object(Illuminate\Http\Request), Object(Closure))
#10 /home/af313538/bigsales.pro/www/vendor/laravel/framework/src/Illuminate/Routing/Pipeline.php(53): Illuminate\Pipeline\Pipeline->Illuminate\Pipeline\{closure}(Object(Illuminate\Http\Request))
#11 /home/af313538/bigsales.pro/www/app/Http/Middleware/CheckBlockedCompany.php(25): Illuminate\Routing\Pipeline->Illuminate\Routing\{closure}(Object(Illuminate\Http\Request))
#12 /home/af313538/bigsales.pro/www/vendor/laravel/framework/src/Illuminate/Pipeline/Pipeline.php(148): App\Http\Middleware\CheckBlockedCompany->handle(Object(Illuminate\Http\Request), Object(Closure))
#13 /home/af313538/bigsales.pro/www/vendor/laravel/framework/src/Illuminate/Routing/Pipeline.php(53): Illuminate\Pipeline\Pipeline->Illuminate\Pipeline\{closure}(Object(Illuminate\Http\Request))
#14 /home/af313538/bigsales.pro/www/app/Http/Middleware/Provider.php(24): Illuminate\Routing\Pipeline->Illuminate\Routing\{closure}(Object(Illuminate\Http\Request))
#15 /home/af313538/bigsales.pro/www/vendor/laravel/framework/src/Illuminate/Pipeline/Pipeline.php(148): App\Http\Middleware\Provider->handle(Object(Illuminate\Http\Request), Object(Closure))
#16 /home/af313538/bigsales.pro/www/vendor/laravel/framework/src/Illuminate/Routing/Pipeline.php(53): Illuminate\Pipeline\Pipeline->Illuminate\Pipeline\{closure}(Object(Illuminate\Http\Request))
#17 /home/af313538/bigsales.pro/www/app/Http/Middleware/UserActivity.php(26): Illuminate\Routing\Pipeline->Illuminate\Routing\{closure}(Object(Illuminate\Http\Request))
#18 /home/af313538/bigsales.pro/www/vendor/laravel/framework/src/Illuminate/Pipeline/Pipeline.php(148): App\Http\Middleware\UserActivity->handle(Object(Illuminate\Http\Request), Object(Closure))
#19 /home/af313538/bigsales.pro/www/vendor/laravel/framework/src/Illuminate/Routing/Pipeline.php(53): Illuminate\Pipeline\Pipeline->Illuminate\Pipeline\{closure}(Object(Illuminate\Http\Request))
#20 /home/af313538/bigsales.pro/www/vendor/laravel/framework/src/Illuminate/Routing/Middleware/SubstituteBindings.php(41): Illuminate\Routing\Pipeline->Illuminate\Routing\{closure}(Object(Illuminate\Http\Request))
#21 /home/af313538/bigsales.pro/www/vendor/laravel/framework/src/Illuminate/Pipeline/Pipeline.php(148): Illuminate\Routing\Middleware\SubstituteBindings->handle(Object(Illuminate\Http\Request), Object(Closure))
#22 /home/af313538/bigsales.pro/www/vendor/laravel/framework/src/Illuminate/Routing/Pipeline.php(53): Illuminate\Pipeline\Pipeline->Illuminate\Pipeline\{closure}(Object(Illuminate\Http\Request))
#23 /home/af313538/bigsales.pro/www/vendor/laravel/framework/src/Illuminate/Auth/Middleware/Authenticate.php(43): Illuminate\Routing\Pipeline->Illuminate\Routing\{closure}(Object(Illuminate\Http\Request))
#24 /home/af313538/bigsales.pro/www/vendor/laravel/framework/src/Illuminate/Pipeline/Pipeline.php(148): Illuminate\Auth\Middleware\Authenticate->handle(Object(Illuminate\Http\Request), Object(Closure))
#25 /home/af313538/bigsales.pro/www/vendor/laravel/framework/src/Illuminate/Routing/Pipeline.php(53): Illuminate\Pipeline\Pipeline->Illuminate\Pipeline\{closure}(Object(Illuminate\Http\Request))
#26 /home/af313538/bigsales.pro/www/vendor/laravel/framework/src/Illuminate/Foundation/Http/Middleware/VerifyCsrfToken.php(65): Illuminate\Routing\Pipeline->Illuminate\Routing\{closure}(Object(Illuminate\Http\Request))
#27 /home/af313538/bigsales.pro/www/vendor/laravel/framework/src/Illuminate/Pipeline/Pipeline.php(148): Illuminate\Foundation\Http\Middleware\VerifyCsrfToken->handle(Object(Illuminate\Http\Request), Object(Closure))
#28 /home/af313538/bigsales.pro/www/vendor/laravel/framework/src/Illuminate/Routing/Pipeline.php(53): Illuminate\Pipeline\Pipeline->Illuminate\Pipeline\{closure}(Object(Illuminate\Http\Request))
#29 /home/af313538/bigsales.pro/www/vendor/laravel/framework/src/Illuminate/View/Middleware/ShareErrorsFromSession.php(49): Illuminate\Routing\Pipeline->Illuminate\Routing\{closure}(Object(Illuminate\Http\Request))
#30 /home/af313538/bigsales.pro/www/vendor/laravel/framework/src/Illuminate/Pipeline/Pipeline.php(148): Illuminate\View\Middleware\ShareErrorsFromSession->handle(Object(Illuminate\Http\Request), Object(Closure))
#31 /home/af313538/bigsales.pro/www/vendor/laravel/framework/src/Illuminate/Routing/Pipeline.php(53): Illuminate\Pipeline\Pipeline->Illuminate\Pipeline\{closure}(Object(Illuminate\Http\Request))
#32 /home/af313538/bigsales.pro/www/vendor/laravel/framework/src/Illuminate/Session/Middleware/StartSession.php(64): Illuminate\Routing\Pipeline->Illuminate\Routing\{closure}(Object(Illuminate\Http\Request))
#33 /home/af313538/bigsales.pro/www/vendor/laravel/framework/src/Illuminate/Pipeline/Pipeline.php(148): Illuminate\Session\Middleware\StartSession->handle(Object(Illuminate\Http\Request), Object(Closure))
#34 /home/af313538/bigsales.pro/www/vendor/laravel/framework/src/Illuminate/Routing/Pipeline.php(53): Illuminate\Pipeline\Pipeline->Illuminate\Pipeline\{closure}(Object(Illuminate\Http\Request))
#35 /home/af313538/bigsales.pro/www/vendor/laravel/framework/src/Illuminate/Cookie/Middleware/AddQueuedCookiesToResponse.php(37): Illuminate\Routing\Pipeline->Illuminate\Routing\{closure}(Object(Illuminate\Http\Request))
#36 /home/af313538/bigsales.pro/www/vendor/laravel/framework/src/Illuminate/Pipeline/Pipeline.php(148): Illuminate\Cookie\Middleware\AddQueuedCookiesToResponse->handle(Object(Illuminate\Http\Request), Object(Closure))
#37 /home/af313538/bigsales.pro/www/vendor/laravel/framework/src/Illuminate/Routing/Pipeline.php(53): Illuminate\Pipeline\Pipeline->Illuminate\Pipeline\{closure}(Object(Illuminate\Http\Request))
#38 /home/af313538/bigsales.pro/www/vendor/laravel/framework/src/Illuminate/Cookie/Middleware/EncryptCookies.php(59): Illuminate\Routing\Pipeline->Illuminate\Routing\{closure}(Object(Illuminate\Http\Request))
#39 /home/af313538/bigsales.pro/www/vendor/laravel/framework/src/Illuminate/Pipeline/Pipeline.php(148): Illuminate\Cookie\Middleware\EncryptCookies->handle(Object(Illuminate\Http\Request), Object(Closure))
#40 /home/af313538/bigsales.pro/www/vendor/laravel/framework/src/Illuminate/Routing/Pipeline.php(53): Illuminate\Pipeline\Pipeline->Illuminate\Pipeline\{closure}(Object(Illuminate\Http\Request))
#41 /home/af313538/bigsales.pro/www/vendor/laravel/framework/src/Illuminate/Pipeline/Pipeline.php(102): Illuminate\Routing\Pipeline->Illuminate\Routing\{closure}(Object(Illuminate\Http\Request))
#42 /home/af313538/bigsales.pro/www/vendor/laravel/framework/src/Illuminate/Routing/Router.php(574): Illuminate\Pipeline\Pipeline->then(Object(Closure))
#43 /home/af313538/bigsales.pro/www/vendor/laravel/framework/src/Illuminate/Routing/Router.php(533): Illuminate\Routing\Router->runRouteWithinStack(Object(Illuminate\Routing\Route), Object(Illuminate\Http\Request))
#44 /home/af313538/bigsales.pro/www/vendor/laravel/framework/src/Illuminate/Routing/Router.php(511): Illuminate\Routing\Router->dispatchToRoute(Object(Illuminate\Http\Request))
#45 /home/af313538/bigsales.pro/www/vendor/laravel/framework/src/Illuminate/Foundation/Http/Kernel.php(176): Illuminate\Routing\Router->dispatch(Object(Illuminate\Http\Request))
#46 /home/af313538/bigsales.pro/www/vendor/laravel/framework/src/Illuminate/Routing/Pipeline.php(30): Illuminate\Foundation\Http\Kernel->Illuminate\Foundation\Http\{closure}(Object(Illuminate\Http\Request))
#47 /home/af313538/bigsales.pro/www/vendor/laravel/framework/src/Illuminate/Foundation/Http/Middleware/TransformsRequest.php(30): Illuminate\Routing\Pipeline->Illuminate\Routing\{closure}(Object(Illuminate\Http\Request))
#48 /home/af313538/bigsales.pro/www/vendor/laravel/framework/src/Illuminate/Pipeline/Pipeline.php(148): Illuminate\Foundation\Http\Middleware\TransformsRequest->handle(Object(Illuminate\Http\Request), Object(Closure))
#49 /home/af313538/bigsales.pro/www/vendor/laravel/framework/src/Illuminate/Routing/Pipeline.php(53): Illuminate\Pipeline\Pipeline->Illuminate\Pipeline\{closure}(Object(Illuminate\Http\Request))
#50 /home/af313538/bigsales.pro/www/vendor/laravel/framework/src/Illuminate/Foundation/Http/Middleware/TransformsRequest.php(30): Illuminate\Routing\Pipeline->Illuminate\Routing\{closure}(Object(Illuminate\Http\Request))
#51 /home/af313538/bigsales.pro/www/vendor/laravel/framework/src/Illuminate/Pipeline/Pipeline.php(148): Illuminate\Foundation\Http\Middleware\TransformsRequest->handle(Object(Illuminate\Http\Request), Object(Closure))
#52 /home/af313538/bigsales.pro/www/vendor/laravel/framework/src/Illuminate/Routing/Pipeline.php(53): Illuminate\Pipeline\Pipeline->Illuminate\Pipeline\{closure}(Object(Illuminate\Http\Request))
#53 /home/af313538/bigsales.pro/www/vendor/laravel/framework/src/Illuminate/Foundation/Http/Middleware/ValidatePostSize.php(27): Illuminate\Routing\Pipeline->Illuminate\Routing\{closure}(Object(Illuminate\Http\Request))
#54 /home/af313538/bigsales.pro/www/vendor/laravel/framework/src/Illuminate/Pipeline/Pipeline.php(148): Illuminate\Foundation\Http\Middleware\ValidatePostSize->handle(Object(Illuminate\Http\Request), Object(Closure))
#55 /home/af313538/bigsales.pro/www/vendor/laravel/framework/src/Illuminate/Routing/Pipeline.php(53): Illuminate\Pipeline\Pipeline->Illuminate\Pipeline\{closure}(Object(Illuminate\Http\Request))
#56 /home/af313538/bigsales.pro/www/vendor/laravel/framework/src/Illuminate/Foundation/Http/Middleware/CheckForMaintenanceMode.php(46): Illuminate\Routing\Pipeline->Illuminate\Routing\{closure}(Object(Illuminate\Http\Request))
#57 /home/af313538/bigsales.pro/www/vendor/laravel/framework/src/Illuminate/Pipeline/Pipeline.php(148): Illuminate\Foundation\Http\Middleware\CheckForMaintenanceMode->handle(Object(Illuminate\Http\Request), Object(Closure))
#58 /home/af313538/bigsales.pro/www/vendor/laravel/framework/src/Illuminate/Routing/Pipeline.php(53): Illuminate\Pipeline\Pipeline->Illuminate\Pipeline\{closure}(Object(Illuminate\Http\Request))
#59 /home/af313538/bigsales.pro/www/vendor/laravel/framework/src/Illuminate/Pipeline/Pipeline.php(102): Illuminate\Routing\Pipeline->Illuminate\Routing\{closure}(Object(Illuminate\Http\Request))
#60 /home/af313538/bigsales.pro/www/vendor/laravel/framework/src/Illuminate/Foundation/Http/Kernel.php(151): Illuminate\Pipeline\Pipeline->then(Object(Closure))
#61 /home/af313538/bigsales.pro/www/vendor/laravel/framework/src/Illuminate/Foundation/Http/Kernel.php(116): Illuminate\Foundation\Http\Kernel->sendRequestThroughRouter(Object(Illuminate\Http\Request))
#62 /home/af313538/bigsales.pro/www/public/index.php(54): Illuminate\Foundation\Http\Kernel->handle(Object(Illuminate\Http\Request))
#63 {main}  
[2020-03-24 21:10:02] prod.INFO: table maked success: count row:6 error:0  
[2020-03-24 21:20:03] prod.INFO: Нет id ссылки в настройках автообновления у компании с id:  128  
[2020-03-24 21:30:07] prod.INFO: Нет id ссылки в настройках автообновления у компании с id:  12  
[2020-03-24 21:30:07] prod.ERROR: exception 'Symfony\Component\Debug\Exception\FatalErrorException' with message 'Call to a member function delete() on null' in /home/af313538/bigsales.pro/www/app/Http/Controllers/CronController.php:523
Stack trace:
#0 {main}  
[2020-03-24 21:40:03] prod.INFO: Нет id ссылки в настройках автообновления у компании с id:  12  
[2020-03-24 21:40:03] prod.ERROR: exception 'Symfony\Component\Debug\Exception\FatalErrorException' with message 'Call to a member function delete() on null' in /home/af313538/bigsales.pro/www/app/Http/Controllers/CronController.php:523
Stack trace:
#0 {main}  
[2020-03-24 21:50:02] prod.INFO: Нет id ссылки в настройках автообновления у компании с id:  12  
[2020-03-24 22:00:04] prod.INFO: Нет id ссылки в настройках автообновления у компании с id:  12  
[2020-03-24 22:10:02] prod.INFO: Нет id ссылки в настройках автообновления у компании с id:  12  
[2020-03-24 22:20:03] prod.INFO:  company: 12  
[2020-03-24 22:20:03] prod.INFO: 1  
[2020-03-24 22:20:03] prod.INFO: Нет id ссылки в настройках автообновления у компании с id:  12  
[2020-03-24 22:30:04] prod.INFO: 14 company: 56  
[2020-03-24 22:30:04] prod.INFO:   
[2020-03-24 22:31:38] prod.INFO: id:56 Компания: Скай Трейд обновилась за 94.078869819641 секунд  
[2020-03-24 22:40:03] prod.INFO: 18 company: 40  
[2020-03-24 22:40:03] prod.INFO:   
[2020-03-24 22:48:37] prod.INFO: id:40 Компания: ФОП Балацький Святослав Романович обновилась за 514.48810720444 секунд  
[2020-03-24 23:10:02] prod.INFO: 12 company: 201  
[2020-03-24 23:10:02] prod.INFO:   
[2020-03-24 23:10:55] prod.INFO: id:201 Компания: Trend-Box обновилась за 52.931116104126 секунд  
[2020-03-24 23:33:45] prod.INFO: id:211 Компания: eLook обновилась за 822.4984099865 секунд  
[2020-03-24 23:40:51] prod.INFO: id:216 Компания: garnitur.plus обновилась за 49.145969152451 секунд  
[2020-03-24 23:57:17] prod.ERROR: exception 'GuzzleHttp\Exception\ConnectException' with message 'cURL error 52: Empty reply from server (see http://curl.haxx.se/libcurl/c/libcurl-errors.html)' in /home/af313538/bigsales.pro/www/vendor/guzzlehttp/guzzle/src/Handler/CurlFactory.php:185
Stack trace:
#0 /home/af313538/bigsales.pro/www/vendor/guzzlehttp/guzzle/src/Handler/CurlFactory.php(149): GuzzleHttp\Handler\CurlFactory::createRejection(Object(GuzzleHttp\Handler\EasyHandle), Array)
#1 /home/af313538/bigsales.pro/www/vendor/guzzlehttp/guzzle/src/Handler/CurlFactory.php(102): GuzzleHttp\Handler\CurlFactory::finishError(Object(GuzzleHttp\Handler\CurlHandler), Object(GuzzleHttp\Handler\EasyHandle), Object(GuzzleHttp\Handler\CurlFactory))
#2 /home/af313538/bigsales.pro/www/vendor/guzzlehttp/guzzle/src/Handler/CurlHandler.php(43): GuzzleHttp\Handler\CurlFactory::finish(Object(GuzzleHttp\Handler\CurlHandler), Object(GuzzleHttp\Handler\EasyHandle), Object(GuzzleHttp\Handler\CurlFactory))
#3 /home/af313538/bigsales.pro/www/vendor/guzzlehttp/guzzle/src/Handler/Proxy.php(28): GuzzleHttp\Handler\CurlHandler->__invoke(Object(GuzzleHttp\Psr7\Request), Array)
#4 /home/af313538/bigsales.pro/www/vendor/guzzlehttp/guzzle/src/Handler/Proxy.php(51): GuzzleHttp\Handler\Proxy::GuzzleHttp\Handler\{closure}(Object(GuzzleHttp\Psr7\Request), Array)
#5 /home/af313538/bigsales.pro/www/vendor/guzzlehttp/guzzle/src/PrepareBodyMiddleware.php(66): GuzzleHttp\Handler\Proxy::GuzzleHttp\Handler\{closure}(Object(GuzzleHttp\Psr7\Request), Array)
#6 /home/af313538/bigsales.pro/www/vendor/guzzlehttp/guzzle/src/Middleware.php(30): GuzzleHttp\PrepareBodyMiddleware->__invoke(Object(GuzzleHttp\Psr7\Request), Array)
#7 /home/af313538/bigsales.pro/www/vendor/guzzlehttp/guzzle/src/RedirectMiddleware.php(70): GuzzleHttp\Middleware::GuzzleHttp\{closure}(Object(GuzzleHttp\Psr7\Request), Array)
#8 /home/af313538/bigsales.pro/www/vendor/guzzlehttp/guzzle/src/Middleware.php(60): GuzzleHttp\RedirectMiddleware->__invoke(Object(GuzzleHttp\Psr7\Request), Array)
#9 /home/af313538/bigsales.pro/www/vendor/guzzlehttp/guzzle/src/HandlerStack.php(67): GuzzleHttp\Middleware::GuzzleHttp\{closure}(Object(GuzzleHttp\Psr7\Request), Array)
#10 /home/af313538/bigsales.pro/www/vendor/guzzlehttp/guzzle/src/Client.php(277): GuzzleHttp\HandlerStack->__invoke(Object(GuzzleHttp\Psr7\Request), Array)
#11 /home/af313538/bigsales.pro/www/vendor/guzzlehttp/guzzle/src/Client.php(125): GuzzleHttp\Client->transfer(Object(GuzzleHttp\Psr7\Request), Array)
#12 /home/af313538/bigsales.pro/www/vendor/guzzlehttp/guzzle/src/Client.php(131): GuzzleHttp\Client->requestAsync('POST', 'http://smart-pl...', Array)
#13 /home/af313538/bigsales.pro/www/app/Http/Controllers/Prom/AdminPromExternalController.php(104): GuzzleHttp\Client->request('POST', 'http://smart-pl...', Array)
#14 /home/af313538/bigsales.pro/www/app/Http/Controllers/Prom/AdminPromExternalController.php(68): App\Http\Controllers\Prom\AdminPromExternalController->herokuParsingPromItems('561')
#15 [internal function]: App\Http\Controllers\Prom\AdminPromExternalController->action(Object(Illuminate\Http\Request), '561')
#16 /home/af313538/bigsales.pro/www/vendor/laravel/framework/src/Illuminate/Routing/Controller.php(55): call_user_func_array(Array, Array)
#17 /home/af313538/bigsales.pro/www/vendor/laravel/framework/src/Illuminate/Routing/ControllerDispatcher.php(44): Illuminate\Routing\Controller->callAction('action', Array)
#18 /home/af313538/bigsales.pro/www/vendor/laravel/framework/src/Illuminate/Routing/Route.php(204): Illuminate\Routing\ControllerDispatcher->dispatch(Object(Illuminate\Routing\Route), Object(App\Http\Controllers\Prom\AdminPromExternalController), 'action')
#19 /home/af313538/bigsales.pro/www/vendor/laravel/framework/src/Illuminate/Routing/Route.php(160): Illuminate\Routing\Route->runController()
#20 /home/af313538/bigsales.pro/www/vendor/laravel/framework/src/Illuminate/Routing/Router.php(572): Illuminate\Routing\Route->run()
#21 /home/af313538/bigsales.pro/www/vendor/laravel/framework/src/Illuminate/Routing/Pipeline.php(30): Illuminate\Routing\Router->Illuminate\Routing\{closure}(Object(Illuminate\Http\Request))
#22 /home/af313538/bigsales.pro/www/app/Http/Middleware/Admin.php(24): Illuminate\Routing\Pipeline->Illuminate\Routing\{closure}(Object(Illuminate\Http\Request))
#23 /home/af313538/bigsales.pro/www/vendor/laravel/framework/src/Illuminate/Pipeline/Pipeline.php(148): App\Http\Middleware\Admin->handle(Object(Illuminate\Http\Request), Object(Closure))
#24 /home/af313538/bigsales.pro/www/vendor/laravel/framework/src/Illuminate/Routing/Pipeline.php(53): Illuminate\Pipeline\Pipeline->Illuminate\Pipeline\{closure}(Object(Illuminate\Http\Request))
#25 /home/af313538/bigsales.pro/www/app/Http/Middleware/UserActivity.php(26): Illuminate\Routing\Pipeline->Illuminate\Routing\{closure}(Object(Illuminate\Http\Request))
#26 /home/af313538/bigsales.pro/www/vendor/laravel/framework/src/Illuminate/Pipeline/Pipeline.php(148): App\Http\Middleware\UserActivity->handle(Object(Illuminate\Http\Request), Object(Closure))
#27 /home/af313538/bigsales.pro/www/vendor/laravel/framework/src/Illuminate/Routing/Pipeline.php(53): Illuminate\Pipeline\Pipeline->Illuminate\Pipeline\{closure}(Object(Illuminate\Http\Request))
#28 /home/af313538/bigsales.pro/www/vendor/laravel/framework/src/Illuminate/Routing/Middleware/SubstituteBindings.php(41): Illuminate\Routing\Pipeline->Illuminate\Routing\{closure}(Object(Illuminate\Http\Request))
#29 /home/af313538/bigsales.pro/www/vendor/laravel/framework/src/Illuminate/Pipeline/Pipeline.php(148): Illuminate\Routing\Middleware\SubstituteBindings->handle(Object(Illuminate\Http\Request), Object(Closure))
#30 /home/af313538/bigsales.pro/www/vendor/laravel/framework/src/Illuminate/Routing/Pipeline.php(53): Illuminate\Pipeline\Pipeline->Illuminate\Pipeline\{closure}(Object(Illuminate\Http\Request))
#31 /home/af313538/bigsales.pro/www/vendor/laravel/framework/src/Illuminate/Foundation/Http/Middleware/VerifyCsrfToken.php(65): Illuminate\Routing\Pipeline->Illuminate\Routing\{closure}(Object(Illuminate\Http\Request))
#32 /home/af313538/bigsales.pro/www/vendor/laravel/framework/src/Illuminate/Pipeline/Pipeline.php(148): Illuminate\Foundation\Http\Middleware\VerifyCsrfToken->handle(Object(Illuminate\Http\Request), Object(Closure))
#33 /home/af313538/bigsales.pro/www/vendor/laravel/framework/src/Illuminate/Routing/Pipeline.php(53): Illuminate\Pipeline\Pipeline->Illuminate\Pipeline\{closure}(Object(Illuminate\Http\Request))
#34 /home/af313538/bigsales.pro/www/vendor/laravel/framework/src/Illuminate/View/Middleware/ShareErrorsFromSession.php(49): Illuminate\Routing\Pipeline->Illuminate\Routing\{closure}(Object(Illuminate\Http\Request))
#35 /home/af313538/bigsales.pro/www/vendor/laravel/framework/src/Illuminate/Pipeline/Pipeline.php(148): Illuminate\View\Middleware\ShareErrorsFromSession->handle(Object(Illuminate\Http\Request), Object(Closure))
#36 /home/af313538/bigsales.pro/www/vendor/laravel/framework/src/Illuminate/Routing/Pipeline.php(53): Illuminate\Pipeline\Pipeline->Illuminate\Pipeline\{closure}(Object(Illuminate\Http\Request))
#37 /home/af313538/bigsales.pro/www/vendor/laravel/framework/src/Illuminate/Session/Middleware/StartSession.php(64): Illuminate\Routing\Pipeline->Illuminate\Routing\{closure}(Object(Illuminate\Http\Request))
#38 /home/af313538/bigsales.pro/www/vendor/laravel/framework/src/Illuminate/Pipeline/Pipeline.php(148): Illuminate\Session\Middleware\StartSession->handle(Object(Illuminate\Http\Request), Object(Closure))
#39 /home/af313538/bigsales.pro/www/vendor/laravel/framework/src/Illuminate/Routing/Pipeline.php(53): Illuminate\Pipeline\Pipeline->Illuminate\Pipeline\{closure}(Object(Illuminate\Http\Request))
#40 /home/af313538/bigsales.pro/www/vendor/laravel/framework/src/Illuminate/Cookie/Middleware/AddQueuedCookiesToResponse.php(37): Illuminate\Routing\Pipeline->Illuminate\Routing\{closure}(Object(Illuminate\Http\Request))
#41 /home/af313538/bigsales.pro/www/vendor/laravel/framework/src/Illuminate/Pipeline/Pipeline.php(148): Illuminate\Cookie\Middleware\AddQueuedCookiesToResponse->handle(Object(Illuminate\Http\Request), Object(Closure))
#42 /home/af313538/bigsales.pro/www/vendor/laravel/framework/src/Illuminate/Routing/Pipeline.php(53): Illuminate\Pipeline\Pipeline->Illuminate\Pipeline\{closure}(Object(Illuminate\Http\Request))
#43 /home/af313538/bigsales.pro/www/vendor/laravel/framework/src/Illuminate/Cookie/Middleware/EncryptCookies.php(59): Illuminate\Routing\Pipeline->Illuminate\Routing\{closure}(Object(Illuminate\Http\Request))
#44 /home/af313538/bigsales.pro/www/vendor/laravel/framework/src/Illuminate/Pipeline/Pipeline.php(148): Illuminate\Cookie\Middleware\EncryptCookies->handle(Object(Illuminate\Http\Request), Object(Closure))
#45 /home/af313538/bigsales.pro/www/vendor/laravel/framework/src/Illuminate/Routing/Pipeline.php(53): Illuminate\Pipeline\Pipeline->Illuminate\Pipeline\{closure}(Object(Illuminate\Http\Request))
#46 /home/af313538/bigsales.pro/www/vendor/laravel/framework/src/Illuminate/Pipeline/Pipeline.php(102): Illuminate\Routing\Pipeline->Illuminate\Routing\{closure}(Object(Illuminate\Http\Request))
#47 /home/af313538/bigsales.pro/www/vendor/laravel/framework/src/Illuminate/Routing/Router.php(574): Illuminate\Pipeline\Pipeline->then(Object(Closure))
#48 /home/af313538/bigsales.pro/www/vendor/laravel/framework/src/Illuminate/Routing/Router.php(533): Illuminate\Routing\Router->runRouteWithinStack(Object(Illuminate\Routing\Route), Object(Illuminate\Http\Request))
#49 /home/af313538/bigsales.pro/www/vendor/laravel/framework/src/Illuminate/Routing/Router.php(511): Illuminate\Routing\Router->dispatchToRoute(Object(Illuminate\Http\Request))
#50 /home/af313538/bigsales.pro/www/vendor/laravel/framework/src/Illuminate/Foundation/Http/Kernel.php(176): Illuminate\Routing\Router->dispatch(Object(Illuminate\Http\Request))
#51 /home/af313538/bigsales.pro/www/vendor/laravel/framework/src/Illuminate/Routing/Pipeline.php(30): Illuminate\Foundation\Http\Kernel->Illuminate\Foundation\Http\{closure}(Object(Illuminate\Http\Request))
#52 /home/af313538/bigsales.pro/www/vendor/laravel/framework/src/Illuminate/Foundation/Http/Middleware/TransformsRequest.php(30): Illuminate\Routing\Pipeline->Illuminate\Routing\{closure}(Object(Illuminate\Http\Request))
#53 /home/af313538/bigsales.pro/www/vendor/laravel/framework/src/Illuminate/Pipeline/Pipeline.php(148): Illuminate\Foundation\Http\Middleware\TransformsRequest->handle(Object(Illuminate\Http\Request), Object(Closure))
#54 /home/af313538/bigsales.pro/www/vendor/laravel/framework/src/Illuminate/Routing/Pipeline.php(53): Illuminate\Pipeline\Pipeline->Illuminate\Pipeline\{closure}(Object(Illuminate\Http\Request))
#55 /home/af313538/bigsales.pro/www/vendor/laravel/framework/src/Illuminate/Foundation/Http/Middleware/TransformsRequest.php(30): Illuminate\Routing\Pipeline->Illuminate\Routing\{closure}(Object(Illuminate\Http\Request))
#56 /home/af313538/bigsales.pro/www/vendor/laravel/framework/src/Illuminate/Pipeline/Pipeline.php(148): Illuminate\Foundation\Http\Middleware\TransformsRequest->handle(Object(Illuminate\Http\Request), Object(Closure))
#57 /home/af313538/bigsales.pro/www/vendor/laravel/framework/src/Illuminate/Routing/Pipeline.php(53): Illuminate\Pipeline\Pipeline->Illuminate\Pipeline\{closure}(Object(Illuminate\Http\Request))
#58 /home/af313538/bigsales.pro/www/vendor/laravel/framework/src/Illuminate/Foundation/Http/Middleware/ValidatePostSize.php(27): Illuminate\Routing\Pipeline->Illuminate\Routing\{closure}(Object(Illuminate\Http\Request))
#59 /home/af313538/bigsales.pro/www/vendor/laravel/framework/src/Illuminate/Pipeline/Pipeline.php(148): Illuminate\Foundation\Http\Middleware\ValidatePostSize->handle(Object(Illuminate\Http\Request), Object(Closure))
#60 /home/af313538/bigsales.pro/www/vendor/laravel/framework/src/Illuminate/Routing/Pipeline.php(53): Illuminate\Pipeline\Pipeline->Illuminate\Pipeline\{closure}(Object(Illuminate\Http\Request))
#61 /home/af313538/bigsales.pro/www/vendor/laravel/framework/src/Illuminate/Foundation/Http/Middleware/CheckForMaintenanceMode.php(46): Illuminate\Routing\Pipeline->Illuminate\Routing\{closure}(Object(Illuminate\Http\Request))
#62 /home/af313538/bigsales.pro/www/vendor/laravel/framework/src/Illuminate/Pipeline/Pipeline.php(148): Illuminate\Foundation\Http\Middleware\CheckForMaintenanceMode->handle(Object(Illuminate\Http\Request), Object(Closure))
#63 /home/af313538/bigsales.pro/www/vendor/laravel/framework/src/Illuminate/Routing/Pipeline.php(53): Illuminate\Pipeline\Pipeline->Illuminate\Pipeline\{closure}(Object(Illuminate\Http\Request))
#64 /home/af313538/bigsales.pro/www/vendor/laravel/framework/src/Illuminate/Pipeline/Pipeline.php(102): Illuminate\Routing\Pipeline->Illuminate\Routing\{closure}(Object(Illuminate\Http\Request))
#65 /home/af313538/bigsales.pro/www/vendor/laravel/framework/src/Illuminate/Foundation/Http/Kernel.php(151): Illuminate\Pipeline\Pipeline->then(Object(Closure))
#66 /home/af313538/bigsales.pro/www/vendor/laravel/framework/src/Illuminate/Foundation/Http/Kernel.php(116): Illuminate\Foundation\Http\Kernel->sendRequestThroughRouter(Object(Illuminate\Http\Request))
#67 /home/af313538/bigsales.pro/www/public/index.php(54): Illuminate\Foundation\Http\Kernel->handle(Object(Illuminate\Http\Request))
#68 {main}  
