[2020-04-15 20:30:04] prod.INFO: удалено из таблицы для бэкапа 2343 товаров у компании с id:56  
[2020-04-15 20:30:06] prod.INFO: состояние зафиксировано в таблице успешно 2343 товаров у компании :56  
[2020-04-15 20:30:06] prod.INFO: удалено из таблицы для бэкапа 3592 товаров у компании с id:64  
[2020-04-15 20:30:11] prod.INFO: состояние зафиксировано в таблице успешно 3592 товаров у компании :64  
[2020-04-15 20:30:11] prod.INFO: удалено из таблицы для бэкапа 135 товаров у компании с id:102  
[2020-04-15 20:30:11] prod.INFO: состояние зафиксировано в таблице успешно 135 товаров у компании :102  
[2020-04-15 20:30:11] prod.INFO: удалено из таблицы для бэкапа 1491 товаров у компании с id:128  
[2020-04-15 20:30:12] prod.INFO: состояние зафиксировано в таблице успешно 1491 товаров у компании :128  
[2020-04-15 20:30:12] prod.INFO: удалено из таблицы для бэкапа 708 товаров у компании с id:180  
[2020-04-15 20:30:12] prod.INFO: состояние зафиксировано в таблице успешно 708 товаров у компании :180  
[2020-04-15 20:30:12] prod.INFO: удалено из таблицы для бэкапа 443 товаров у компании с id:188  
[2020-04-15 20:30:12] prod.INFO: состояние зафиксировано в таблице успешно 443 товаров у компании :188  
[2020-04-15 20:30:12] prod.INFO: удалено из таблицы для бэкапа 1018 товаров у компании с id:201  
[2020-04-15 20:30:13] prod.INFO: состояние зафиксировано в таблице успешно 1018 товаров у компании :201  
[2020-04-15 20:30:13] prod.INFO: удалено из таблицы для бэкапа 797 товаров у компании с id:207  
[2020-04-15 20:30:13] prod.INFO: состояние зафиксировано в таблице успешно 797 товаров у компании :207  
[2020-04-15 20:30:13] prod.INFO: удалено из таблицы для бэкапа 6087 товаров у компании с id:211  
[2020-04-15 20:30:31] prod.INFO: состояние зафиксировано в таблице успешно 6087 товаров у компании :211  
[2020-04-15 20:30:31] prod.INFO: удалено из таблицы для бэкапа 943 товаров у компании с id:216  
[2020-04-15 20:30:32] prod.INFO: состояние зафиксировано в таблице успешно 943 товаров у компании :216  
[2020-04-15 20:30:32] prod.INFO: удалено из таблицы для бэкапа 3314 товаров у компании с id:218  
[2020-04-15 20:30:36] prod.INFO: состояние зафиксировано в таблице успешно 3314 товаров у компании :218  
[2020-04-15 20:30:36] prod.INFO: удалено из таблицы для бэкапа 3798 товаров у компании с id:222  
[2020-04-15 20:30:43] prod.INFO: состояние зафиксировано в таблице успешно 3798 товаров у компании :222  
[2020-04-15 20:30:43] prod.INFO: удалено из таблицы для бэкапа 284 товаров у компании с id:246  
[2020-04-15 20:30:43] prod.INFO: состояние зафиксировано в таблице успешно 284 товаров у компании :246  
[2020-04-15 21:10:07] prod.INFO: table maked success: count row:10 error:0  
[2020-04-15 21:20:03] prod.INFO: у компании с id : 246 Данные в файле не обновлялись после 2020-04-10 21:20:17  
[2020-04-15 21:20:03] prod.INFO: id:246 Компания: Престиж обновилась за 1.0250091552734 секунд  
[2020-04-15 21:30:35] prod.INFO: у компании с id : 222 Данные в файле не обновлялись после   
[2020-04-15 21:30:35] prod.INFO: id:222 Компания: Luxyart обновилась за 27.445360898972 секунд  
[2020-04-15 21:41:04] prod.INFO: id:218 Компания: Sport Nutrition Ukraine обновилась за 60.64688706398 секунд  
[2020-04-15 21:50:55] prod.INFO: id:216 Компания: garnitur.plus обновилась за 53.080066204071 секунд  
[2020-04-15 22:15:30] prod.INFO: xml сформирован за:  0.011802196502686 секунд  
[2020-04-15 22:15:30] prod.INFO: id:211 Компания: eLook обновилась за 926.46744704247 секунд  
[2020-04-15 22:20:43] prod.INFO: id:207 Компания: BAGS COMPANY обновилась за 40.700925111771 секунд  
[2020-04-15 22:31:00] prod.INFO: xml сформирован за:  0.012290000915527 секунд  
[2020-04-15 22:31:00] prod.INFO: id:201 Компания: Trend-Box обновилась за 55.588431835175 секунд  
[2020-04-15 22:40:22] prod.INFO: id:180 Компания: Planeta Hobby обновилась за 19.133047819138 секунд  
[2020-04-15 23:01:46] prod.INFO: xml сформирован за:  0.020931005477905 секунд  
[2020-04-15 23:01:46] prod.INFO: id:64 Компания: бленда-шоп обновилась за 704.0937359333 секунд  
[2020-04-15 23:11:44] prod.INFO: id:56 Компания: Скай Трейд обновилась за 101.72546601295 секунд  
[2020-04-15 23:20:03] prod.INFO: all companies  updated. This work cron  
[2020-04-15 23:30:05] prod.INFO: all companies  updated. This work cron  
[2020-04-15 23:40:02] prod.INFO: all companies  updated. This work cron  
[2020-04-15 23:50:03] prod.INFO: all companies  updated. This work cron  
