[2020-04-19 20:30:03] prod.INFO: удалено из таблицы для бэкапа 2343 товаров у компании с id:56  
[2020-04-19 20:30:05] prod.INFO: состояние зафиксировано в таблице успешно 2343 товаров у компании :56  
[2020-04-19 20:30:05] prod.INFO: удалено из таблицы для бэкапа 3592 товаров у компании с id:64  
[2020-04-19 20:30:09] prod.INFO: состояние зафиксировано в таблице успешно 3592 товаров у компании :64  
[2020-04-19 20:30:09] prod.INFO: удалено из таблицы для бэкапа 135 товаров у компании с id:102  
[2020-04-19 20:30:09] prod.INFO: состояние зафиксировано в таблице успешно 135 товаров у компании :102  
[2020-04-19 20:30:09] prod.INFO: удалено из таблицы для бэкапа 1491 товаров у компании с id:128  
[2020-04-19 20:30:10] prod.INFO: состояние зафиксировано в таблице успешно 1491 товаров у компании :128  
[2020-04-19 20:30:11] prod.INFO: удалено из таблицы для бэкапа 708 товаров у компании с id:180  
[2020-04-19 20:30:11] prod.INFO: состояние зафиксировано в таблице успешно 708 товаров у компании :180  
[2020-04-19 20:30:11] prod.INFO: удалено из таблицы для бэкапа 443 товаров у компании с id:188  
[2020-04-19 20:30:11] prod.INFO: состояние зафиксировано в таблице успешно 443 товаров у компании :188  
[2020-04-19 20:30:11] prod.INFO: удалено из таблицы для бэкапа 1020 товаров у компании с id:201  
[2020-04-19 20:30:11] prod.INFO: состояние зафиксировано в таблице успешно 1020 товаров у компании :201  
[2020-04-19 20:30:12] prod.INFO: удалено из таблицы для бэкапа 797 товаров у компании с id:207  
[2020-04-19 20:30:12] prod.INFO: состояние зафиксировано в таблице успешно 797 товаров у компании :207  
[2020-04-19 20:30:13] prod.INFO: удалено из таблицы для бэкапа 6087 товаров у компании с id:211  
[2020-04-19 20:30:25] prod.INFO: состояние зафиксировано в таблице успешно 6087 товаров у компании :211  
[2020-04-19 20:30:25] prod.INFO: удалено из таблицы для бэкапа 943 товаров у компании с id:216  
[2020-04-19 20:30:25] prod.INFO: состояние зафиксировано в таблице успешно 943 товаров у компании :216  
[2020-04-19 20:30:26] prod.INFO: удалено из таблицы для бэкапа 3314 товаров у компании с id:218  
[2020-04-19 20:30:29] prod.INFO: состояние зафиксировано в таблице успешно 3314 товаров у компании :218  
[2020-04-19 20:30:30] prod.INFO: удалено из таблицы для бэкапа 3798 товаров у компании с id:222  
[2020-04-19 20:30:35] prod.INFO: состояние зафиксировано в таблице успешно 3798 товаров у компании :222  
[2020-04-19 20:30:35] prod.INFO: удалено из таблицы для бэкапа 283 товаров у компании с id:246  
[2020-04-19 20:30:35] prod.INFO: состояние зафиксировано в таблице успешно 283 товаров у компании :246  
[2020-04-19 21:10:02] prod.INFO: table maked success: count row:10 error:0  
[2020-04-19 21:20:03] prod.INFO: у компании с id : 246 Данные в файле не обновлялись после 2020-04-17 21:20:15  
[2020-04-19 21:20:03] prod.INFO: id:246 Компания: Престиж обновилась за 1.6224780082703 секунд  
[2020-04-19 21:30:31] prod.INFO: у компании с id : 222 Данные в файле не обновлялись после   
[2020-04-19 21:30:31] prod.INFO: id:222 Компания: Luxyart обновилась за 27.630537986755 секунд  
[2020-04-19 21:40:57] prod.INFO: id:218 Компания: Sport Nutrition Ukraine обновилась за 54.573048114777 секунд  
[2020-04-19 21:50:51] prod.INFO: id:216 Компания: garnitur.plus обновилась за 49.277681827545 секунд  
[2020-04-19 22:15:18] prod.INFO: id:211 Компания: eLook обновилась за 906.32045912743 секунд  
[2020-04-19 22:20:38] prod.INFO: id:207 Компания: BAGS COMPANY обновилась за 35.215622186661 секунд  
[2020-04-19 22:30:03] prod.INFO: у компании с id : 201 Данные в файле не обновлялись после 2020-04-17 22:31:09  
[2020-04-19 22:30:03] prod.INFO: id:201 Компания: Trend-Box обновилась за 1.0478518009186 секунд  
[2020-04-19 22:40:19] prod.INFO: id:180 Компания: Planeta Hobby обновилась за 16.915266036987 секунд  
[2020-04-19 23:00:29] prod.INFO: id:64 Компания: бленда-шоп обновилась за 626.64180111885 секунд  
[2020-04-19 23:11:24] prod.INFO: id:56 Компания: Скай Трейд обновилась за 81.615426063538 секунд  
[2020-04-19 23:20:03] prod.INFO: all companies  updated. This work cron  
[2020-04-19 23:30:02] prod.INFO: all companies  updated. This work cron  
[2020-04-19 23:40:02] prod.INFO: all companies  updated. This work cron  
[2020-04-19 23:50:03] prod.INFO: all companies  updated. This work cron  
